[ 2017-11-12T00:00:37+08:00 ] 223.73.114.57 /favicon.ico
INFO: [ app_init ] --START--
INFO: Run Behavior\BuildLiteBehavior [ RunTime:0.000022s ]
INFO: [ app_init ] --END-- [ RunTime:0.000503s ]
ERR: 无法加载模块:Favicon

[ 2017-11-12T00:03:40+08:00 ] 180.149.143.152 /imageRepository/9af22bd7-c3ed-470f-8a68-02d614616243.jpg
INFO: [ app_init ] --START--
INFO: Run Behavior\BuildLiteBehavior [ RunTime:0.000021s ]
INFO: [ app_init ] --END-- [ RunTime:0.000467s ]
ERR: 无法加载模块:ImageRepository

[ 2017-11-12T00:08:03+08:00 ] 157.55.39.45 /solution_detail/productId=18.html
INFO: [ app_init ] --START--
INFO: Run Behavior\BuildLiteBehavior [ RunTime:0.000021s ]
INFO: [ app_init ] --END-- [ RunTime:0.000484s ]
ERR: 无法加载模块:Solution_detail

[ 2017-11-12T00:10:23+08:00 ] 123.126.113.129 /news_list/columnsId=48&newsCategoryId=4.html
INFO: [ app_init ] --START--
INFO: Run Behavior\BuildLiteBehavior [ RunTime:0.000022s ]
INFO: [ app_init ] --END-- [ RunTime:0.000483s ]
ERR: 无法加载模块:News_list

[ 2017-11-12T00:13:12+08:00 ] 203.208.60.224 /products_list/pmcId=205.html
INFO: [ app_init ] --START--
INFO: Run Behavior\BuildLiteBehavior [ RunTime:0.000022s ]
INFO: [ app_init ] --END-- [ RunTime:0.000509s ]
ERR: 无法加载模块:Products_list

[ 2017-11-12T00:27:24+08:00 ] 220.181.108.181 /technology_detail/productId=97.html
INFO: [ app_init ] --START--
INFO: Run Behavior\BuildLiteBehavior [ RunTime:0.000021s ]
INFO: [ app_init ] --END-- [ RunTime:0.000452s ]
ERR: 无法加载模块:Technology_detail

[ 2017-11-12T00:31:53+08:00 ] 157.55.39.249 /technology/i=15&comContentId=15.html
INFO: [ app_init ] --START--
INFO: Run Behavior\BuildLiteBehavior [ RunTime:0.000022s ]
INFO: [ app_init ] --END-- [ RunTime:0.000486s ]
ERR: 无法加载模块:Technology

[ 2017-11-12T00:55:29+08:00 ] 123.125.67.164 /robots.txt
INFO: [ app_init ] --START--
INFO: Run Behavior\BuildLiteBehavior [ RunTime:0.000021s ]
INFO: [ app_init ] --END-- [ RunTime:0.000481s ]
ERR: 无法加载模块:Robots

[ 2017-11-12T01:03:08+08:00 ] 40.77.167.78 /solution_list/pmcId=140.html
INFO: [ app_init ] --START--
INFO: Run Behavior\BuildLiteBehavior [ RunTime:0.000022s ]
INFO: [ app_init ] --END-- [ RunTime:0.000491s ]
ERR: 无法加载模块:Solution_list

[ 2017-11-12T01:15:05+08:00 ] 123.125.71.105 /products_list/pmcId=187.html
INFO: [ app_init ] --START--
INFO: Run Behavior\BuildLiteBehavior [ RunTime:0.000021s ]
INFO: [ app_init ] --END-- [ RunTime:0.000483s ]
ERR: 无法加载模块:Products_list

[ 2017-11-12T01:33:46+08:00 ] 36.102.228.16 /robots.txt
INFO: [ app_init ] --START--
INFO: Run Behavior\BuildLiteBehavior [ RunTime:0.000021s ]
INFO: [ app_init ] --END-- [ RunTime:0.000492s ]
ERR: 无法加载模块:Robots

[ 2017-11-12T01:38:58+08:00 ] 220.181.108.177 /technology_detail/productId=81.html
INFO: [ app_init ] --START--
INFO: Run Behavior\BuildLiteBehavior [ RunTime:0.000022s ]
INFO: [ app_init ] --END-- [ RunTime:0.000501s ]
ERR: 无法加载模块:Technology_detail

[ 2017-11-12T01:50:51+08:00 ] 157.55.39.165 /solution_list/pmcId=177.html
INFO: [ app_init ] --START--
INFO: Run Behavior\BuildLiteBehavior [ RunTime:0.000022s ]
INFO: [ app_init ] --END-- [ RunTime:0.000485s ]
ERR: 无法加载模块:Solution_list

[ 2017-11-12T01:57:39+08:00 ] 46.229.164.102 /robots.txt
INFO: [ app_init ] --START--
INFO: Run Behavior\BuildLiteBehavior [ RunTime:0.000022s ]
INFO: [ app_init ] --END-- [ RunTime:0.000481s ]
ERR: 无法加载模块:Robots

[ 2017-11-12T02:11:53+08:00 ] 157.55.39.249 /solution_list/pmcId=130.html
INFO: [ app_init ] --START--
INFO: Run Behavior\BuildLiteBehavior [ RunTime:0.000021s ]
INFO: [ app_init ] --END-- [ RunTime:0.000491s ]
ERR: 无法加载模块:Solution_list

[ 2017-11-12T02:18:00+08:00 ] 157.55.39.249 /solution_detail/productId=14.html
INFO: [ app_init ] --START--
INFO: Run Behavior\BuildLiteBehavior [ RunTime:0.000021s ]
INFO: [ app_init ] --END-- [ RunTime:0.000497s ]
ERR: 无法加载模块:Solution_detail

[ 2017-11-12T02:29:24+08:00 ] 223.17.45.27 /imageRepository/291b2a37-7f4f-42a4-8333-5db845ca8dfd.png
INFO: [ app_init ] --START--
INFO: Run Behavior\BuildLiteBehavior [ RunTime:0.000021s ]
INFO: [ app_init ] --END-- [ RunTime:0.000499s ]
ERR: 无法加载模块:ImageRepository

[ 2017-11-12T02:29:34+08:00 ] 40.77.167.78 /news_detail/newsId=84.html
INFO: [ app_init ] --START--
INFO: Run Behavior\BuildLiteBehavior [ RunTime:0.000022s ]
INFO: [ app_init ] --END-- [ RunTime:0.000496s ]
ERR: 无法加载模块:News_detail

[ 2017-11-12T03:00:01+08:00 ] 123.125.71.72 /comcontent_detail/i=41&comcontentid=41.html
INFO: [ app_init ] --START--
INFO: Run Behavior\BuildLiteBehavior [ RunTime:0.000020s ]
INFO: [ app_init ] --END-- [ RunTime:0.000458s ]
ERR: 无法加载模块:Comcontent_detail

[ 2017-11-12T03:01:34+08:00 ] 220.181.108.97 /mxocean/i=34&comcontentid=34.html
INFO: [ app_init ] --START--
INFO: Run Behavior\BuildLiteBehavior [ RunTime:0.000021s ]
INFO: [ app_init ] --END-- [ RunTime:0.000465s ]
ERR: 无法加载模块:Mxocean

[ 2017-11-12T03:07:03+08:00 ] 123.125.71.55 /news_detail/newsid=93.html
INFO: [ app_init ] --START--
INFO: Run Behavior\BuildLiteBehavior [ RunTime:0.000022s ]
INFO: [ app_init ] --END-- [ RunTime:0.000495s ]
ERR: 无法加载模块:News_detail

[ 2017-11-12T03:08:36+08:00 ] 123.125.71.73 /news_detail/newsid=92.html
INFO: [ app_init ] --START--
INFO: Run Behavior\BuildLiteBehavior [ RunTime:0.000021s ]
INFO: [ app_init ] --END-- [ RunTime:0.000469s ]
ERR: 无法加载模块:News_detail

[ 2017-11-12T03:10:08+08:00 ] 123.125.71.47 /technology/pmcid=142.html
INFO: [ app_init ] --START--
INFO: Run Behavior\BuildLiteBehavior [ RunTime:0.000021s ]
INFO: [ app_init ] --END-- [ RunTime:0.000496s ]
ERR: 无法加载模块:Technology

[ 2017-11-12T03:11:41+08:00 ] 123.125.71.115 /comcontent_detail/i=4&comcontentid=4.html
INFO: [ app_init ] --START--
INFO: Run Behavior\BuildLiteBehavior [ RunTime:0.000021s ]
INFO: [ app_init ] --END-- [ RunTime:0.000493s ]
ERR: 无法加载模块:Comcontent_detail

[ 2017-11-12T03:13:14+08:00 ] 220.181.108.110 /news_list/newscategoryid=7.html
INFO: [ app_init ] --START--
INFO: Run Behavior\BuildLiteBehavior [ RunTime:0.000022s ]
INFO: [ app_init ] --END-- [ RunTime:0.000501s ]
ERR: 无法加载模块:News_list

[ 2017-11-12T03:14:46+08:00 ] 220.181.108.175 /mxocean.html
INFO: [ app_init ] --START--
INFO: Run Behavior\BuildLiteBehavior [ RunTime:0.000022s ]
INFO: [ app_init ] --END-- [ RunTime:0.000491s ]
ERR: 无法加载模块:Mxocean

[ 2017-11-12T03:16:19+08:00 ] 220.181.108.163 /cases_list.html
INFO: [ app_init ] --START--
INFO: Run Behavior\BuildLiteBehavior [ RunTime:0.000021s ]
INFO: [ app_init ] --END-- [ RunTime:0.000478s ]
ERR: 无法加载模块:Cases_list

[ 2017-11-12T03:19:24+08:00 ] 123.125.71.110 /comcontent_detail.html
INFO: [ app_init ] --START--
INFO: Run Behavior\BuildLiteBehavior [ RunTime:0.000020s ]
INFO: [ app_init ] --END-- [ RunTime:0.000452s ]
ERR: 无法加载模块:Comcontent_detail

[ 2017-11-12T03:22:29+08:00 ] 123.125.71.77 /news_list/columnsid=49&newscategoryid=5.html
INFO: [ app_init ] --START--
INFO: Run Behavior\BuildLiteBehavior [ RunTime:0.000021s ]
INFO: [ app_init ] --END-- [ RunTime:0.000458s ]
ERR: 无法加载模块:News_list

[ 2017-11-12T03:25:35+08:00 ] 123.125.71.41 /qianyan_list/pmcid=194.html
INFO: [ app_init ] --START--
INFO: Run Behavior\BuildLiteBehavior [ RunTime:0.000023s ]
INFO: [ app_init ] --END-- [ RunTime:0.000505s ]
ERR: 无法加载模块:Qianyan_list

[ 2017-11-12T03:27:07+08:00 ] 123.125.71.60 /news_detail/newsid=87.html
INFO: [ app_init ] --START--
INFO: Run Behavior\BuildLiteBehavior [ RunTime:0.000021s ]
INFO: [ app_init ] --END-- [ RunTime:0.000485s ]
ERR: 无法加载模块:News_detail

[ 2017-11-12T03:27:27+08:00 ] 106.11.154.188 /technology/pmcId=141.html
INFO: [ app_init ] --START--
INFO: Run Behavior\BuildLiteBehavior [ RunTime:0.000022s ]
INFO: [ app_init ] --END-- [ RunTime:0.000485s ]
ERR: 无法加载模块:Technology

[ 2017-11-12T03:28:40+08:00 ] 123.125.71.39 /news_detail/newsid=90.html
INFO: [ app_init ] --START--
INFO: Run Behavior\BuildLiteBehavior [ RunTime:0.000021s ]
INFO: [ app_init ] --END-- [ RunTime:0.000487s ]
ERR: 无法加载模块:News_detail

[ 2017-11-12T03:30:13+08:00 ] 220.181.108.187 /comcontent_detail/i=2&comcontentid=2.html
INFO: [ app_init ] --START--
INFO: Run Behavior\BuildLiteBehavior [ RunTime:0.000021s ]
INFO: [ app_init ] --END-- [ RunTime:0.000489s ]
ERR: 无法加载模块:Comcontent_detail

[ 2017-11-12T03:31:45+08:00 ] 123.125.71.56 /cases_list/pmcid=171.html
INFO: [ app_init ] --START--
INFO: Run Behavior\BuildLiteBehavior [ RunTime:0.000022s ]
INFO: [ app_init ] --END-- [ RunTime:0.000492s ]
ERR: 无法加载模块:Cases_list

[ 2017-11-12T03:33:18+08:00 ] 123.125.71.71 /service_list/pmcid=234.html
INFO: [ app_init ] --START--
INFO: Run Behavior\BuildLiteBehavior [ RunTime:0.000022s ]
INFO: [ app_init ] --END-- [ RunTime:0.000506s ]
ERR: 无法加载模块:Service_list

[ 2017-11-12T03:34:51+08:00 ] 220.181.108.120 /mxocean/i=14&comcontentid=14.html
INFO: [ app_init ] --START--
INFO: Run Behavior\BuildLiteBehavior [ RunTime:0.000022s ]
INFO: [ app_init ] --END-- [ RunTime:0.000483s ]
ERR: 无法加载模块:Mxocean

[ 2017-11-12T03:36:23+08:00 ] 220.181.108.169 /news_detail/newsid=94.html
INFO: [ app_init ] --START--
INFO: Run Behavior\BuildLiteBehavior [ RunTime:0.000022s ]
INFO: [ app_init ] --END-- [ RunTime:0.000497s ]
ERR: 无法加载模块:News_detail

[ 2017-11-12T03:37:56+08:00 ] 123.125.71.84 /technology/pmcid=140.html
INFO: [ app_init ] --START--
INFO: Run Behavior\BuildLiteBehavior [ RunTime:0.000020s ]
INFO: [ app_init ] --END-- [ RunTime:0.000470s ]
ERR: 无法加载模块:Technology

[ 2017-11-12T03:39:29+08:00 ] 220.181.108.106 /news_detail/newsid=85.html
INFO: [ app_init ] --START--
INFO: Run Behavior\BuildLiteBehavior [ RunTime:0.000020s ]
INFO: [ app_init ] --END-- [ RunTime:0.000458s ]
ERR: 无法加载模块:News_detail

[ 2017-11-12T03:41:01+08:00 ] 220.181.108.119 /mxocean/i=13&comcontentid=13.html
INFO: [ app_init ] --START--
INFO: Run Behavior\BuildLiteBehavior [ RunTime:0.000021s ]
INFO: [ app_init ] --END-- [ RunTime:0.000493s ]
ERR: 无法加载模块:Mxocean

[ 2017-11-12T03:42:34+08:00 ] 123.125.71.111 /solution_list/pmcId=223.html
INFO: [ app_init ] --START--
INFO: Run Behavior\BuildLiteBehavior [ RunTime:0.000021s ]
INFO: [ app_init ] --END-- [ RunTime:0.000490s ]
ERR: 无法加载模块:Solution_list

[ 2017-11-12T03:45:39+08:00 ] 123.125.71.78 /mxocean_list/pmcId=222.html
INFO: [ app_init ] --START--
INFO: Run Behavior\BuildLiteBehavior [ RunTime:0.000021s ]
INFO: [ app_init ] --END-- [ RunTime:0.000499s ]
ERR: 无法加载模块:Mxocean_list

[ 2017-11-12T03:47:12+08:00 ] 220.181.108.106 /technology/pmcid=141.html
INFO: [ app_init ] --START--
INFO: Run Behavior\BuildLiteBehavior [ RunTime:0.000022s ]
INFO: [ app_init ] --END-- [ RunTime:0.000491s ]
ERR: 无法加载模块:Technology

[ 2017-11-12T03:48:45+08:00 ] 123.125.71.102 /service_list/pmcid=202.html
INFO: [ app_init ] --START--
INFO: Run Behavior\BuildLiteBehavior [ RunTime:0.000021s ]
INFO: [ app_init ] --END-- [ RunTime:0.000483s ]
ERR: 无法加载模块:Service_list

[ 2017-11-12T03:50:17+08:00 ] 220.181.108.109 /news_detail/newsid=88.html
INFO: [ app_init ] --START--
INFO: Run Behavior\BuildLiteBehavior [ RunTime:0.000021s ]
INFO: [ app_init ] --END-- [ RunTime:0.000497s ]
ERR: 无法加载模块:News_detail

[ 2017-11-12T03:53:23+08:00 ] 220.181.108.122 /service_list.html
INFO: [ app_init ] --START--
INFO: Run Behavior\BuildLiteBehavior [ RunTime:0.000025s ]
INFO: [ app_init ] --END-- [ RunTime:0.000503s ]
ERR: 无法加载模块:Service_list

[ 2017-11-12T03:54:55+08:00 ] 220.181.108.117 /service_list/pmcid=233.html
INFO: [ app_init ] --START--
INFO: Run Behavior\BuildLiteBehavior [ RunTime:0.000023s ]
INFO: [ app_init ] --END-- [ RunTime:0.000504s ]
ERR: 无法加载模块:Service_list

[ 2017-11-12T03:56:28+08:00 ] 220.181.108.180 /cases_list/columnsid=53&pmcid=145.html
INFO: [ app_init ] --START--
INFO: Run Behavior\BuildLiteBehavior [ RunTime:0.000020s ]
INFO: [ app_init ] --END-- [ RunTime:0.000455s ]
ERR: 无法加载模块:Cases_list

[ 2017-11-12T03:58:01+08:00 ] 123.125.71.36 /comcontent_detail/i=9&comcontentid=9.html
INFO: [ app_init ] --START--
INFO: Run Behavior\BuildLiteBehavior [ RunTime:0.000020s ]
INFO: [ app_init ] --END-- [ RunTime:0.000466s ]
ERR: 无法加载模块:Comcontent_detail

[ 2017-11-12T03:59:34+08:00 ] 220.181.108.117 /cases_list/pmcid=164.html
INFO: [ app_init ] --START--
INFO: Run Behavior\BuildLiteBehavior [ RunTime:0.000022s ]
INFO: [ app_init ] --END-- [ RunTime:0.000499s ]
ERR: 无法加载模块:Cases_list

[ 2017-11-12T04:01:06+08:00 ] 123.125.71.88 /mxocean/i=10&comcontentid=10.html
INFO: [ app_init ] --START--
INFO: Run Behavior\BuildLiteBehavior [ RunTime:0.000021s ]
INFO: [ app_init ] --END-- [ RunTime:0.000485s ]
ERR: 无法加载模块:Mxocean

[ 2017-11-12T04:04:34+08:00 ] 123.125.71.33 /index.html
INFO: [ app_init ] --START--
INFO: Run Behavior\BuildLiteBehavior [ RunTime:0.000022s ]
INFO: [ app_init ] --END-- [ RunTime:0.000495s ]
ERR: 无法加载模块:Index

[ 2017-11-12T04:06:06+08:00 ] 123.125.71.105 /solution_list/pmcid=187.html
INFO: [ app_init ] --START--
INFO: Run Behavior\BuildLiteBehavior [ RunTime:0.000021s ]
INFO: [ app_init ] --END-- [ RunTime:0.000491s ]
ERR: 无法加载模块:Solution_list

[ 2017-11-12T04:07:37+08:00 ] 123.125.71.106 /mxocean/i=12&comContentId=12.html
INFO: [ app_init ] --START--
INFO: Run Behavior\BuildLiteBehavior [ RunTime:0.000022s ]
INFO: [ app_init ] --END-- [ RunTime:0.000481s ]
ERR: 无法加载模块:Mxocean

[ 2017-11-12T04:11:57+08:00 ] 123.125.71.91 /comcontent_detail/i=40&comcontentid=40.html
INFO: [ app_init ] --START--
INFO: Run Behavior\BuildLiteBehavior [ RunTime:0.000021s ]
INFO: [ app_init ] --END-- [ RunTime:0.000488s ]
ERR: 无法加载模块:Comcontent_detail

[ 2017-11-12T04:15:00+08:00 ] 220.181.108.109 /cases_list/pmcid=182.html
INFO: [ app_init ] --START--
INFO: Run Behavior\BuildLiteBehavior [ RunTime:0.000022s ]
INFO: [ app_init ] --END-- [ RunTime:0.000487s ]
ERR: 无法加载模块:Cases_list

[ 2017-11-12T04:18:03+08:00 ] 123.125.71.85 /qianyan_list.html
INFO: [ app_init ] --START--
INFO: Run Behavior\BuildLiteBehavior [ RunTime:0.000020s ]
INFO: [ app_init ] --END-- [ RunTime:0.000464s ]
ERR: 无法加载模块:Qianyan_list

[ 2017-11-12T04:19:34+08:00 ] 123.125.71.80 /news_list/columnsid=48&newscategoryid=4.html
INFO: [ app_init ] --START--
INFO: Run Behavior\BuildLiteBehavior [ RunTime:0.000022s ]
INFO: [ app_init ] --END-- [ RunTime:0.000493s ]
ERR: 无法加载模块:News_list

[ 2017-11-12T04:20:15+08:00 ] 157.55.39.45 /solution_list/pmcId=209.html
INFO: [ app_init ] --START--
INFO: Run Behavior\BuildLiteBehavior [ RunTime:0.000022s ]
INFO: [ app_init ] --END-- [ RunTime:0.000500s ]
ERR: 无法加载模块:Solution_list

[ 2017-11-12T04:22:37+08:00 ] 220.181.108.183 /technology/pmcid=174.html
INFO: [ app_init ] --START--
INFO: Run Behavior\BuildLiteBehavior [ RunTime:0.000021s ]
INFO: [ app_init ] --END-- [ RunTime:0.000485s ]
ERR: 无法加载模块:Technology

[ 2017-11-12T04:24:09+08:00 ] 220.181.108.155 /solution_list/pmcid=189.html
INFO: [ app_init ] --START--
INFO: Run Behavior\BuildLiteBehavior [ RunTime:0.000022s ]
INFO: [ app_init ] --END-- [ RunTime:0.000477s ]
ERR: 无法加载模块:Solution_list

[ 2017-11-12T04:25:41+08:00 ] 123.125.71.77 /cases_list/columnsid=52&pmcid=144.html
INFO: [ app_init ] --START--
INFO: Run Behavior\BuildLiteBehavior [ RunTime:0.000030s ]
INFO: [ app_init ] --END-- [ RunTime:0.000466s ]
ERR: 无法加载模块:Cases_list

[ 2017-11-12T04:27:12+08:00 ] 123.125.71.47 /news_detail/newsid=86.html
INFO: [ app_init ] --START--
INFO: Run Behavior\BuildLiteBehavior [ RunTime:0.000022s ]
INFO: [ app_init ] --END-- [ RunTime:0.000482s ]
ERR: 无法加载模块:News_detail

[ 2017-11-12T04:28:44+08:00 ] 220.181.108.116 /technology.html
INFO: [ app_init ] --START--
INFO: Run Behavior\BuildLiteBehavior [ RunTime:0.000021s ]
INFO: [ app_init ] --END-- [ RunTime:0.000492s ]
ERR: 无法加载模块:Technology

[ 2017-11-12T04:30:15+08:00 ] 220.181.108.122 /qianyan_list/pmcid=195.html
INFO: [ app_init ] --START--
INFO: Run Behavior\BuildLiteBehavior [ RunTime:0.000018s ]
INFO: [ app_init ] --END-- [ RunTime:0.000449s ]
ERR: 无法加载模块:Qianyan_list

[ 2017-11-12T04:30:55+08:00 ] 157.55.39.249 /cases_detail/productId=61.html
INFO: [ app_init ] --START--
INFO: Run Behavior\BuildLiteBehavior [ RunTime:0.000019s ]
INFO: [ app_init ] --END-- [ RunTime:0.000433s ]
ERR: 无法加载模块:Cases_detail

[ 2017-11-12T04:31:47+08:00 ] 220.181.108.175 /solution_list/pmcid=188.html
INFO: [ app_init ] --START--
INFO: Run Behavior\BuildLiteBehavior [ RunTime:0.000017s ]
INFO: [ app_init ] --END-- [ RunTime:0.000432s ]
ERR: 无法加载模块:Solution_list

[ 2017-11-12T04:33:18+08:00 ] 123.125.71.39 /mxocean/i=12&comcontentid=12.html
INFO: [ app_init ] --START--
INFO: Run Behavior\BuildLiteBehavior [ RunTime:0.000018s ]
INFO: [ app_init ] --END-- [ RunTime:0.000432s ]
ERR: 无法加载模块:Mxocean

[ 2017-11-12T04:34:50+08:00 ] 220.181.108.99 /mxocean_detail/productId=48.html
INFO: [ app_init ] --START--
INFO: Run Behavior\BuildLiteBehavior [ RunTime:0.000019s ]
INFO: [ app_init ] --END-- [ RunTime:0.000433s ]
ERR: 无法加载模块:Mxocean_detail

[ 2017-11-12T04:37:53+08:00 ] 123.125.71.88 /qianyan_list/pmcid=196.html
INFO: [ app_init ] --START--
INFO: Run Behavior\BuildLiteBehavior [ RunTime:0.000018s ]
INFO: [ app_init ] --END-- [ RunTime:0.000434s ]
ERR: 无法加载模块:Qianyan_list

[ 2017-11-12T04:39:24+08:00 ] 123.125.71.51 /service_list/pmcid=201.html
INFO: [ app_init ] --START--
INFO: Run Behavior\BuildLiteBehavior [ RunTime:0.000019s ]
INFO: [ app_init ] --END-- [ RunTime:0.000461s ]
ERR: 无法加载模块:Service_list

[ 2017-11-12T04:41:08+08:00 ] 106.11.154.188 /news_detail/newsId=52.html
INFO: [ app_init ] --START--
INFO: Run Behavior\BuildLiteBehavior [ RunTime:0.000017s ]
INFO: [ app_init ] --END-- [ RunTime:0.000407s ]
ERR: 无法加载模块:News_detail

[ 2017-11-12T04:41:47+08:00 ] 157.55.39.249 /technology_list/pmcId=144.html
INFO: [ app_init ] --START--
INFO: Run Behavior\BuildLiteBehavior [ RunTime:0.000017s ]
INFO: [ app_init ] --END-- [ RunTime:0.000425s ]
ERR: 无法加载模块:Technology_list

[ 2017-11-12T04:42:27+08:00 ] 220.181.108.177 /technology/pmcid=139.html
INFO: [ app_init ] --START--
INFO: Run Behavior\BuildLiteBehavior [ RunTime:0.000017s ]
INFO: [ app_init ] --END-- [ RunTime:0.000406s ]
ERR: 无法加载模块:Technology

[ 2017-11-12T04:42:35+08:00 ] 157.55.39.249 /inquiry_add.html
INFO: [ app_init ] --START--
INFO: Run Behavior\BuildLiteBehavior [ RunTime:0.000018s ]
INFO: [ app_init ] --END-- [ RunTime:0.000429s ]
ERR: 无法加载模块:Inquiry_add

[ 2017-11-12T04:43:59+08:00 ] 220.181.108.139 /news_detail/newsid=91.html
INFO: [ app_init ] --START--
INFO: Run Behavior\BuildLiteBehavior [ RunTime:0.000017s ]
INFO: [ app_init ] --END-- [ RunTime:0.000424s ]
ERR: 无法加载模块:News_detail

[ 2017-11-12T04:45:30+08:00 ] 123.125.71.96 /solution_list/pmcid=190.html
INFO: [ app_init ] --START--
INFO: Run Behavior\BuildLiteBehavior [ RunTime:0.000017s ]
INFO: [ app_init ] --END-- [ RunTime:0.000421s ]
ERR: 无法加载模块:Solution_list

[ 2017-11-12T04:46:09+08:00 ] 157.55.39.165 /mxocean/&i=11&comContentId=11.html
INFO: [ app_init ] --START--
INFO: Run Behavior\BuildLiteBehavior [ RunTime:0.000018s ]
INFO: [ app_init ] --END-- [ RunTime:0.000410s ]
ERR: 无法加载模块:Mxocean

[ 2017-11-12T04:53:07+08:00 ] 40.77.167.78 /imageRepository/1b00aa31-783d-4a40-90f6-2a3dae1cc5de.jpg
INFO: [ app_init ] --START--
INFO: Run Behavior\BuildLiteBehavior [ RunTime:0.000018s ]
INFO: [ app_init ] --END-- [ RunTime:0.000437s ]
ERR: 无法加载模块:ImageRepository

[ 2017-11-12T04:53:18+08:00 ] 220.181.108.123 /solution_list.html
INFO: [ app_init ] --START--
INFO: Run Behavior\BuildLiteBehavior [ RunTime:0.000018s ]
INFO: [ app_init ] --END-- [ RunTime:0.000442s ]
ERR: 无法加载模块:Solution_list

[ 2017-11-12T04:56:21+08:00 ] 123.125.71.55 /news_list/columnsid=50&newscategoryid=6.html
INFO: [ app_init ] --START--
INFO: Run Behavior\BuildLiteBehavior [ RunTime:0.000018s ]
INFO: [ app_init ] --END-- [ RunTime:0.000443s ]
ERR: 无法加载模块:News_list

[ 2017-11-12T04:57:53+08:00 ] 123.125.71.71 /solution_list/pmcid=205.html
INFO: [ app_init ] --START--
INFO: Run Behavior\BuildLiteBehavior [ RunTime:0.000018s ]
INFO: [ app_init ] --END-- [ RunTime:0.000389s ]
ERR: 无法加载模块:Solution_list

[ 2017-11-12T04:59:24+08:00 ] 220.181.108.150 /news_detail/newsid=89.html
INFO: [ app_init ] --START--
INFO: Run Behavior\BuildLiteBehavior [ RunTime:0.000027s ]
INFO: [ app_init ] --END-- [ RunTime:0.000437s ]
ERR: 无法加载模块:News_detail

[ 2017-11-12T05:00:56+08:00 ] 123.125.71.86 /news_detail/newsid=84.html
INFO: [ app_init ] --START--
INFO: Run Behavior\BuildLiteBehavior [ RunTime:0.000018s ]
INFO: [ app_init ] --END-- [ RunTime:0.000442s ]
ERR: 无法加载模块:News_detail

[ 2017-11-12T05:01:25+08:00 ] 157.55.39.45 /cases_list/pmcId=169.html
INFO: [ app_init ] --START--
INFO: Run Behavior\BuildLiteBehavior [ RunTime:0.000017s ]
INFO: [ app_init ] --END-- [ RunTime:0.000434s ]
ERR: 无法加载模块:Cases_list

[ 2017-11-12T05:02:27+08:00 ] 220.181.108.99 /products_list/pmcId=140.html
INFO: [ app_init ] --START--
INFO: Run Behavior\BuildLiteBehavior [ RunTime:0.000017s ]
INFO: [ app_init ] --END-- [ RunTime:0.000387s ]
ERR: 无法加载模块:Products_list

[ 2017-11-12T05:12:10+08:00 ] 157.55.39.249 /news_detail/newsId=50.html
INFO: [ app_init ] --START--
INFO: Run Behavior\BuildLiteBehavior [ RunTime:0.000017s ]
INFO: [ app_init ] --END-- [ RunTime:0.000423s ]
ERR: 无法加载模块:News_detail

[ 2017-11-12T05:18:46+08:00 ] 157.55.39.165 /cases_list/pmcId=139.html
INFO: [ app_init ] --START--
INFO: Run Behavior\BuildLiteBehavior [ RunTime:0.000019s ]
INFO: [ app_init ] --END-- [ RunTime:0.000426s ]
ERR: 无法加载模块:Cases_list

[ 2017-11-12T05:34:09+08:00 ] 157.55.39.249 /mxocean_list/pmcId=171.html
INFO: [ app_init ] --START--
INFO: Run Behavior\BuildLiteBehavior [ RunTime:0.000018s ]
INFO: [ app_init ] --END-- [ RunTime:0.000419s ]
ERR: 无法加载模块:Mxocean_list

[ 2017-11-12T05:36:07+08:00 ] 106.11.154.188 /solution_detail/productId=15.html
INFO: [ app_init ] --START--
INFO: Run Behavior\BuildLiteBehavior [ RunTime:0.000017s ]
INFO: [ app_init ] --END-- [ RunTime:0.000421s ]
ERR: 无法加载模块:Solution_detail

[ 2017-11-12T05:48:07+08:00 ] 106.11.154.188 /news_detail/newsId=69.html
INFO: [ app_init ] --START--
INFO: Run Behavior\BuildLiteBehavior [ RunTime:0.000017s ]
INFO: [ app_init ] --END-- [ RunTime:0.000412s ]
ERR: 无法加载模块:News_detail

[ 2017-11-12T06:15:43+08:00 ] 203.208.60.223 /styles/page_service_list.min.css?t=1498790337000.css
INFO: [ app_init ] --START--
INFO: Run Behavior\BuildLiteBehavior [ RunTime:0.000018s ]
INFO: [ app_init ] --END-- [ RunTime:0.000446s ]
ERR: 无法加载模块:Styles

[ 2017-11-12T06:15:45+08:00 ] 203.208.60.227 /styles/page_service_list.min.css?t=1498790337234.css
INFO: [ app_init ] --START--
INFO: Run Behavior\BuildLiteBehavior [ RunTime:0.000018s ]
INFO: [ app_init ] --END-- [ RunTime:0.000418s ]
ERR: 无法加载模块:Styles

[ 2017-11-12T06:16:53+08:00 ] 220.181.108.116 /styles/page_qianyan_list.min.css?t=1498790337234.css
INFO: [ app_init ] --START--
INFO: Run Behavior\BuildLiteBehavior [ RunTime:0.000017s ]
INFO: [ app_init ] --END-- [ RunTime:0.000431s ]
ERR: 无法加载模块:Styles

[ 2017-11-12T06:30:14+08:00 ] 157.55.39.45 /mxocean_list/pmcId=51.html
INFO: [ app_init ] --START--
INFO: Run Behavior\BuildLiteBehavior [ RunTime:0.000018s ]
INFO: [ app_init ] --END-- [ RunTime:0.000416s ]
ERR: 无法加载模块:Mxocean_list

[ 2017-11-12T06:53:03+08:00 ] 157.55.39.45 /products_detail/productId=16.html
INFO: [ app_init ] --START--
INFO: Run Behavior\BuildLiteBehavior [ RunTime:0.000017s ]
INFO: [ app_init ] --END-- [ RunTime:0.000397s ]
ERR: 无法加载模块:Products_detail

[ 2017-11-12T07:05:12+08:00 ] 203.208.60.225 /robots.txt
INFO: [ app_init ] --START--
INFO: Run Behavior\BuildLiteBehavior [ RunTime:0.000018s ]
INFO: [ app_init ] --END-- [ RunTime:0.000431s ]
ERR: 无法加载模块:Robots

[ 2017-11-12T07:05:14+08:00 ] 203.208.60.226 /news_list/newsCategoryId=5.html
INFO: [ app_init ] --START--
INFO: Run Behavior\BuildLiteBehavior [ RunTime:0.000017s ]
INFO: [ app_init ] --END-- [ RunTime:0.000431s ]
ERR: 无法加载模块:News_list

[ 2017-11-12T07:16:53+08:00 ] 220.181.108.108 /mxocean/i=13&comcontentid=13.html
INFO: [ app_init ] --START--
INFO: Run Behavior\BuildLiteBehavior [ RunTime:0.000017s ]
INFO: [ app_init ] --END-- [ RunTime:0.000412s ]
ERR: 无法加载模块:Mxocean

[ 2017-11-12T07:28:16+08:00 ] 157.55.39.249 /mxocean_list/pmcId=142.html
INFO: [ app_init ] --START--
INFO: Run Behavior\BuildLiteBehavior [ RunTime:0.000018s ]
INFO: [ app_init ] --END-- [ RunTime:0.000425s ]
ERR: 无法加载模块:Mxocean_list

[ 2017-11-12T07:28:18+08:00 ] 40.77.167.78 /technology/i=24&comContentId=24.html
INFO: [ app_init ] --START--
INFO: Run Behavior\BuildLiteBehavior [ RunTime:0.000027s ]
INFO: [ app_init ] --END-- [ RunTime:0.000433s ]
ERR: 无法加载模块:Technology

[ 2017-11-12T07:40:13+08:00 ] 157.55.39.45 /mxocean_detail/productId=101.html
INFO: [ app_init ] --START--
INFO: Run Behavior\BuildLiteBehavior [ RunTime:0.000016s ]
INFO: [ app_init ] --END-- [ RunTime:0.000414s ]
ERR: 无法加载模块:Mxocean_detail

[ 2017-11-12T07:43:31+08:00 ] 203.208.60.227 /styles/page_cases_list.min.css?t=1498790337000.css
INFO: [ app_init ] --START--
INFO: Run Behavior\BuildLiteBehavior [ RunTime:0.000017s ]
INFO: [ app_init ] --END-- [ RunTime:0.000430s ]
ERR: 无法加载模块:Styles

[ 2017-11-12T07:43:33+08:00 ] 203.208.60.226 /styles/page_cases_list.min.css?t=1498790337234.css
INFO: [ app_init ] --START--
INFO: Run Behavior\BuildLiteBehavior [ RunTime:0.000017s ]
INFO: [ app_init ] --END-- [ RunTime:0.000421s ]
ERR: 无法加载模块:Styles

[ 2017-11-12T07:46:53+08:00 ] 220.181.108.96 /technology_detail/productId=84.html
INFO: [ app_init ] --START--
INFO: Run Behavior\BuildLiteBehavior [ RunTime:0.000018s ]
INFO: [ app_init ] --END-- [ RunTime:0.000416s ]
ERR: 无法加载模块:Technology_detail

[ 2017-11-12T07:50:09+08:00 ] 157.55.39.165 /mxocean_list/pmcId=178.html
INFO: [ app_init ] --START--
INFO: Run Behavior\BuildLiteBehavior [ RunTime:0.000017s ]
INFO: [ app_init ] --END-- [ RunTime:0.000386s ]
ERR: 无法加载模块:Mxocean_list

[ 2017-11-12T08:07:20+08:00 ] 123.126.113.129 /technology_list/pmcId=196.html
INFO: [ app_init ] --START--
INFO: Run Behavior\BuildLiteBehavior [ RunTime:0.000018s ]
INFO: [ app_init ] --END-- [ RunTime:0.000417s ]
ERR: 无法加载模块:Technology_list

[ 2017-11-12T08:07:30+08:00 ] 123.126.113.129 /technology_list/pmcId=187.html
INFO: [ app_init ] --START--
INFO: Run Behavior\BuildLiteBehavior [ RunTime:0.000017s ]
INFO: [ app_init ] --END-- [ RunTime:0.000424s ]
ERR: 无法加载模块:Technology_list

[ 2017-11-12T08:07:40+08:00 ] 123.126.113.129 /technology_list/pmcId=142.html
INFO: [ app_init ] --START--
INFO: Run Behavior\BuildLiteBehavior [ RunTime:0.000017s ]
INFO: [ app_init ] --END-- [ RunTime:0.000416s ]
ERR: 无法加载模块:Technology_list

[ 2017-11-12T08:07:48+08:00 ] 106.11.153.169 /news_detail/newsId=61.html
INFO: [ app_init ] --START--
INFO: Run Behavior\BuildLiteBehavior [ RunTime:0.000017s ]
INFO: [ app_init ] --END-- [ RunTime:0.000413s ]
ERR: 无法加载模块:News_detail

[ 2017-11-12T08:07:50+08:00 ] 123.126.113.129 /technology_list/pmcId=181.html
INFO: [ app_init ] --START--
INFO: Run Behavior\BuildLiteBehavior [ RunTime:0.000017s ]
INFO: [ app_init ] --END-- [ RunTime:0.000403s ]
ERR: 无法加载模块:Technology_list

[ 2017-11-12T08:08:00+08:00 ] 123.126.113.129 /technology_list/pmcId=235.html
INFO: [ app_init ] --START--
INFO: Run Behavior\BuildLiteBehavior [ RunTime:0.000026s ]
INFO: [ app_init ] --END-- [ RunTime:0.000396s ]
ERR: 无法加载模块:Technology_list

[ 2017-11-12T08:08:10+08:00 ] 123.126.113.129 /mxocean_list/pmcId=223.html
INFO: [ app_init ] --START--
INFO: Run Behavior\BuildLiteBehavior [ RunTime:0.000018s ]
INFO: [ app_init ] --END-- [ RunTime:0.000404s ]
ERR: 无法加载模块:Mxocean_list

[ 2017-11-12T08:08:20+08:00 ] 123.126.113.129 /mxocean_list/pmcId=214.html
INFO: [ app_init ] --START--
INFO: Run Behavior\BuildLiteBehavior [ RunTime:0.000018s ]
INFO: [ app_init ] --END-- [ RunTime:0.000418s ]
ERR: 无法加载模块:Mxocean_list

[ 2017-11-12T08:08:30+08:00 ] 123.126.113.129 /mxocean_list/pmcId=221.html
INFO: [ app_init ] --START--
INFO: Run Behavior\BuildLiteBehavior [ RunTime:0.000017s ]
INFO: [ app_init ] --END-- [ RunTime:0.000406s ]
ERR: 无法加载模块:Mxocean_list

[ 2017-11-12T08:08:40+08:00 ] 123.126.113.129 /mxocean_list/pmcId=220.html
INFO: [ app_init ] --START--
INFO: Run Behavior\BuildLiteBehavior [ RunTime:0.000017s ]
INFO: [ app_init ] --END-- [ RunTime:0.000443s ]
ERR: 无法加载模块:Mxocean_list

[ 2017-11-12T08:08:50+08:00 ] 123.126.113.129 /technology_detail/productId=44.html
INFO: [ app_init ] --START--
INFO: Run Behavior\BuildLiteBehavior [ RunTime:0.000017s ]
INFO: [ app_init ] --END-- [ RunTime:0.000419s ]
ERR: 无法加载模块:Technology_detail

[ 2017-11-12T08:09:00+08:00 ] 123.126.113.129 /technology_detail/productId=78.html
INFO: [ app_init ] --START--
INFO: Run Behavior\BuildLiteBehavior [ RunTime:0.000017s ]
INFO: [ app_init ] --END-- [ RunTime:0.000429s ]
ERR: 无法加载模块:Technology_detail

[ 2017-11-12T08:09:10+08:00 ] 123.126.113.129 /technology_detail/productId=72.html
INFO: [ app_init ] --START--
INFO: Run Behavior\BuildLiteBehavior [ RunTime:0.000017s ]
INFO: [ app_init ] --END-- [ RunTime:0.000399s ]
ERR: 无法加载模块:Technology_detail

[ 2017-11-12T08:09:20+08:00 ] 123.126.113.129 /technology_detail/productId=75.html
INFO: [ app_init ] --START--
INFO: Run Behavior\BuildLiteBehavior [ RunTime:0.000017s ]
INFO: [ app_init ] --END-- [ RunTime:0.000409s ]
ERR: 无法加载模块:Technology_detail

[ 2017-11-12T08:09:30+08:00 ] 123.126.113.129 /technology_detail/productId=85.html
INFO: [ app_init ] --START--
INFO: Run Behavior\BuildLiteBehavior [ RunTime:0.000017s ]
INFO: [ app_init ] --END-- [ RunTime:0.000436s ]
ERR: 无法加载模块:Technology_detail

[ 2017-11-12T08:09:40+08:00 ] 123.126.113.129 /technology_detail/productId=83.html
INFO: [ app_init ] --START--
INFO: Run Behavior\BuildLiteBehavior [ RunTime:0.000018s ]
INFO: [ app_init ] --END-- [ RunTime:0.000436s ]
ERR: 无法加载模块:Technology_detail

[ 2017-11-12T08:09:50+08:00 ] 123.126.113.129 /mxocean_list/pmcId=108.html
INFO: [ app_init ] --START--
INFO: Run Behavior\BuildLiteBehavior [ RunTime:0.000018s ]
INFO: [ app_init ] --END-- [ RunTime:0.000428s ]
ERR: 无法加载模块:Mxocean_list

[ 2017-11-12T08:10:00+08:00 ] 123.126.113.129 /mxocean_list/pmcId=123.html
INFO: [ app_init ] --START--
INFO: Run Behavior\BuildLiteBehavior [ RunTime:0.000018s ]
INFO: [ app_init ] --END-- [ RunTime:0.000410s ]
ERR: 无法加载模块:Mxocean_list

[ 2017-11-12T08:10:10+08:00 ] 123.126.113.129 /technology_list/pmcId=180.html
INFO: [ app_init ] --START--
INFO: Run Behavior\BuildLiteBehavior [ RunTime:0.000018s ]
INFO: [ app_init ] --END-- [ RunTime:0.000414s ]
ERR: 无法加载模块:Technology_list

[ 2017-11-12T08:10:20+08:00 ] 123.126.113.129 /solution_list/pmcId=209.html
INFO: [ app_init ] --START--
INFO: Run Behavior\BuildLiteBehavior [ RunTime:0.000018s ]
INFO: [ app_init ] --END-- [ RunTime:0.000426s ]
ERR: 无法加载模块:Solution_list

[ 2017-11-12T08:10:30+08:00 ] 123.126.113.129 /technology_detail/productId=55.html
INFO: [ app_init ] --START--
INFO: Run Behavior\BuildLiteBehavior [ RunTime:0.000017s ]
INFO: [ app_init ] --END-- [ RunTime:0.000397s ]
ERR: 无法加载模块:Technology_detail

[ 2017-11-12T08:12:58+08:00 ] 203.208.60.224 /styles/page_technology_list.min.css?t=1498790337000.css
INFO: [ app_init ] --START--
INFO: Run Behavior\BuildLiteBehavior [ RunTime:0.000018s ]
INFO: [ app_init ] --END-- [ RunTime:0.000434s ]
ERR: 无法加载模块:Styles

[ 2017-11-12T08:12:59+08:00 ] 203.208.60.226 /scripts/i18n/??FrontProducts_generalSearch01.js,FrontProducts_list01.js
INFO: [ app_init ] --START--
INFO: Run Behavior\BuildLiteBehavior [ RunTime:0.000017s ]
INFO: [ app_init ] --END-- [ RunTime:0.000405s ]
ERR: 无法加载模块:Scripts

[ 2017-11-12T08:13:00+08:00 ] 203.208.60.227 /styles/page_technology_list.min.css?t=1498790337234.css
INFO: [ app_init ] --START--
INFO: Run Behavior\BuildLiteBehavior [ RunTime:0.000035s ]
INFO: [ app_init ] --END-- [ RunTime:0.000423s ]
ERR: 无法加载模块:Styles

[ 2017-11-12T08:14:57+08:00 ] 203.208.60.226 /styles/page_solution_list.min.css?t=1498790337000.css
INFO: [ app_init ] --START--
INFO: Run Behavior\BuildLiteBehavior [ RunTime:0.000018s ]
INFO: [ app_init ] --END-- [ RunTime:0.000413s ]
ERR: 无法加载模块:Styles

[ 2017-11-12T08:14:58+08:00 ] 203.208.60.225 /styles/page_solution_list.min.css?t=1498790337234.css
INFO: [ app_init ] --START--
INFO: Run Behavior\BuildLiteBehavior [ RunTime:0.000017s ]
INFO: [ app_init ] --END-- [ RunTime:0.000436s ]
ERR: 无法加载模块:Styles

[ 2017-11-12T08:15:21+08:00 ] 203.208.60.223 /Publicjs/base.js
INFO: [ app_init ] --START--
INFO: Run Behavior\BuildLiteBehavior [ RunTime:0.000017s ]
INFO: [ app_init ] --END-- [ RunTime:0.000439s ]
ERR: 无法加载模块:Publicjs

[ 2017-11-12T08:16:53+08:00 ] 220.181.108.184 /products_list/pmcId=137.html
INFO: [ app_init ] --START--
INFO: Run Behavior\BuildLiteBehavior [ RunTime:0.000018s ]
INFO: [ app_init ] --END-- [ RunTime:0.000406s ]
ERR: 无法加载模块:Products_list

[ 2017-11-12T08:33:15+08:00 ] 123.125.71.44 /service_list/pmcId=234.html
INFO: [ app_init ] --START--
INFO: Run Behavior\BuildLiteBehavior [ RunTime:0.000018s ]
INFO: [ app_init ] --END-- [ RunTime:0.000406s ]
ERR: 无法加载模块:Service_list

[ 2017-11-12T08:33:51+08:00 ] 68.180.229.94 /robots.txt
INFO: [ app_init ] --START--
INFO: Run Behavior\BuildLiteBehavior [ RunTime:0.000017s ]
INFO: [ app_init ] --END-- [ RunTime:0.000434s ]
ERR: 无法加载模块:Robots

[ 2017-11-12T08:33:55+08:00 ] 68.180.229.94 /technology_detail/productId=18.html
INFO: [ app_init ] --START--
INFO: Run Behavior\BuildLiteBehavior [ RunTime:0.000017s ]
INFO: [ app_init ] --END-- [ RunTime:0.000436s ]
ERR: 无法加载模块:Technology_detail

[ 2017-11-12T08:50:25+08:00 ] 203.208.60.226 /news_detail/newsId=55.html
INFO: [ app_init ] --START--
INFO: Run Behavior\BuildLiteBehavior [ RunTime:0.000018s ]
INFO: [ app_init ] --END-- [ RunTime:0.000425s ]
ERR: 无法加载模块:News_detail

[ 2017-11-12T08:59:55+08:00 ] 157.55.39.45 /solution_list/pmcId=226.html
INFO: [ app_init ] --START--
INFO: Run Behavior\BuildLiteBehavior [ RunTime:0.000018s ]
INFO: [ app_init ] --END-- [ RunTime:0.000421s ]
ERR: 无法加载模块:Solution_list

[ 2017-11-12T09:05:58+08:00 ] 220.181.108.163 /mxocean_list/pmcId=51.html
INFO: [ app_init ] --START--
INFO: Run Behavior\BuildLiteBehavior [ RunTime:0.000018s ]
INFO: [ app_init ] --END-- [ RunTime:0.000425s ]
ERR: 无法加载模块:Mxocean_list

[ 2017-11-12T09:06:15+08:00 ] 157.55.39.249 /technology_detail/productId=1.html
INFO: [ app_init ] --START--
INFO: Run Behavior\BuildLiteBehavior [ RunTime:0.000017s ]
INFO: [ app_init ] --END-- [ RunTime:0.000441s ]
ERR: 无法加载模块:Technology_detail

[ 2017-11-12T09:07:40+08:00 ] 113.109.51.227 /favicon.ico
INFO: [ app_init ] --START--
INFO: Run Behavior\BuildLiteBehavior [ RunTime:0.000018s ]
INFO: [ app_init ] --END-- [ RunTime:0.000449s ]
ERR: 无法加载模块:Favicon

[ 2017-11-12T09:07:42+08:00 ] 113.109.51.227 /favicon.ico
INFO: [ app_init ] --START--
INFO: Run Behavior\BuildLiteBehavior [ RunTime:0.000018s ]
INFO: [ app_init ] --END-- [ RunTime:0.000412s ]
ERR: 无法加载模块:Favicon

[ 2017-11-12T09:09:12+08:00 ] 113.109.51.227 /favicon.ico
INFO: [ app_init ] --START--
INFO: Run Behavior\BuildLiteBehavior [ RunTime:0.000018s ]
INFO: [ app_init ] --END-- [ RunTime:0.000411s ]
ERR: 无法加载模块:Favicon

[ 2017-11-12T09:10:26+08:00 ] 157.55.39.249 /solution_list/pmcId=145.html
INFO: [ app_init ] --START--
INFO: Run Behavior\BuildLiteBehavior [ RunTime:0.000019s ]
INFO: [ app_init ] --END-- [ RunTime:0.000428s ]
ERR: 无法加载模块:Solution_list

[ 2017-11-12T09:19:11+08:00 ] 106.11.154.188 /service_list/columnsId=70&&i=6&comContentId=6.html
INFO: [ app_init ] --START--
INFO: Run Behavior\BuildLiteBehavior [ RunTime:0.000018s ]
INFO: [ app_init ] --END-- [ RunTime:0.000417s ]
ERR: 无法加载模块:Service_list

[ 2017-11-12T09:35:50+08:00 ] 123.232.107.130 /imageRepository/e611d19a-bfa2-4e34-8852-e00a9f7dae08.JPG
INFO: [ app_init ] --START--
INFO: Run Behavior\BuildLiteBehavior [ RunTime:0.000017s ]
INFO: [ app_init ] --END-- [ RunTime:0.000402s ]
ERR: 无法加载模块:ImageRepository

[ 2017-11-12T09:35:50+08:00 ] 123.232.107.130 /imageRepository/66302932-5a99-4425-91c2-51a3c55b9032.JPG
INFO: [ app_init ] --START--
INFO: Run Behavior\BuildLiteBehavior [ RunTime:0.000018s ]
INFO: [ app_init ] --END-- [ RunTime:0.000443s ]
ERR: 无法加载模块:ImageRepository

[ 2017-11-12T09:38:42+08:00 ] 123.125.71.45 /products_list/pmcId=174.html
INFO: [ app_init ] --START--
INFO: Run Behavior\BuildLiteBehavior [ RunTime:0.000018s ]
INFO: [ app_init ] --END-- [ RunTime:0.000427s ]
ERR: 无法加载模块:Products_list

[ 2017-11-12T09:49:35+08:00 ] 220.181.108.100 /imageRepository/459bdaf1-ff4d-4d7f-bc41-eef932fe935c.jpg
INFO: [ app_init ] --START--
INFO: Run Behavior\BuildLiteBehavior [ RunTime:0.000021s ]
INFO: [ app_init ] --END-- [ RunTime:0.000476s ]
ERR: 无法加载模块:ImageRepository

[ 2017-11-12T09:55:04+08:00 ] 123.125.71.41 /mxocean/i=34&comContentId=34.html
INFO: [ app_init ] --START--
INFO: Run Behavior\BuildLiteBehavior [ RunTime:0.000017s ]
INFO: [ app_init ] --END-- [ RunTime:0.000411s ]
ERR: 无法加载模块:Mxocean

[ 2017-11-12T10:26:08+08:00 ] 106.11.154.188 /solution_detail/&productId=17.html
INFO: [ app_init ] --START--
INFO: Run Behavior\BuildLiteBehavior [ RunTime:0.000018s ]
INFO: [ app_init ] --END-- [ RunTime:0.000447s ]
ERR: 无法加载模块:Solution_detail

[ 2017-11-12T10:29:02+08:00 ] 157.55.39.150 /robots.txt
INFO: [ app_init ] --START--
INFO: Run Behavior\BuildLiteBehavior [ RunTime:0.000019s ]
INFO: [ app_init ] --END-- [ RunTime:0.000424s ]
ERR: 无法加载模块:Robots

[ 2017-11-12T10:29:10+08:00 ] 40.77.167.78 /order_checkout.html
INFO: [ app_init ] --START--
INFO: Run Behavior\BuildLiteBehavior [ RunTime:0.000017s ]
INFO: [ app_init ] --END-- [ RunTime:0.000421s ]
ERR: 无法加载模块:Order_checkout

[ 2017-11-12T10:40:43+08:00 ] 40.77.167.78 /mxocean_list/pmcId=200.html
INFO: [ app_init ] --START--
INFO: Run Behavior\BuildLiteBehavior [ RunTime:0.000018s ]
INFO: [ app_init ] --END-- [ RunTime:0.000412s ]
ERR: 无法加载模块:Mxocean_list

[ 2017-11-12T11:12:47+08:00 ] 157.55.39.45 /news_list/newsCategoryId=7.html
INFO: [ app_init ] --START--
INFO: Run Behavior\BuildLiteBehavior [ RunTime:0.000018s ]
INFO: [ app_init ] --END-- [ RunTime:0.000449s ]
ERR: 无法加载模块:News_list

[ 2017-11-12T11:12:49+08:00 ] 157.55.39.45 /products_list/pmcId=190.html
INFO: [ app_init ] --START--
INFO: Run Behavior\BuildLiteBehavior [ RunTime:0.000017s ]
INFO: [ app_init ] --END-- [ RunTime:0.000421s ]
ERR: 无法加载模块:Products_list

[ 2017-11-12T11:20:09+08:00 ] 106.11.154.188 /technology_detail/productId=34.html
INFO: [ app_init ] --START--
INFO: Run Behavior\BuildLiteBehavior [ RunTime:0.000019s ]
INFO: [ app_init ] --END-- [ RunTime:0.000455s ]
ERR: 无法加载模块:Technology_detail

[ 2017-11-12T11:23:28+08:00 ] 59.41.166.189 /favicon.ico
INFO: [ app_init ] --START--
INFO: Run Behavior\BuildLiteBehavior [ RunTime:0.000018s ]
INFO: [ app_init ] --END-- [ RunTime:0.000406s ]
ERR: 无法加载模块:Favicon

[ 2017-11-12T11:31:29+08:00 ] 123.125.71.33 /mxocean_detail/productId=9.html
INFO: [ app_init ] --START--
INFO: Run Behavior\BuildLiteBehavior [ RunTime:0.000016s ]
INFO: [ app_init ] --END-- [ RunTime:0.000399s ]
ERR: 无法加载模块:Mxocean_detail

[ 2017-11-12T11:37:09+08:00 ] 106.11.154.188 /cases_detail/&productId=19.html
INFO: [ app_init ] --START--
INFO: Run Behavior\BuildLiteBehavior [ RunTime:0.000017s ]
INFO: [ app_init ] --END-- [ RunTime:0.000392s ]
ERR: 无法加载模块:Cases_detail

[ 2017-11-12T11:40:19+08:00 ] 157.55.39.165 /news_detail/newsId=30.html
INFO: [ app_init ] --START--
INFO: Run Behavior\BuildLiteBehavior [ RunTime:0.000017s ]
INFO: [ app_init ] --END-- [ RunTime:0.000421s ]
ERR: 无法加载模块:News_detail

[ 2017-11-12T11:46:37+08:00 ] 157.55.39.249 /technology/pmcId=174.html
INFO: [ app_init ] --START--
INFO: Run Behavior\BuildLiteBehavior [ RunTime:0.000018s ]
INFO: [ app_init ] --END-- [ RunTime:0.000420s ]
ERR: 无法加载模块:Technology

[ 2017-11-12T12:04:37+08:00 ] 40.77.167.78 /cases_list/pmcId=173.html
INFO: [ app_init ] --START--
INFO: Run Behavior\BuildLiteBehavior [ RunTime:0.000017s ]
INFO: [ app_init ] --END-- [ RunTime:0.000417s ]
ERR: 无法加载模块:Cases_list

[ 2017-11-12T12:14:57+08:00 ] 157.55.39.150 /robots.txt
INFO: [ app_init ] --START--
INFO: Run Behavior\BuildLiteBehavior [ RunTime:0.000018s ]
INFO: [ app_init ] --END-- [ RunTime:0.000410s ]
ERR: 无法加载模块:Robots

[ 2017-11-12T12:15:09+08:00 ] 40.77.167.78 /cases_list/pmcId=160.html
INFO: [ app_init ] --START--
INFO: Run Behavior\BuildLiteBehavior [ RunTime:0.000018s ]
INFO: [ app_init ] --END-- [ RunTime:0.000421s ]
ERR: 无法加载模块:Cases_list

[ 2017-11-12T12:15:11+08:00 ] 157.55.39.249 /solution_list/&pmcId=141.html
INFO: [ app_init ] --START--
INFO: Run Behavior\BuildLiteBehavior [ RunTime:0.000018s ]
INFO: [ app_init ] --END-- [ RunTime:0.000417s ]
ERR: 无法加载模块:Solution_list

[ 2017-11-12T12:26:35+08:00 ] 106.120.173.136 /robots.txt
INFO: [ app_init ] --START--
INFO: Run Behavior\BuildLiteBehavior [ RunTime:0.000018s ]
INFO: [ app_init ] --END-- [ RunTime:0.000429s ]
ERR: 无法加载模块:Robots

[ 2017-11-12T12:26:35+08:00 ] 106.120.173.136 /service_list/i=6&comContentId=6.html
INFO: [ app_init ] --START--
INFO: Run Behavior\BuildLiteBehavior [ RunTime:0.000017s ]
INFO: [ app_init ] --END-- [ RunTime:0.000437s ]
ERR: 无法加载模块:Service_list

[ 2017-11-12T12:30:23+08:00 ] 157.55.39.165 /technology/&i=20&comContentId=20.html
INFO: [ app_init ] --START--
INFO: Run Behavior\BuildLiteBehavior [ RunTime:0.000018s ]
INFO: [ app_init ] --END-- [ RunTime:0.000413s ]
ERR: 无法加载模块:Technology

[ 2017-11-12T12:33:00+08:00 ] 157.55.39.165 /solution_list/pmcId=223.html
INFO: [ app_init ] --START--
INFO: Run Behavior\BuildLiteBehavior [ RunTime:0.000017s ]
INFO: [ app_init ] --END-- [ RunTime:0.000388s ]
ERR: 无法加载模块:Solution_list

[ 2017-11-12T12:38:51+08:00 ] 157.55.39.165 /imageRepository/410eef85-7d97-48e6-9d04-c3433399154f.jpg
INFO: [ app_init ] --START--
INFO: Run Behavior\BuildLiteBehavior [ RunTime:0.000035s ]
INFO: [ app_init ] --END-- [ RunTime:0.000439s ]
ERR: 无法加载模块:ImageRepository

[ 2017-11-12T12:50:29+08:00 ] 106.11.154.188 /mxocean_detail/productId=15.html
INFO: [ app_init ] --START--
INFO: Run Behavior\BuildLiteBehavior [ RunTime:0.000017s ]
INFO: [ app_init ] --END-- [ RunTime:0.000388s ]
ERR: 无法加载模块:Mxocean_detail

[ 2017-11-12T12:55:38+08:00 ] 123.126.113.129 /robots.txt
INFO: [ app_init ] --START--
INFO: Run Behavior\BuildLiteBehavior [ RunTime:0.000018s ]
INFO: [ app_init ] --END-- [ RunTime:0.000432s ]
ERR: 无法加载模块:Robots

[ 2017-11-12T12:55:42+08:00 ] 123.126.113.129 /technology/i=18&comContentId=18.html
INFO: [ app_init ] --START--
INFO: Run Behavior\BuildLiteBehavior [ RunTime:0.000017s ]
INFO: [ app_init ] --END-- [ RunTime:0.000427s ]
ERR: 无法加载模块:Technology

[ 2017-11-12T12:55:56+08:00 ] 123.126.113.129 /solution_list/pmcId=192.html
INFO: [ app_init ] --START--
INFO: Run Behavior\BuildLiteBehavior [ RunTime:0.000018s ]
INFO: [ app_init ] --END-- [ RunTime:0.000425s ]
ERR: 无法加载模块:Solution_list

[ 2017-11-12T12:56:10+08:00 ] 123.126.113.129 /mxocean_list/pmcId=206.html
INFO: [ app_init ] --START--
INFO: Run Behavior\BuildLiteBehavior [ RunTime:0.000018s ]
INFO: [ app_init ] --END-- [ RunTime:0.000428s ]
ERR: 无法加载模块:Mxocean_list

[ 2017-11-12T12:56:23+08:00 ] 123.126.113.129 /solution_detail/productId=85.html
INFO: [ app_init ] --START--
INFO: Run Behavior\BuildLiteBehavior [ RunTime:0.000017s ]
INFO: [ app_init ] --END-- [ RunTime:0.000424s ]
ERR: 无法加载模块:Solution_detail

[ 2017-11-12T12:59:43+08:00 ] 180.149.143.11 /imageRepository/9af22bd7-c3ed-470f-8a68-02d614616243.jpg
INFO: [ app_init ] --START--
INFO: Run Behavior\BuildLiteBehavior [ RunTime:0.000018s ]
INFO: [ app_init ] --END-- [ RunTime:0.000411s ]
ERR: 无法加载模块:ImageRepository

[ 2017-11-12T13:08:34+08:00 ] 157.55.39.45 /maps/FrontColumns_navigation01-btmnavFirstColumnId=11.html
INFO: [ app_init ] --START--
INFO: Run Behavior\BuildLiteBehavior [ RunTime:0.000018s ]
INFO: [ app_init ] --END-- [ RunTime:0.000421s ]
ERR: 无法加载模块:Maps

[ 2017-11-12T13:17:59+08:00 ] 220.181.108.103 /technology_detail/productId=103.html
INFO: [ app_init ] --START--
INFO: Run Behavior\BuildLiteBehavior [ RunTime:0.000017s ]
INFO: [ app_init ] --END-- [ RunTime:0.000427s ]
ERR: 无法加载模块:Technology_detail

[ 2017-11-12T13:47:09+08:00 ] 68.180.229.94 /solution_detail/&productId=18.html
INFO: [ app_init ] --START--
INFO: Run Behavior\BuildLiteBehavior [ RunTime:0.000018s ]
INFO: [ app_init ] --END-- [ RunTime:0.000434s ]
ERR: 无法加载模块:Solution_detail

[ 2017-11-12T14:00:31+08:00 ] 157.55.39.45 /products_detail/productId=36.html
INFO: [ app_init ] --START--
INFO: Run Behavior\BuildLiteBehavior [ RunTime:0.000018s ]
INFO: [ app_init ] --END-- [ RunTime:0.000455s ]
ERR: 无法加载模块:Products_detail

[ 2017-11-12T14:01:16+08:00 ] 157.55.39.249 /solution_list/pmcId=216.html
INFO: [ app_init ] --START--
INFO: Run Behavior\BuildLiteBehavior [ RunTime:0.000021s ]
INFO: [ app_init ] --END-- [ RunTime:0.000450s ]
ERR: 无法加载模块:Solution_list

[ 2017-11-12T14:02:45+08:00 ] 157.55.39.45 /technology_detail/productId=14.html
INFO: [ app_init ] --START--
INFO: Run Behavior\BuildLiteBehavior [ RunTime:0.000017s ]
INFO: [ app_init ] --END-- [ RunTime:0.000430s ]
ERR: 无法加载模块:Technology_detail

[ 2017-11-12T14:11:29+08:00 ] 106.11.154.188 /news_list/columnsId=49&newsCategoryId=5.html
INFO: [ app_init ] --START--
INFO: Run Behavior\BuildLiteBehavior [ RunTime:0.000017s ]
INFO: [ app_init ] --END-- [ RunTime:0.000387s ]
ERR: 无法加载模块:News_list

[ 2017-11-12T14:13:56+08:00 ] 115.239.212.134 /imageRepository/6eb5c39d-a089-49a1-85c7-176eaa4e8668.png
INFO: [ app_init ] --START--
INFO: Run Behavior\BuildLiteBehavior [ RunTime:0.000018s ]
INFO: [ app_init ] --END-- [ RunTime:0.000415s ]
ERR: 无法加载模块:ImageRepository

[ 2017-11-12T14:13:56+08:00 ] 115.239.212.135 /imageRepository/6eb5c39d-a089-49a1-85c7-176eaa4e8668.png
INFO: [ app_init ] --START--
INFO: Run Behavior\BuildLiteBehavior [ RunTime:0.000017s ]
INFO: [ app_init ] --END-- [ RunTime:0.000409s ]
ERR: 无法加载模块:ImageRepository

[ 2017-11-12T14:13:56+08:00 ] 115.239.212.135 /imageRepository/6eb5c39d-a089-49a1-85c7-176eaa4e8668.png
INFO: [ app_init ] --START--
INFO: Run Behavior\BuildLiteBehavior [ RunTime:0.000016s ]
INFO: [ app_init ] --END-- [ RunTime:0.000393s ]
ERR: 无法加载模块:ImageRepository

[ 2017-11-12T14:13:57+08:00 ] 115.239.212.136 /imageRepository/6eb5c39d-a089-49a1-85c7-176eaa4e8668.png
INFO: [ app_init ] --START--
INFO: Run Behavior\BuildLiteBehavior [ RunTime:0.000018s ]
INFO: [ app_init ] --END-- [ RunTime:0.000429s ]
ERR: 无法加载模块:ImageRepository

[ 2017-11-12T14:13:57+08:00 ] 115.239.212.4 /imageRepository/6eb5c39d-a089-49a1-85c7-176eaa4e8668.png
INFO: [ app_init ] --START--
INFO: Run Behavior\BuildLiteBehavior [ RunTime:0.000016s ]
INFO: [ app_init ] --END-- [ RunTime:0.000436s ]
ERR: 无法加载模块:ImageRepository

[ 2017-11-12T14:13:57+08:00 ] 115.239.212.70 /imageRepository/6eb5c39d-a089-49a1-85c7-176eaa4e8668.png
INFO: [ app_init ] --START--
INFO: Run Behavior\BuildLiteBehavior [ RunTime:0.000017s ]
INFO: [ app_init ] --END-- [ RunTime:0.000404s ]
ERR: 无法加载模块:ImageRepository

[ 2017-11-12T14:13:57+08:00 ] 115.239.212.71 /imageRepository/6eb5c39d-a089-49a1-85c7-176eaa4e8668.png
INFO: [ app_init ] --START--
INFO: Run Behavior\BuildLiteBehavior [ RunTime:0.000016s ]
INFO: [ app_init ] --END-- [ RunTime:0.000390s ]
ERR: 无法加载模块:ImageRepository

[ 2017-11-12T14:13:57+08:00 ] 115.239.212.200 /imageRepository/6eb5c39d-a089-49a1-85c7-176eaa4e8668.png
INFO: [ app_init ] --START--
INFO: Run Behavior\BuildLiteBehavior [ RunTime:0.000017s ]
INFO: [ app_init ] --END-- [ RunTime:0.000380s ]
ERR: 无法加载模块:ImageRepository

[ 2017-11-12T14:18:30+08:00 ] 106.11.154.188 /cases_list/pmcId=146.html
INFO: [ app_init ] --START--
INFO: Run Behavior\BuildLiteBehavior [ RunTime:0.000017s ]
INFO: [ app_init ] --END-- [ RunTime:0.000393s ]
ERR: 无法加载模块:Cases_list

[ 2017-11-12T14:21:21+08:00 ] 114.226.6.14 /imageRepository/9af22bd7-c3ed-470f-8a68-02d614616243.jpg
INFO: [ app_init ] --START--
INFO: Run Behavior\BuildLiteBehavior [ RunTime:0.000018s ]
INFO: [ app_init ] --END-- [ RunTime:0.000406s ]
ERR: 无法加载模块:ImageRepository

[ 2017-11-12T14:36:00+08:00 ] 180.149.143.25 /imageRepository/9af22bd7-c3ed-470f-8a68-02d614616243.jpg
INFO: [ app_init ] --START--
INFO: Run Behavior\BuildLiteBehavior [ RunTime:0.000018s ]
INFO: [ app_init ] --END-- [ RunTime:0.000443s ]
ERR: 无法加载模块:ImageRepository

[ 2017-11-12T14:45:16+08:00 ] 157.55.39.45 /mxocean_list/pmcId=183.html
INFO: [ app_init ] --START--
INFO: Run Behavior\BuildLiteBehavior [ RunTime:0.000018s ]
INFO: [ app_init ] --END-- [ RunTime:0.000410s ]
ERR: 无法加载模块:Mxocean_list

[ 2017-11-12T14:57:19+08:00 ] 157.55.39.45 /products_detail/productId=19.html
INFO: [ app_init ] --START--
INFO: Run Behavior\BuildLiteBehavior [ RunTime:0.000017s ]
INFO: [ app_init ] --END-- [ RunTime:0.000422s ]
ERR: 无法加载模块:Products_detail

[ 2017-11-12T14:58:52+08:00 ] 157.55.39.45 /technology_detail/productId=83.html
INFO: [ app_init ] --START--
INFO: Run Behavior\BuildLiteBehavior [ RunTime:0.000018s ]
INFO: [ app_init ] --END-- [ RunTime:0.000435s ]
ERR: 无法加载模块:Technology_detail

[ 2017-11-12T15:01:11+08:00 ] 106.11.154.188 /news_detail/newsId=35.html
INFO: [ app_init ] --START--
INFO: Run Behavior\BuildLiteBehavior [ RunTime:0.000017s ]
INFO: [ app_init ] --END-- [ RunTime:0.000420s ]
ERR: 无法加载模块:News_detail

[ 2017-11-12T15:08:34+08:00 ] 157.55.39.249 /mxocean_detail/productId=44.html
INFO: [ app_init ] --START--
INFO: Run Behavior\BuildLiteBehavior [ RunTime:0.000018s ]
INFO: [ app_init ] --END-- [ RunTime:0.000427s ]
ERR: 无法加载模块:Mxocean_detail

[ 2017-11-12T15:30:54+08:00 ] 46.229.164.102 /robots.txt
INFO: [ app_init ] --START--
INFO: Run Behavior\BuildLiteBehavior [ RunTime:0.000018s ]
INFO: [ app_init ] --END-- [ RunTime:0.000413s ]
ERR: 无法加载模块:Robots

[ 2017-11-12T15:36:02+08:00 ] 123.125.71.46 /styles/page_solution_detail.min.css?t=1498790337234.css
INFO: [ app_init ] --START--
INFO: Run Behavior\BuildLiteBehavior [ RunTime:0.000018s ]
INFO: [ app_init ] --END-- [ RunTime:0.000410s ]
ERR: 无法加载模块:Styles

[ 2017-11-12T15:37:25+08:00 ] 157.55.39.249 /mxocean_list/pmcId=137.html
INFO: [ app_init ] --START--
INFO: Run Behavior\BuildLiteBehavior [ RunTime:0.000018s ]
INFO: [ app_init ] --END-- [ RunTime:0.000428s ]
ERR: 无法加载模块:Mxocean_list

[ 2017-11-12T15:45:46+08:00 ] 112.80.254.63 /imageRepository/7cbd0e95-64ee-4034-bd05-793651668930.jpg
INFO: [ app_init ] --START--
INFO: Run Behavior\BuildLiteBehavior [ RunTime:0.000018s ]
INFO: [ app_init ] --END-- [ RunTime:0.000431s ]
ERR: 无法加载模块:ImageRepository

[ 2017-11-12T15:45:46+08:00 ] 112.80.254.189 /imageRepository/7cbd0e95-64ee-4034-bd05-793651668930.jpg
INFO: [ app_init ] --START--
INFO: Run Behavior\BuildLiteBehavior [ RunTime:0.000017s ]
INFO: [ app_init ] --END-- [ RunTime:0.000422s ]
ERR: 无法加载模块:ImageRepository

[ 2017-11-12T15:45:47+08:00 ] 180.97.35.6 /imageRepository/7cbd0e95-64ee-4034-bd05-793651668930.jpg
INFO: [ app_init ] --START--
INFO: Run Behavior\BuildLiteBehavior [ RunTime:0.000017s ]
INFO: [ app_init ] --END-- [ RunTime:0.000419s ]
ERR: 无法加载模块:ImageRepository

[ 2017-11-12T15:45:47+08:00 ] 180.97.35.213 /imageRepository/7cbd0e95-64ee-4034-bd05-793651668930.jpg
INFO: [ app_init ] --START--
INFO: Run Behavior\BuildLiteBehavior [ RunTime:0.000018s ]
INFO: [ app_init ] --END-- [ RunTime:0.000419s ]
ERR: 无法加载模块:ImageRepository

[ 2017-11-12T15:45:47+08:00 ] 180.97.35.201 /imageRepository/7cbd0e95-64ee-4034-bd05-793651668930.jpg
INFO: [ app_init ] --START--
INFO: Run Behavior\BuildLiteBehavior [ RunTime:0.000017s ]
INFO: [ app_init ] --END-- [ RunTime:0.000432s ]
ERR: 无法加载模块:ImageRepository

[ 2017-11-12T15:45:47+08:00 ] 180.97.35.17 /imageRepository/7cbd0e95-64ee-4034-bd05-793651668930.jpg
INFO: [ app_init ] --START--
INFO: Run Behavior\BuildLiteBehavior [ RunTime:0.000017s ]
INFO: [ app_init ] --END-- [ RunTime:0.000419s ]
ERR: 无法加载模块:ImageRepository

[ 2017-11-12T15:45:47+08:00 ] 112.80.254.153 /imageRepository/7cbd0e95-64ee-4034-bd05-793651668930.jpg
INFO: [ app_init ] --START--
INFO: Run Behavior\BuildLiteBehavior [ RunTime:0.000016s ]
INFO: [ app_init ] --END-- [ RunTime:0.000392s ]
ERR: 无法加载模块:ImageRepository

[ 2017-11-12T15:45:47+08:00 ] 112.80.254.188 /imageRepository/7cbd0e95-64ee-4034-bd05-793651668930.jpg
INFO: [ app_init ] --START--
INFO: Run Behavior\BuildLiteBehavior [ RunTime:0.000017s ]
INFO: [ app_init ] --END-- [ RunTime:0.000422s ]
ERR: 无法加载模块:ImageRepository

[ 2017-11-12T15:46:29+08:00 ] 61.135.165.42 /imageRepository/9af22bd7-c3ed-470f-8a68-02d614616243.jpg
INFO: [ app_init ] --START--
INFO: Run Behavior\BuildLiteBehavior [ RunTime:0.000018s ]
INFO: [ app_init ] --END-- [ RunTime:0.000413s ]
ERR: 无法加载模块:ImageRepository

[ 2017-11-12T15:46:29+08:00 ] 61.135.169.43 /imageRepository/9af22bd7-c3ed-470f-8a68-02d614616243.jpg
INFO: [ app_init ] --START--
INFO: Run Behavior\BuildLiteBehavior [ RunTime:0.000018s ]
INFO: [ app_init ] --END-- [ RunTime:0.000398s ]
ERR: 无法加载模块:ImageRepository

[ 2017-11-12T15:46:29+08:00 ] 61.135.165.8 /imageRepository/9af22bd7-c3ed-470f-8a68-02d614616243.jpg
INFO: [ app_init ] --START--
INFO: Run Behavior\BuildLiteBehavior [ RunTime:0.000017s ]
INFO: [ app_init ] --END-- [ RunTime:0.000401s ]
ERR: 无法加载模块:ImageRepository

[ 2017-11-12T15:46:29+08:00 ] 61.135.169.41 /imageRepository/9af22bd7-c3ed-470f-8a68-02d614616243.jpg
INFO: [ app_init ] --START--
INFO: Run Behavior\BuildLiteBehavior [ RunTime:0.000018s ]
INFO: [ app_init ] --END-- [ RunTime:0.000416s ]
ERR: 无法加载模块:ImageRepository

[ 2017-11-12T15:46:29+08:00 ] 61.135.165.43 /imageRepository/9af22bd7-c3ed-470f-8a68-02d614616243.jpg
INFO: [ app_init ] --START--
INFO: Run Behavior\BuildLiteBehavior [ RunTime:0.000016s ]
INFO: [ app_init ] --END-- [ RunTime:0.000374s ]
ERR: 无法加载模块:ImageRepository

[ 2017-11-12T15:46:29+08:00 ] 61.135.169.40 /imageRepository/9af22bd7-c3ed-470f-8a68-02d614616243.jpg
INFO: [ app_init ] --START--
INFO: Run Behavior\BuildLiteBehavior [ RunTime:0.000017s ]
INFO: [ app_init ] --END-- [ RunTime:0.000391s ]
ERR: 无法加载模块:ImageRepository

[ 2017-11-12T15:46:29+08:00 ] 61.135.165.7 /imageRepository/9af22bd7-c3ed-470f-8a68-02d614616243.jpg
INFO: [ app_init ] --START--
INFO: Run Behavior\BuildLiteBehavior [ RunTime:0.000016s ]
INFO: [ app_init ] --END-- [ RunTime:0.000390s ]
ERR: 无法加载模块:ImageRepository

[ 2017-11-12T15:46:29+08:00 ] 61.135.165.43 /imageRepository/9af22bd7-c3ed-470f-8a68-02d614616243.jpg
INFO: [ app_init ] --START--
INFO: Run Behavior\BuildLiteBehavior [ RunTime:0.000018s ]
INFO: [ app_init ] --END-- [ RunTime:0.000454s ]
ERR: 无法加载模块:ImageRepository

[ 2017-11-12T15:51:53+08:00 ] 203.208.60.225 /solution_list/pmcId=188.html
INFO: [ app_init ] --START--
INFO: Run Behavior\BuildLiteBehavior [ RunTime:0.000017s ]
INFO: [ app_init ] --END-- [ RunTime:0.000424s ]
ERR: 无法加载模块:Solution_list

[ 2017-11-12T16:00:11+08:00 ] 61.135.190.197 /imageRepository/9af22bd7-c3ed-470f-8a68-02d614616243.jpg
INFO: [ app_init ] --START--
INFO: Run Behavior\BuildLiteBehavior [ RunTime:0.000017s ]
INFO: [ app_init ] --END-- [ RunTime:0.000427s ]
ERR: 无法加载模块:ImageRepository

[ 2017-11-12T16:00:11+08:00 ] 61.135.190.200 /imageRepository/9af22bd7-c3ed-470f-8a68-02d614616243.jpg
INFO: [ app_init ] --START--
INFO: Run Behavior\BuildLiteBehavior [ RunTime:0.000017s ]
INFO: [ app_init ] --END-- [ RunTime:0.000418s ]
ERR: 无法加载模块:ImageRepository

[ 2017-11-12T16:00:11+08:00 ] 61.135.165.7 /imageRepository/9af22bd7-c3ed-470f-8a68-02d614616243.jpg
INFO: [ app_init ] --START--
INFO: Run Behavior\BuildLiteBehavior [ RunTime:0.000016s ]
INFO: [ app_init ] --END-- [ RunTime:0.000421s ]
ERR: 无法加载模块:ImageRepository

[ 2017-11-12T16:00:11+08:00 ] 61.135.169.42 /imageRepository/9af22bd7-c3ed-470f-8a68-02d614616243.jpg
INFO: [ app_init ] --START--
INFO: Run Behavior\BuildLiteBehavior [ RunTime:0.000018s ]
INFO: [ app_init ] --END-- [ RunTime:0.000443s ]
ERR: 无法加载模块:ImageRepository

[ 2017-11-12T16:00:11+08:00 ] 61.135.165.10 /imageRepository/9af22bd7-c3ed-470f-8a68-02d614616243.jpg
INFO: [ app_init ] --START--
INFO: Run Behavior\BuildLiteBehavior [ RunTime:0.000017s ]
INFO: [ app_init ] --END-- [ RunTime:0.000434s ]
ERR: 无法加载模块:ImageRepository

[ 2017-11-12T16:00:11+08:00 ] 61.135.169.42 /imageRepository/9af22bd7-c3ed-470f-8a68-02d614616243.jpg
INFO: [ app_init ] --START--
INFO: Run Behavior\BuildLiteBehavior [ RunTime:0.000017s ]
INFO: [ app_init ] --END-- [ RunTime:0.000413s ]
ERR: 无法加载模块:ImageRepository

[ 2017-11-12T16:00:11+08:00 ] 61.135.165.8 /imageRepository/9af22bd7-c3ed-470f-8a68-02d614616243.jpg
INFO: [ app_init ] --START--
INFO: Run Behavior\BuildLiteBehavior [ RunTime:0.000016s ]
INFO: [ app_init ] --END-- [ RunTime:0.000380s ]
ERR: 无法加载模块:ImageRepository

[ 2017-11-12T16:00:11+08:00 ] 61.135.165.8 /imageRepository/9af22bd7-c3ed-470f-8a68-02d614616243.jpg
INFO: [ app_init ] --START--
INFO: Run Behavior\BuildLiteBehavior [ RunTime:0.000017s ]
INFO: [ app_init ] --END-- [ RunTime:0.000420s ]
ERR: 无法加载模块:ImageRepository

[ 2017-11-12T16:00:39+08:00 ] 203.208.60.224 /cases_list/pmcId=171.html
INFO: [ app_init ] --START--
INFO: Run Behavior\BuildLiteBehavior [ RunTime:0.000017s ]
INFO: [ app_init ] --END-- [ RunTime:0.000425s ]
ERR: 无法加载模块:Cases_list

[ 2017-11-12T16:03:39+08:00 ] 117.157.176.91 /index.html
INFO: [ app_init ] --START--
INFO: Run Behavior\BuildLiteBehavior [ RunTime:0.000018s ]
INFO: [ app_init ] --END-- [ RunTime:0.000421s ]
ERR: 无法加载模块:Index

[ 2017-11-12T16:03:41+08:00 ] 117.157.176.91 /favicon.ico
INFO: [ app_init ] --START--
INFO: Run Behavior\BuildLiteBehavior [ RunTime:0.000017s ]
INFO: [ app_init ] --END-- [ RunTime:0.000417s ]
ERR: 无法加载模块:Favicon

[ 2017-11-12T16:08:11+08:00 ] 106.11.154.188 /mxocean_list/pmcId=188.html
INFO: [ app_init ] --START--
INFO: Run Behavior\BuildLiteBehavior [ RunTime:0.000017s ]
INFO: [ app_init ] --END-- [ RunTime:0.000438s ]
ERR: 无法加载模块:Mxocean_list

[ 2017-11-12T16:09:01+08:00 ] 40.77.167.78 /solution_detail/productId=86.html
INFO: [ app_init ] --START--
INFO: Run Behavior\BuildLiteBehavior [ RunTime:0.000018s ]
INFO: [ app_init ] --END-- [ RunTime:0.000415s ]
ERR: 无法加载模块:Solution_detail

[ 2017-11-12T16:09:21+08:00 ] 220.181.108.116 /solution_list/pmcId=221.html
INFO: [ app_init ] --START--
INFO: Run Behavior\BuildLiteBehavior [ RunTime:0.000018s ]
INFO: [ app_init ] --END-- [ RunTime:0.000402s ]
ERR: 无法加载模块:Solution_list

[ 2017-11-12T16:18:13+08:00 ] 203.208.60.223 /solution_list/pmcId=189.html
INFO: [ app_init ] --START--
INFO: Run Behavior\BuildLiteBehavior [ RunTime:0.000018s ]
INFO: [ app_init ] --END-- [ RunTime:0.000409s ]
ERR: 无法加载模块:Solution_list

[ 2017-11-12T16:22:29+08:00 ] 117.157.176.91 /index.html
INFO: [ app_init ] --START--
INFO: Run Behavior\BuildLiteBehavior [ RunTime:0.000018s ]
INFO: [ app_init ] --END-- [ RunTime:0.000444s ]
ERR: 无法加载模块:Index

[ 2017-11-12T16:22:39+08:00 ] 117.157.176.91 /styles/lib.min.css?t=1498790337234.css
INFO: [ app_init ] --START--
INFO: Run Behavior\BuildLiteBehavior [ RunTime:0.000018s ]
INFO: [ app_init ] --END-- [ RunTime:0.000439s ]
ERR: 无法加载模块:Styles

[ 2017-11-12T16:22:39+08:00 ] 117.157.176.91 /styles/doc.css
INFO: [ app_init ] --START--
INFO: Run Behavior\BuildLiteBehavior [ RunTime:0.000016s ]
INFO: [ app_init ] --END-- [ RunTime:0.000412s ]
ERR: 无法加载模块:Styles

[ 2017-11-12T16:22:39+08:00 ] 117.157.176.91 /styles/page_index.min.css?t=1498790337234.css
INFO: [ app_init ] --START--
INFO: Run Behavior\BuildLiteBehavior [ RunTime:0.000017s ]
INFO: [ app_init ] --END-- [ RunTime:0.000430s ]
ERR: 无法加载模块:Styles

[ 2017-11-12T16:22:39+08:00 ] 117.157.176.91 /styles/1col_doc.css
INFO: [ app_init ] --START--
INFO: Run Behavior\BuildLiteBehavior [ RunTime:0.000017s ]
INFO: [ app_init ] --END-- [ RunTime:0.000401s ]
ERR: 无法加载模块:Styles

[ 2017-11-12T16:22:40+08:00 ] 117.157.176.91 /imageRepository/91d16862-7e05-432a-adb9-625296ad911a.jpg
INFO: [ app_init ] --START--
INFO: Run Behavior\BuildLiteBehavior [ RunTime:0.000017s ]
INFO: [ app_init ] --END-- [ RunTime:0.000432s ]
ERR: 无法加载模块:ImageRepository

[ 2017-11-12T16:22:40+08:00 ] 117.157.176.91 /imageRepository/69135c9e-e162-4dba-b73f-5b038c0f5305.jpg
INFO: [ app_init ] --START--
INFO: Run Behavior\BuildLiteBehavior [ RunTime:0.000017s ]
INFO: [ app_init ] --END-- [ RunTime:0.000410s ]
ERR: 无法加载模块:ImageRepository

[ 2017-11-12T16:22:40+08:00 ] 117.157.176.91 /imageRepository/332550c6-91ce-4354-a5a2-0c68667e8cf5.png
INFO: [ app_init ] --START--
INFO: Run Behavior\BuildLiteBehavior [ RunTime:0.000017s ]
INFO: [ app_init ] --END-- [ RunTime:0.000413s ]
ERR: 无法加载模块:ImageRepository

[ 2017-11-12T16:22:40+08:00 ] 117.157.176.91 /imageRepository/067c9f59-aadc-4cc7-9c0f-2bd99861eeab.jpg
INFO: [ app_init ] --START--
INFO: Run Behavior\BuildLiteBehavior [ RunTime:0.000017s ]
INFO: [ app_init ] --END-- [ RunTime:0.000385s ]
ERR: 无法加载模块:ImageRepository

[ 2017-11-12T16:22:40+08:00 ] 117.157.176.91 /imageRepository/a2dbab36-b897-4038-afa1-69c3eeddbb00.jpg
INFO: [ app_init ] --START--
INFO: Run Behavior\BuildLiteBehavior [ RunTime:0.000016s ]
INFO: [ app_init ] --END-- [ RunTime:0.000372s ]
ERR: 无法加载模块:ImageRepository

[ 2017-11-12T16:22:40+08:00 ] 117.157.176.91 /imageRepository/5a811ecc-f965-474f-9e34-a79a39e046cc.jpg
INFO: [ app_init ] --START--
INFO: Run Behavior\BuildLiteBehavior [ RunTime:0.000017s ]
INFO: [ app_init ] --END-- [ RunTime:0.000424s ]
ERR: 无法加载模块:ImageRepository

[ 2017-11-12T16:22:40+08:00 ] 117.157.176.91 /imageRepository/8f82ef48-85b8-4f7d-a6d8-c4cd62863bda.jpg
INFO: [ app_init ] --START--
INFO: Run Behavior\BuildLiteBehavior [ RunTime:0.000017s ]
INFO: [ app_init ] --END-- [ RunTime:0.000419s ]
ERR: 无法加载模块:ImageRepository

[ 2017-11-12T16:22:40+08:00 ] 117.157.176.91 /imageRepository/6ba08e08-cd50-46b1-893b-717b00e27f24.jpg
INFO: [ app_init ] --START--
INFO: Run Behavior\BuildLiteBehavior [ RunTime:0.000016s ]
INFO: [ app_init ] --END-- [ RunTime:0.000396s ]
ERR: 无法加载模块:ImageRepository

[ 2017-11-12T16:22:40+08:00 ] 117.157.176.91 /imageRepository/c7ef143b-8d8e-4d86-8085-696a00e3bdcb.jpg
INFO: [ app_init ] --START--
INFO: Run Behavior\BuildLiteBehavior [ RunTime:0.000017s ]
INFO: [ app_init ] --END-- [ RunTime:0.000398s ]
ERR: 无法加载模块:ImageRepository

[ 2017-11-12T16:22:40+08:00 ] 117.157.176.91 /imageRepository/0a67abca-a453-4e91-a041-f9b67f66909e.jpg
INFO: [ app_init ] --START--
INFO: Run Behavior\BuildLiteBehavior [ RunTime:0.000016s ]
INFO: [ app_init ] --END-- [ RunTime:0.000385s ]
ERR: 无法加载模块:ImageRepository

[ 2017-11-12T16:22:49+08:00 ] 117.157.176.91 /news_list/newsCategoryId=3.html
INFO: [ app_init ] --START--
INFO: Run Behavior\BuildLiteBehavior [ RunTime:0.000018s ]
INFO: [ app_init ] --END-- [ RunTime:0.000408s ]
ERR: 无法加载模块:News_list

[ 2017-11-12T16:28:34+08:00 ] 40.77.167.78 /solution_detail/productId=78.html
INFO: [ app_init ] --START--
INFO: Run Behavior\BuildLiteBehavior [ RunTime:0.000017s ]
INFO: [ app_init ] --END-- [ RunTime:0.000452s ]
ERR: 无法加载模块:Solution_detail

[ 2017-11-12T16:37:38+08:00 ] 180.149.143.145 /imageRepository/7cbd0e95-64ee-4034-bd05-793651668930.jpg
INFO: [ app_init ] --START--
INFO: Run Behavior\BuildLiteBehavior [ RunTime:0.000018s ]
INFO: [ app_init ] --END-- [ RunTime:0.000432s ]
ERR: 无法加载模块:ImageRepository

[ 2017-11-12T16:37:40+08:00 ] 123.125.71.74 /mxocean_list/pmcId=164.html
INFO: [ app_init ] --START--
INFO: Run Behavior\BuildLiteBehavior [ RunTime:0.000018s ]
INFO: [ app_init ] --END-- [ RunTime:0.000401s ]
ERR: 无法加载模块:Mxocean_list

[ 2017-11-12T16:38:47+08:00 ] 180.149.143.141 /imageRepository/7cbd0e95-64ee-4034-bd05-793651668930.jpg
INFO: [ app_init ] --START--
INFO: Run Behavior\BuildLiteBehavior [ RunTime:0.000017s ]
INFO: [ app_init ] --END-- [ RunTime:0.000411s ]
ERR: 无法加载模块:ImageRepository

[ 2017-11-12T16:38:52+08:00 ] 180.149.143.137 /imageRepository/7cbd0e95-64ee-4034-bd05-793651668930.jpg
INFO: [ app_init ] --START--
INFO: Run Behavior\BuildLiteBehavior [ RunTime:0.000016s ]
INFO: [ app_init ] --END-- [ RunTime:0.000434s ]
ERR: 无法加载模块:ImageRepository

[ 2017-11-12T16:39:01+08:00 ] 49.98.79.244 /imageRepository/7cbd0e95-64ee-4034-bd05-793651668930.jpg
INFO: [ app_init ] --START--
INFO: Run Behavior\BuildLiteBehavior [ RunTime:0.000029s ]
INFO: [ app_init ] --END-- [ RunTime:0.000422s ]
ERR: 无法加载模块:ImageRepository

[ 2017-11-12T16:39:04+08:00 ] 180.97.106.137 ///technology/&i=18&comContentId=18.html
INFO: [ app_init ] --START--
INFO: Run Behavior\BuildLiteBehavior [ RunTime:0.000016s ]
INFO: [ app_init ] --END-- [ RunTime:0.000389s ]
ERR: 无法加载模块:Technology

[ 2017-11-12T16:52:43+08:00 ] 117.135.227.60 /imageRepository/291b2a37-7f4f-42a4-8333-5db845ca8dfd.png
INFO: [ app_init ] --START--
INFO: Run Behavior\BuildLiteBehavior [ RunTime:0.000018s ]
INFO: [ app_init ] --END-- [ RunTime:0.000439s ]
ERR: 无法加载模块:ImageRepository

[ 2017-11-12T16:55:37+08:00 ] 117.135.227.60 /imageRepository/291b2a37-7f4f-42a4-8333-5db845ca8dfd.png
INFO: [ app_init ] --START--
INFO: Run Behavior\BuildLiteBehavior [ RunTime:0.000017s ]
INFO: [ app_init ] --END-- [ RunTime:0.000429s ]
ERR: 无法加载模块:ImageRepository

[ 2017-11-12T16:59:12+08:00 ] 117.135.227.60 /imageRepository/291b2a37-7f4f-42a4-8333-5db845ca8dfd.png
INFO: [ app_init ] --START--
INFO: Run Behavior\BuildLiteBehavior [ RunTime:0.000018s ]
INFO: [ app_init ] --END-- [ RunTime:0.000420s ]
ERR: 无法加载模块:ImageRepository

[ 2017-11-12T17:01:49+08:00 ] 157.55.39.165 /cases_list/pmcId=164.html
INFO: [ app_init ] --START--
INFO: Run Behavior\BuildLiteBehavior [ RunTime:0.000018s ]
INFO: [ app_init ] --END-- [ RunTime:0.000428s ]
ERR: 无法加载模块:Cases_list

[ 2017-11-12T17:03:33+08:00 ] 157.55.39.165 /technology_detail/productId=31.html
INFO: [ app_init ] --START--
INFO: Run Behavior\BuildLiteBehavior [ RunTime:0.000029s ]
INFO: [ app_init ] --END-- [ RunTime:0.000465s ]
ERR: 无法加载模块:Technology_detail

[ 2017-11-12T17:04:12+08:00 ] 123.125.71.52 /news_list/newsCategoryId=7.html
INFO: [ app_init ] --START--
INFO: Run Behavior\BuildLiteBehavior [ RunTime:0.000018s ]
INFO: [ app_init ] --END-- [ RunTime:0.000407s ]
ERR: 无法加载模块:News_list

[ 2017-11-12T17:17:51+08:00 ] 40.77.167.78 /solution_detail/productId=81.html
INFO: [ app_init ] --START--
INFO: Run Behavior\BuildLiteBehavior [ RunTime:0.000018s ]
INFO: [ app_init ] --END-- [ RunTime:0.000428s ]
ERR: 无法加载模块:Solution_detail

[ 2017-11-12T17:18:32+08:00 ] 106.11.153.169 /solution_detail/productId=78.html
INFO: [ app_init ] --START--
INFO: Run Behavior\BuildLiteBehavior [ RunTime:0.000017s ]
INFO: [ app_init ] --END-- [ RunTime:0.000395s ]
ERR: 无法加载模块:Solution_detail

[ 2017-11-12T17:18:32+08:00 ] 107.150.59.98 /robots.txt
INFO: [ app_init ] --START--
INFO: Run Behavior\BuildLiteBehavior [ RunTime:0.000018s ]
INFO: [ app_init ] --END-- [ RunTime:0.000441s ]
ERR: 无法加载模块:Robots

[ 2017-11-12T17:18:35+08:00 ] 107.150.59.98 /columns_detail/i=42&comContentId=42.html
INFO: [ app_init ] --START--
INFO: Run Behavior\BuildLiteBehavior [ RunTime:0.000017s ]
INFO: [ app_init ] --END-- [ RunTime:0.000432s ]
ERR: 无法加载模块:Columns_detail

[ 2017-11-12T17:18:53+08:00 ] 107.150.59.98 /comcontent_detail/i=40&comContentId=40.html
INFO: [ app_init ] --START--
INFO: Run Behavior\BuildLiteBehavior [ RunTime:0.000017s ]
INFO: [ app_init ] --END-- [ RunTime:0.000437s ]
ERR: 无法加载模块:Comcontent_detail

[ 2017-11-12T17:19:11+08:00 ] 107.150.59.98 /comcontent_detail/i=41&comContentId=41.html
INFO: [ app_init ] --START--
INFO: Run Behavior\BuildLiteBehavior [ RunTime:0.000018s ]
INFO: [ app_init ] --END-- [ RunTime:0.000428s ]
ERR: 无法加载模块:Comcontent_detail

[ 2017-11-12T17:19:14+08:00 ] 107.150.59.98 /messages_list/i=8&comContentId=8.html
INFO: [ app_init ] --START--
INFO: Run Behavior\BuildLiteBehavior [ RunTime:0.000017s ]
INFO: [ app_init ] --END-- [ RunTime:0.000421s ]
ERR: 无法加载模块:Messages_list

[ 2017-11-12T17:19:19+08:00 ] 107.150.59.98 /mxocean_detail/productId=33.html
INFO: [ app_init ] --START--
INFO: Run Behavior\BuildLiteBehavior [ RunTime:0.000017s ]
INFO: [ app_init ] --END-- [ RunTime:0.000428s ]
ERR: 无法加载模块:Mxocean_detail

[ 2017-11-12T17:30:44+08:00 ] 123.125.71.111 /technology_detail/productId=48.html
INFO: [ app_init ] --START--
INFO: Run Behavior\BuildLiteBehavior [ RunTime:0.000017s ]
INFO: [ app_init ] --END-- [ RunTime:0.000429s ]
ERR: 无法加载模块:Technology_detail

[ 2017-11-12T17:49:37+08:00 ] 157.55.39.45 /solution_list/pmcId=141.html
INFO: [ app_init ] --START--
INFO: Run Behavior\BuildLiteBehavior [ RunTime:0.000018s ]
INFO: [ app_init ] --END-- [ RunTime:0.000444s ]
ERR: 无法加载模块:Solution_list

[ 2017-11-12T18:35:30+08:00 ] 157.55.39.100 /imageRepository/4b0dedb0-46ae-4aad-ad86-6f84eac373b7.jpg
INFO: [ app_init ] --START--
INFO: Run Behavior\BuildLiteBehavior [ RunTime:0.000017s ]
INFO: [ app_init ] --END-- [ RunTime:0.000429s ]
ERR: 无法加载模块:ImageRepository

[ 2017-11-12T19:01:43+08:00 ] 157.55.39.100 /solution_detail/productId=86.html
INFO: [ app_init ] --START--
INFO: Run Behavior\BuildLiteBehavior [ RunTime:0.000018s ]
INFO: [ app_init ] --END-- [ RunTime:0.000414s ]
ERR: 无法加载模块:Solution_detail

[ 2017-11-12T19:07:54+08:00 ] 203.208.60.223 /robots.txt
INFO: [ app_init ] --START--
INFO: Run Behavior\BuildLiteBehavior [ RunTime:0.000017s ]
INFO: [ app_init ] --END-- [ RunTime:0.000425s ]
ERR: 无法加载模块:Robots

[ 2017-11-12T19:24:11+08:00 ] 106.11.154.188 /service_list/i=7&comContentId=7.html
INFO: [ app_init ] --START--
INFO: Run Behavior\BuildLiteBehavior [ RunTime:0.000018s ]
INFO: [ app_init ] --END-- [ RunTime:0.000401s ]
ERR: 无法加载模块:Service_list

[ 2017-11-12T19:43:19+08:00 ] 157.55.39.165 /mxocean_list/pmcId=181.html
INFO: [ app_init ] --START--
INFO: Run Behavior\BuildLiteBehavior [ RunTime:0.000018s ]
INFO: [ app_init ] --END-- [ RunTime:0.000429s ]
ERR: 无法加载模块:Mxocean_list

[ 2017-11-12T19:44:28+08:00 ] 157.55.39.100 /mxocean_list/pmcId=173.html
INFO: [ app_init ] --START--
INFO: Run Behavior\BuildLiteBehavior [ RunTime:0.000018s ]
INFO: [ app_init ] --END-- [ RunTime:0.000431s ]
ERR: 无法加载模块:Mxocean_list

[ 2017-11-12T20:11:54+08:00 ] 61.135.169.43 /imageRepository/9af22bd7-c3ed-470f-8a68-02d614616243.jpg
INFO: [ app_init ] --START--
INFO: Run Behavior\BuildLiteBehavior [ RunTime:0.000028s ]
INFO: [ app_init ] --END-- [ RunTime:0.000420s ]
ERR: 无法加载模块:ImageRepository

[ 2017-11-12T20:11:54+08:00 ] 61.135.165.42 /imageRepository/9af22bd7-c3ed-470f-8a68-02d614616243.jpg
INFO: [ app_init ] --START--
INFO: Run Behavior\BuildLiteBehavior [ RunTime:0.000018s ]
INFO: [ app_init ] --END-- [ RunTime:0.000420s ]
ERR: 无法加载模块:ImageRepository

[ 2017-11-12T20:11:54+08:00 ] 61.135.165.7 /imageRepository/9af22bd7-c3ed-470f-8a68-02d614616243.jpg
INFO: [ app_init ] --START--
INFO: Run Behavior\BuildLiteBehavior [ RunTime:0.000016s ]
INFO: [ app_init ] --END-- [ RunTime:0.000379s ]
ERR: 无法加载模块:ImageRepository

[ 2017-11-12T20:11:54+08:00 ] 61.135.169.41 /imageRepository/9af22bd7-c3ed-470f-8a68-02d614616243.jpg
INFO: [ app_init ] --START--
INFO: Run Behavior\BuildLiteBehavior [ RunTime:0.000017s ]
INFO: [ app_init ] --END-- [ RunTime:0.000422s ]
ERR: 无法加载模块:ImageRepository

[ 2017-11-12T20:11:54+08:00 ] 61.135.165.7 /imageRepository/9af22bd7-c3ed-470f-8a68-02d614616243.jpg
INFO: [ app_init ] --START--
INFO: Run Behavior\BuildLiteBehavior [ RunTime:0.000017s ]
INFO: [ app_init ] --END-- [ RunTime:0.000436s ]
ERR: 无法加载模块:ImageRepository

[ 2017-11-12T20:11:55+08:00 ] 61.135.169.40 /imageRepository/9af22bd7-c3ed-470f-8a68-02d614616243.jpg
INFO: [ app_init ] --START--
INFO: Run Behavior\BuildLiteBehavior [ RunTime:0.000017s ]
INFO: [ app_init ] --END-- [ RunTime:0.000421s ]
ERR: 无法加载模块:ImageRepository

[ 2017-11-12T20:11:55+08:00 ] 61.135.165.7 /imageRepository/9af22bd7-c3ed-470f-8a68-02d614616243.jpg
INFO: [ app_init ] --START--
INFO: Run Behavior\BuildLiteBehavior [ RunTime:0.000016s ]
INFO: [ app_init ] --END-- [ RunTime:0.000391s ]
ERR: 无法加载模块:ImageRepository

[ 2017-11-12T20:11:55+08:00 ] 61.135.169.40 /imageRepository/9af22bd7-c3ed-470f-8a68-02d614616243.jpg
INFO: [ app_init ] --START--
INFO: Run Behavior\BuildLiteBehavior [ RunTime:0.000017s ]
INFO: [ app_init ] --END-- [ RunTime:0.000430s ]
ERR: 无法加载模块:ImageRepository

[ 2017-11-12T20:12:15+08:00 ] 203.208.60.223 /sitemap.xml
INFO: [ app_init ] --START--
INFO: Run Behavior\BuildLiteBehavior [ RunTime:0.000018s ]
INFO: [ app_init ] --END-- [ RunTime:0.000421s ]
ERR: 无法加载模块:Sitemap

[ 2017-11-12T20:12:59+08:00 ] 157.55.39.100 /adv_picture_list.html
INFO: [ app_init ] --START--
INFO: Run Behavior\BuildLiteBehavior [ RunTime:0.000017s ]
INFO: [ app_init ] --END-- [ RunTime:0.000386s ]
ERR: 无法加载模块:Adv_picture_list

[ 2017-11-12T20:17:24+08:00 ] 61.135.165.40 /imageRepository/9af22bd7-c3ed-470f-8a68-02d614616243.jpg
INFO: [ app_init ] --START--
INFO: Run Behavior\BuildLiteBehavior [ RunTime:0.000017s ]
INFO: [ app_init ] --END-- [ RunTime:0.000391s ]
ERR: 无法加载模块:ImageRepository

[ 2017-11-12T20:17:24+08:00 ] 61.135.165.7 /imageRepository/9af22bd7-c3ed-470f-8a68-02d614616243.jpg
INFO: [ app_init ] --START--
INFO: Run Behavior\BuildLiteBehavior [ RunTime:0.000016s ]
INFO: [ app_init ] --END-- [ RunTime:0.000417s ]
ERR: 无法加载模块:ImageRepository

[ 2017-11-12T20:17:24+08:00 ] 61.135.165.7 /imageRepository/9af22bd7-c3ed-470f-8a68-02d614616243.jpg
INFO: [ app_init ] --START--
INFO: Run Behavior\BuildLiteBehavior [ RunTime:0.000016s ]
INFO: [ app_init ] --END-- [ RunTime:0.000425s ]
ERR: 无法加载模块:ImageRepository

[ 2017-11-12T20:17:25+08:00 ] 61.135.169.43 /imageRepository/9af22bd7-c3ed-470f-8a68-02d614616243.jpg
INFO: [ app_init ] --START--
INFO: Run Behavior\BuildLiteBehavior [ RunTime:0.000018s ]
INFO: [ app_init ] --END-- [ RunTime:0.000422s ]
ERR: 无法加载模块:ImageRepository

[ 2017-11-12T20:17:25+08:00 ] 61.135.169.40 /imageRepository/9af22bd7-c3ed-470f-8a68-02d614616243.jpg
INFO: [ app_init ] --START--
INFO: Run Behavior\BuildLiteBehavior [ RunTime:0.000017s ]
INFO: [ app_init ] --END-- [ RunTime:0.000379s ]
ERR: 无法加载模块:ImageRepository

[ 2017-11-12T20:17:25+08:00 ] 61.135.165.7 /imageRepository/9af22bd7-c3ed-470f-8a68-02d614616243.jpg
INFO: [ app_init ] --START--
INFO: Run Behavior\BuildLiteBehavior [ RunTime:0.000017s ]
INFO: [ app_init ] --END-- [ RunTime:0.000424s ]
ERR: 无法加载模块:ImageRepository

[ 2017-11-12T20:17:25+08:00 ] 61.135.165.10 /imageRepository/9af22bd7-c3ed-470f-8a68-02d614616243.jpg
INFO: [ app_init ] --START--
INFO: Run Behavior\BuildLiteBehavior [ RunTime:0.000018s ]
INFO: [ app_init ] --END-- [ RunTime:0.000418s ]
ERR: 无法加载模块:ImageRepository

[ 2017-11-12T20:17:25+08:00 ] 61.135.165.10 /imageRepository/9af22bd7-c3ed-470f-8a68-02d614616243.jpg
INFO: [ app_init ] --START--
INFO: Run Behavior\BuildLiteBehavior [ RunTime:0.000017s ]
INFO: [ app_init ] --END-- [ RunTime:0.000416s ]
ERR: 无法加载模块:ImageRepository

[ 2017-11-12T20:24:13+08:00 ] 157.55.39.45 /cases_list/pmcId=183.html
INFO: [ app_init ] --START--
INFO: Run Behavior\BuildLiteBehavior [ RunTime:0.000018s ]
INFO: [ app_init ] --END-- [ RunTime:0.000442s ]
ERR: 无法加载模块:Cases_list

[ 2017-11-12T20:34:15+08:00 ] 123.126.113.129 /dataproducts/show/1.html
INFO: [ app_init ] --START--
INFO: Run Behavior\BuildLiteBehavior [ RunTime:0.000018s ]
INFO: [ app_init ] --END-- [ RunTime:0.000435s ]
ERR: 无法加载模块:Dataproducts

[ 2017-11-12T20:34:25+08:00 ] 123.126.113.129 /solution/show/1.html
INFO: [ app_init ] --START--
INFO: Run Behavior\BuildLiteBehavior [ RunTime:0.000016s ]
INFO: [ app_init ] --END-- [ RunTime:0.000425s ]
ERR: 无法加载模块:Solution

[ 2017-11-12T20:34:35+08:00 ] 123.126.113.129 /dataproducts/show/3.html
INFO: [ app_init ] --START--
INFO: Run Behavior\BuildLiteBehavior [ RunTime:0.000016s ]
INFO: [ app_init ] --END-- [ RunTime:0.000420s ]
ERR: 无法加载模块:Dataproducts

[ 2017-11-12T20:34:45+08:00 ] 123.126.113.129 /dataproducts/show/5.html
INFO: [ app_init ] --START--
INFO: Run Behavior\BuildLiteBehavior [ RunTime:0.000017s ]
INFO: [ app_init ] --END-- [ RunTime:0.000433s ]
ERR: 无法加载模块:Dataproducts

[ 2017-11-12T20:34:55+08:00 ] 123.126.113.129 /news_detail/newsId=82.html
INFO: [ app_init ] --START--
INFO: Run Behavior\BuildLiteBehavior [ RunTime:0.000018s ]
INFO: [ app_init ] --END-- [ RunTime:0.000419s ]
ERR: 无法加载模块:News_detail

[ 2017-11-12T20:35:05+08:00 ] 123.126.113.129 /technology_detail/productId=89.html
INFO: [ app_init ] --START--
INFO: Run Behavior\BuildLiteBehavior [ RunTime:0.000016s ]
INFO: [ app_init ] --END-- [ RunTime:0.000439s ]
ERR: 无法加载模块:Technology_detail

[ 2017-11-12T20:35:15+08:00 ] 123.126.113.129 /mxocean_list/pmcId=234.html
INFO: [ app_init ] --START--
INFO: Run Behavior\BuildLiteBehavior [ RunTime:0.000018s ]
INFO: [ app_init ] --END-- [ RunTime:0.000432s ]
ERR: 无法加载模块:Mxocean_list

[ 2017-11-12T20:35:25+08:00 ] 123.126.113.129 /mxocean_detail/productId=90.html
INFO: [ app_init ] --START--
INFO: Run Behavior\BuildLiteBehavior [ RunTime:0.000018s ]
INFO: [ app_init ] --END-- [ RunTime:0.000428s ]
ERR: 无法加载模块:Mxocean_detail

[ 2017-11-12T20:35:35+08:00 ] 123.126.113.129 /technology_detail/productId=63.html
INFO: [ app_init ] --START--
INFO: Run Behavior\BuildLiteBehavior [ RunTime:0.000017s ]
INFO: [ app_init ] --END-- [ RunTime:0.000408s ]
ERR: 无法加载模块:Technology_detail

[ 2017-11-12T20:35:45+08:00 ] 123.126.113.129 /solution_list/pmcId=191.html
INFO: [ app_init ] --START--
INFO: Run Behavior\BuildLiteBehavior [ RunTime:0.000017s ]
INFO: [ app_init ] --END-- [ RunTime:0.000391s ]
ERR: 无法加载模块:Solution_list

[ 2017-11-12T20:35:55+08:00 ] 123.126.113.129 /mxocean_list/pmcId=186.html
INFO: [ app_init ] --START--
INFO: Run Behavior\BuildLiteBehavior [ RunTime:0.000018s ]
INFO: [ app_init ] --END-- [ RunTime:0.000419s ]
ERR: 无法加载模块:Mxocean_list

[ 2017-11-12T20:36:05+08:00 ] 123.126.113.129 /technology_detail/productId=56.html
INFO: [ app_init ] --START--
INFO: Run Behavior\BuildLiteBehavior [ RunTime:0.000017s ]
INFO: [ app_init ] --END-- [ RunTime:0.000428s ]
ERR: 无法加载模块:Technology_detail

[ 2017-11-12T20:36:15+08:00 ] 123.126.113.129 /mxocean_detail/productId=52.html
INFO: [ app_init ] --START--
INFO: Run Behavior\BuildLiteBehavior [ RunTime:0.000017s ]
INFO: [ app_init ] --END-- [ RunTime:0.000432s ]
ERR: 无法加载模块:Mxocean_detail

[ 2017-11-12T20:36:25+08:00 ] 123.126.113.129 /mxocean_list/pmcId=142.html
INFO: [ app_init ] --START--
INFO: Run Behavior\BuildLiteBehavior [ RunTime:0.000017s ]
INFO: [ app_init ] --END-- [ RunTime:0.000403s ]
ERR: 无法加载模块:Mxocean_list

[ 2017-11-12T20:36:36+08:00 ] 123.126.113.129 /mxocean_list/pmcId=148.html
INFO: [ app_init ] --START--
INFO: Run Behavior\BuildLiteBehavior [ RunTime:0.000018s ]
INFO: [ app_init ] --END-- [ RunTime:0.000425s ]
ERR: 无法加载模块:Mxocean_list

[ 2017-11-12T20:36:46+08:00 ] 123.126.113.129 /mxocean_list/&pmcId=51.html
INFO: [ app_init ] --START--
INFO: Run Behavior\BuildLiteBehavior [ RunTime:0.000017s ]
INFO: [ app_init ] --END-- [ RunTime:0.000424s ]
ERR: 无法加载模块:Mxocean_list

[ 2017-11-12T20:36:56+08:00 ] 123.126.113.129 /mxocean_list/&pmcId=142.html
INFO: [ app_init ] --START--
INFO: Run Behavior\BuildLiteBehavior [ RunTime:0.000018s ]
INFO: [ app_init ] --END-- [ RunTime:0.000440s ]
ERR: 无法加载模块:Mxocean_list

[ 2017-11-12T20:37:06+08:00 ] 123.126.113.129 /technology_detail/productId=95.html
INFO: [ app_init ] --START--
INFO: Run Behavior\BuildLiteBehavior [ RunTime:0.000018s ]
INFO: [ app_init ] --END-- [ RunTime:0.000414s ]
ERR: 无法加载模块:Technology_detail

[ 2017-11-12T20:47:12+08:00 ] 106.11.153.169 /technology/i=20&comContentId=20.html
INFO: [ app_init ] --START--
INFO: Run Behavior\BuildLiteBehavior [ RunTime:0.000016s ]
INFO: [ app_init ] --END-- [ RunTime:0.000388s ]
ERR: 无法加载模块:Technology

[ 2017-11-12T21:19:09+08:00 ] 112.80.254.181 /imageRepository/9af22bd7-c3ed-470f-8a68-02d614616243.jpg
INFO: [ app_init ] --START--
INFO: Run Behavior\BuildLiteBehavior [ RunTime:0.000017s ]
INFO: [ app_init ] --END-- [ RunTime:0.000445s ]
ERR: 无法加载模块:ImageRepository

[ 2017-11-12T21:19:10+08:00 ] 112.80.254.145 /imageRepository/9af22bd7-c3ed-470f-8a68-02d614616243.jpg
INFO: [ app_init ] --START--
INFO: Run Behavior\BuildLiteBehavior [ RunTime:0.000017s ]
INFO: [ app_init ] --END-- [ RunTime:0.000422s ]
ERR: 无法加载模块:ImageRepository

[ 2017-11-12T21:19:10+08:00 ] 180.97.35.16 /imageRepository/9af22bd7-c3ed-470f-8a68-02d614616243.jpg
INFO: [ app_init ] --START--
INFO: Run Behavior\BuildLiteBehavior [ RunTime:0.000017s ]
INFO: [ app_init ] --END-- [ RunTime:0.000424s ]
ERR: 无法加载模块:ImageRepository

[ 2017-11-12T21:19:10+08:00 ] 180.97.35.83 /imageRepository/9af22bd7-c3ed-470f-8a68-02d614616243.jpg
INFO: [ app_init ] --START--
INFO: Run Behavior\BuildLiteBehavior [ RunTime:0.000018s ]
INFO: [ app_init ] --END-- [ RunTime:0.000417s ]
ERR: 无法加载模块:ImageRepository

[ 2017-11-12T21:19:10+08:00 ] 180.97.35.200 /imageRepository/9af22bd7-c3ed-470f-8a68-02d614616243.jpg
INFO: [ app_init ] --START--
INFO: Run Behavior\BuildLiteBehavior [ RunTime:0.000016s ]
INFO: [ app_init ] --END-- [ RunTime:0.000380s ]
ERR: 无法加载模块:ImageRepository

[ 2017-11-12T21:19:10+08:00 ] 180.97.35.61 /imageRepository/9af22bd7-c3ed-470f-8a68-02d614616243.jpg
INFO: [ app_init ] --START--
INFO: Run Behavior\BuildLiteBehavior [ RunTime:0.000017s ]
INFO: [ app_init ] --END-- [ RunTime:0.000413s ]
ERR: 无法加载模块:ImageRepository

[ 2017-11-12T21:19:10+08:00 ] 180.97.35.81 /imageRepository/9af22bd7-c3ed-470f-8a68-02d614616243.jpg
INFO: [ app_init ] --START--
INFO: Run Behavior\BuildLiteBehavior [ RunTime:0.000017s ]
INFO: [ app_init ] --END-- [ RunTime:0.000418s ]
ERR: 无法加载模块:ImageRepository

[ 2017-11-12T21:19:10+08:00 ] 180.97.35.81 /imageRepository/9af22bd7-c3ed-470f-8a68-02d614616243.jpg
INFO: [ app_init ] --START--
INFO: Run Behavior\BuildLiteBehavior [ RunTime:0.000015s ]
INFO: [ app_init ] --END-- [ RunTime:0.000362s ]
ERR: 无法加载模块:ImageRepository

[ 2017-11-12T21:21:25+08:00 ] 40.77.167.38 /mxocean_list/pmcId=205.html
INFO: [ app_init ] --START--
INFO: Run Behavior\BuildLiteBehavior [ RunTime:0.000018s ]
INFO: [ app_init ] --END-- [ RunTime:0.000425s ]
ERR: 无法加载模块:Mxocean_list

[ 2017-11-12T21:22:34+08:00 ] 157.55.39.45 /cases_list/pmcId=128.html
INFO: [ app_init ] --START--
INFO: Run Behavior\BuildLiteBehavior [ RunTime:0.000018s ]
INFO: [ app_init ] --END-- [ RunTime:0.000430s ]
ERR: 无法加载模块:Cases_list

[ 2017-11-12T21:31:17+08:00 ] 123.125.71.111 /mxocean_detail/productId=89.html
INFO: [ app_init ] --START--
INFO: Run Behavior\BuildLiteBehavior [ RunTime:0.000018s ]
INFO: [ app_init ] --END-- [ RunTime:0.000424s ]
ERR: 无法加载模块:Mxocean_detail

[ 2017-11-12T21:36:33+08:00 ] 106.11.154.188 /technology/show/11.html
INFO: [ app_init ] --START--
INFO: Run Behavior\BuildLiteBehavior [ RunTime:0.000017s ]
INFO: [ app_init ] --END-- [ RunTime:0.000392s ]
ERR: 无法加载模块:Technology

[ 2017-11-12T21:46:56+08:00 ] 115.239.212.198 /imageRepository/fb3e926a-118d-4880-91d8-d9e74313eb78.jpg
INFO: [ app_init ] --START--
INFO: Run Behavior\BuildLiteBehavior [ RunTime:0.000017s ]
INFO: [ app_init ] --END-- [ RunTime:0.000438s ]
ERR: 无法加载模块:ImageRepository

[ 2017-11-12T21:46:56+08:00 ] 115.239.212.134 /imageRepository/fb3e926a-118d-4880-91d8-d9e74313eb78.jpg
INFO: [ app_init ] --START--
INFO: Run Behavior\BuildLiteBehavior [ RunTime:0.000017s ]
INFO: [ app_init ] --END-- [ RunTime:0.000420s ]
ERR: 无法加载模块:ImageRepository

[ 2017-11-12T21:46:56+08:00 ] 115.239.212.9 /imageRepository/fb3e926a-118d-4880-91d8-d9e74313eb78.jpg
INFO: [ app_init ] --START--
INFO: Run Behavior\BuildLiteBehavior [ RunTime:0.000016s ]
INFO: [ app_init ] --END-- [ RunTime:0.000390s ]
ERR: 无法加载模块:ImageRepository

[ 2017-11-12T21:46:56+08:00 ] 115.239.212.196 /imageRepository/fb3e926a-118d-4880-91d8-d9e74313eb78.jpg
INFO: [ app_init ] --START--
INFO: Run Behavior\BuildLiteBehavior [ RunTime:0.000016s ]
INFO: [ app_init ] --END-- [ RunTime:0.000392s ]
ERR: 无法加载模块:ImageRepository

[ 2017-11-12T21:46:56+08:00 ] 115.239.212.8 /imageRepository/fb3e926a-118d-4880-91d8-d9e74313eb78.jpg
INFO: [ app_init ] --START--
INFO: Run Behavior\BuildLiteBehavior [ RunTime:0.000025s ]
INFO: [ app_init ] --END-- [ RunTime:0.000387s ]
ERR: 无法加载模块:ImageRepository

[ 2017-11-12T21:46:56+08:00 ] 115.239.212.6 /imageRepository/fb3e926a-118d-4880-91d8-d9e74313eb78.jpg
INFO: [ app_init ] --START--
INFO: Run Behavior\BuildLiteBehavior [ RunTime:0.000018s ]
INFO: [ app_init ] --END-- [ RunTime:0.000405s ]
ERR: 无法加载模块:ImageRepository

[ 2017-11-12T21:46:56+08:00 ] 115.239.212.196 /imageRepository/fb3e926a-118d-4880-91d8-d9e74313eb78.jpg
INFO: [ app_init ] --START--
INFO: Run Behavior\BuildLiteBehavior [ RunTime:0.000018s ]
INFO: [ app_init ] --END-- [ RunTime:0.000433s ]
ERR: 无法加载模块:ImageRepository

[ 2017-11-12T21:46:57+08:00 ] 115.239.212.199 /imageRepository/fb3e926a-118d-4880-91d8-d9e74313eb78.jpg
INFO: [ app_init ] --START--
INFO: Run Behavior\BuildLiteBehavior [ RunTime:0.000018s ]
INFO: [ app_init ] --END-- [ RunTime:0.000423s ]
ERR: 无法加载模块:ImageRepository

[ 2017-11-12T21:48:45+08:00 ] 157.55.39.45 /comcontent_detail.html
INFO: [ app_init ] --START--
INFO: Run Behavior\BuildLiteBehavior [ RunTime:0.000017s ]
INFO: [ app_init ] --END-- [ RunTime:0.000410s ]
ERR: 无法加载模块:Comcontent_detail

[ 2017-11-12T21:56:51+08:00 ] 106.11.154.188 /news_detail/newsId=94.html
INFO: [ app_init ] --START--
INFO: Run Behavior\BuildLiteBehavior [ RunTime:0.000017s ]
INFO: [ app_init ] --END-- [ RunTime:0.000417s ]
ERR: 无法加载模块:News_detail

[ 2017-11-12T22:06:58+08:00 ] 203.208.60.225 /products_list/pmcId=202.html
INFO: [ app_init ] --START--
INFO: Run Behavior\BuildLiteBehavior [ RunTime:0.000017s ]
INFO: [ app_init ] --END-- [ RunTime:0.000425s ]
ERR: 无法加载模块:Products_list

[ 2017-11-12T22:07:27+08:00 ] 203.208.60.226 /products_list/pmcId=110.html
INFO: [ app_init ] --START--
INFO: Run Behavior\BuildLiteBehavior [ RunTime:0.000018s ]
INFO: [ app_init ] --END-- [ RunTime:0.000445s ]
ERR: 无法加载模块:Products_list

[ 2017-11-12T22:08:45+08:00 ] 203.208.60.224 /solution_list/pmcId=205.html
INFO: [ app_init ] --START--
INFO: Run Behavior\BuildLiteBehavior [ RunTime:0.000018s ]
INFO: [ app_init ] --END-- [ RunTime:0.000420s ]
ERR: 无法加载模块:Solution_list

[ 2017-11-12T22:09:35+08:00 ] 203.208.60.226 /products_list/pmcId=140.html
INFO: [ app_init ] --START--
INFO: Run Behavior\BuildLiteBehavior [ RunTime:0.000018s ]
INFO: [ app_init ] --END-- [ RunTime:0.000410s ]
ERR: 无法加载模块:Products_list

[ 2017-11-12T22:10:11+08:00 ] 203.208.60.223 /products_list/pmcId=188.html
INFO: [ app_init ] --START--
INFO: Run Behavior\BuildLiteBehavior [ RunTime:0.000018s ]
INFO: [ app_init ] --END-- [ RunTime:0.000409s ]
ERR: 无法加载模块:Products_list

[ 2017-11-12T22:10:36+08:00 ] 203.208.60.225 /products_list/pmcId=234.html
INFO: [ app_init ] --START--
INFO: Run Behavior\BuildLiteBehavior [ RunTime:0.000018s ]
INFO: [ app_init ] --END-- [ RunTime:0.000429s ]
ERR: 无法加载模块:Products_list

[ 2017-11-12T22:10:59+08:00 ] 203.208.60.224 /products_list/pmcId=233.html
INFO: [ app_init ] --START--
INFO: Run Behavior\BuildLiteBehavior [ RunTime:0.000018s ]
INFO: [ app_init ] --END-- [ RunTime:0.000439s ]
ERR: 无法加载模块:Products_list

[ 2017-11-12T22:11:55+08:00 ] 203.208.60.224 /products_list/pmcId=228.html
INFO: [ app_init ] --START--
INFO: Run Behavior\BuildLiteBehavior [ RunTime:0.000018s ]
INFO: [ app_init ] --END-- [ RunTime:0.000410s ]
ERR: 无法加载模块:Products_list

[ 2017-11-12T22:12:19+08:00 ] 203.208.60.225 /products_list/pmcId=193.html
INFO: [ app_init ] --START--
INFO: Run Behavior\BuildLiteBehavior [ RunTime:0.000018s ]
INFO: [ app_init ] --END-- [ RunTime:0.000425s ]
ERR: 无法加载模块:Products_list

[ 2017-11-12T22:12:46+08:00 ] 157.55.39.100 /news_detail0/newsId=60.html
INFO: [ app_init ] --START--
INFO: Run Behavior\BuildLiteBehavior [ RunTime:0.000018s ]
INFO: [ app_init ] --END-- [ RunTime:0.000438s ]
ERR: 无法加载模块:News_detail0

[ 2017-11-12T22:13:23+08:00 ] 180.149.143.148 /imageRepository/9af22bd7-c3ed-470f-8a68-02d614616243.jpg
INFO: [ app_init ] --START--
INFO: Run Behavior\BuildLiteBehavior [ RunTime:0.000017s ]
INFO: [ app_init ] --END-- [ RunTime:0.000403s ]
ERR: 无法加载模块:ImageRepository

[ 2017-11-12T22:14:53+08:00 ] 203.208.60.223 /products_list/pmcId=187.html
INFO: [ app_init ] --START--
INFO: Run Behavior\BuildLiteBehavior [ RunTime:0.000018s ]
INFO: [ app_init ] --END-- [ RunTime:0.000412s ]
ERR: 无法加载模块:Products_list

[ 2017-11-12T22:15:16+08:00 ] 113.109.50.195 /favicon.ico
INFO: [ app_init ] --START--
INFO: Run Behavior\BuildLiteBehavior [ RunTime:0.000017s ]
INFO: [ app_init ] --END-- [ RunTime:0.000409s ]
ERR: 无法加载模块:Favicon

[ 2017-11-12T22:15:28+08:00 ] 113.109.50.195 /Publicjs/base.js
INFO: [ app_init ] --START--
INFO: Run Behavior\BuildLiteBehavior [ RunTime:0.000018s ]
INFO: [ app_init ] --END-- [ RunTime:0.000397s ]
ERR: 无法加载模块:Publicjs

[ 2017-11-12T22:16:24+08:00 ] 113.109.50.195 /Publicjs/base.js
INFO: [ app_init ] --START--
INFO: Run Behavior\BuildLiteBehavior [ RunTime:0.000034s ]
INFO: [ app_init ] --END-- [ RunTime:0.000428s ]
ERR: 无法加载模块:Publicjs

[ 2017-11-12T22:16:40+08:00 ] 203.208.60.226 /solution_list/pmcId=221.html
INFO: [ app_init ] --START--
INFO: Run Behavior\BuildLiteBehavior [ RunTime:0.000017s ]
INFO: [ app_init ] --END-- [ RunTime:0.000416s ]
ERR: 无法加载模块:Solution_list

[ 2017-11-12T22:17:39+08:00 ] 203.208.60.225 /products_list/pmcId=142.html
INFO: [ app_init ] --START--
INFO: Run Behavior\BuildLiteBehavior [ RunTime:0.000017s ]
INFO: [ app_init ] --END-- [ RunTime:0.000416s ]
ERR: 无法加载模块:Products_list

[ 2017-11-12T22:18:53+08:00 ] 203.208.60.227 /solution_list/pmcId=220.html
INFO: [ app_init ] --START--
INFO: Run Behavior\BuildLiteBehavior [ RunTime:0.000017s ]
INFO: [ app_init ] --END-- [ RunTime:0.000432s ]
ERR: 无法加载模块:Solution_list

[ 2017-11-12T22:18:54+08:00 ] 113.109.50.195 /Publicjs/base.js
INFO: [ app_init ] --START--
INFO: Run Behavior\BuildLiteBehavior [ RunTime:0.000017s ]
INFO: [ app_init ] --END-- [ RunTime:0.000407s ]
ERR: 无法加载模块:Publicjs

[ 2017-11-12T22:19:21+08:00 ] 113.109.50.195 /Publicjs/base.js
INFO: [ app_init ] --START--
INFO: Run Behavior\BuildLiteBehavior [ RunTime:0.000016s ]
INFO: [ app_init ] --END-- [ RunTime:0.000400s ]
ERR: 无法加载模块:Publicjs

[ 2017-11-12T22:20:06+08:00 ] 203.208.60.224 /products_list/pmcId=189.html
INFO: [ app_init ] --START--
INFO: Run Behavior\BuildLiteBehavior [ RunTime:0.000017s ]
INFO: [ app_init ] --END-- [ RunTime:0.000403s ]
ERR: 无法加载模块:Products_list

[ 2017-11-12T22:20:10+08:00 ] 113.109.50.195 /Publicjs/base.js
INFO: [ app_init ] --START--
INFO: Run Behavior\BuildLiteBehavior [ RunTime:0.000016s ]
INFO: [ app_init ] --END-- [ RunTime:0.000387s ]
ERR: 无法加载模块:Publicjs

[ 2017-11-12T22:20:45+08:00 ] 113.109.50.195 /Publicjs/base.js
INFO: [ app_init ] --START--
INFO: Run Behavior\BuildLiteBehavior [ RunTime:0.000017s ]
INFO: [ app_init ] --END-- [ RunTime:0.000403s ]
ERR: 无法加载模块:Publicjs

[ 2017-11-12T22:21:05+08:00 ] 113.109.50.195 /Publicjs/base.js
INFO: [ app_init ] --START--
INFO: Run Behavior\BuildLiteBehavior [ RunTime:0.000016s ]
INFO: [ app_init ] --END-- [ RunTime:0.000374s ]
ERR: 无法加载模块:Publicjs

[ 2017-11-12T22:21:50+08:00 ] 113.109.50.195 /Publicjs/base.js
INFO: [ app_init ] --START--
INFO: Run Behavior\BuildLiteBehavior [ RunTime:0.000017s ]
INFO: [ app_init ] --END-- [ RunTime:0.000550s ]
ERR: 无法加载模块:Publicjs

[ 2017-11-12T22:21:54+08:00 ] 113.109.50.195 /Publicjs/base.js
INFO: [ app_init ] --START--
INFO: Run Behavior\BuildLiteBehavior [ RunTime:0.000017s ]
INFO: [ app_init ] --END-- [ RunTime:0.000407s ]
ERR: 无法加载模块:Publicjs

[ 2017-11-12T22:23:35+08:00 ] 40.77.167.38 /cases_detail/productId=27.html
INFO: [ app_init ] --START--
INFO: Run Behavior\BuildLiteBehavior [ RunTime:0.000018s ]
INFO: [ app_init ] --END-- [ RunTime:0.000430s ]
ERR: 无法加载模块:Cases_detail

[ 2017-11-12T22:28:40+08:00 ] 157.55.39.45 /technology/i=22&comContentId=22.html
INFO: [ app_init ] --START--
INFO: Run Behavior\BuildLiteBehavior [ RunTime:0.000018s ]
INFO: [ app_init ] --END-- [ RunTime:0.000416s ]
ERR: 无法加载模块:Technology

[ 2017-11-12T22:49:12+08:00 ] 106.11.154.188 /mxocean_list/pmcId=151.html
INFO: [ app_init ] --START--
INFO: Run Behavior\BuildLiteBehavior [ RunTime:0.000017s ]
INFO: [ app_init ] --END-- [ RunTime:0.000404s ]
ERR: 无法加载模块:Mxocean_list

[ 2017-11-12T22:49:19+08:00 ] 123.125.71.82 /imageRepository/b845daf6-c46b-45c0-890e-6f063fc2db60.png
INFO: [ app_init ] --START--
INFO: Run Behavior\BuildLiteBehavior [ RunTime:0.000017s ]
INFO: [ app_init ] --END-- [ RunTime:0.000414s ]
ERR: 无法加载模块:ImageRepository

[ 2017-11-12T22:50:35+08:00 ] 157.55.39.100 /technology/&i=21&comContentId=21.html
INFO: [ app_init ] --START--
INFO: Run Behavior\BuildLiteBehavior [ RunTime:0.000017s ]
INFO: [ app_init ] --END-- [ RunTime:0.000438s ]
ERR: 无法加载模块:Technology

[ 2017-11-12T22:52:19+08:00 ] 220.181.108.166 /styles/page_technology_list.min.css?t=1498790337234.css
INFO: [ app_init ] --START--
INFO: Run Behavior\BuildLiteBehavior [ RunTime:0.000018s ]
INFO: [ app_init ] --END-- [ RunTime:0.000450s ]
ERR: 无法加载模块:Styles

[ 2017-11-12T22:53:24+08:00 ] 61.140.236.221 /favicon.ico
INFO: [ app_init ] --START--
INFO: Run Behavior\BuildLiteBehavior [ RunTime:0.000016s ]
INFO: [ app_init ] --END-- [ RunTime:0.000400s ]
ERR: 无法加载模块:Favicon

[ 2017-11-12T22:57:25+08:00 ] 203.208.60.225 /solution_list/pmcId=187.html
INFO: [ app_init ] --START--
INFO: Run Behavior\BuildLiteBehavior [ RunTime:0.000017s ]
INFO: [ app_init ] --END-- [ RunTime:0.000413s ]
ERR: 无法加载模块:Solution_list

[ 2017-11-12T23:10:59+08:00 ] 223.104.95.106 /imageRepository/9af22bd7-c3ed-470f-8a68-02d614616243.jpg
INFO: [ app_init ] --START--
INFO: Run Behavior\BuildLiteBehavior [ RunTime:0.000018s ]
INFO: [ app_init ] --END-- [ RunTime:0.000425s ]
ERR: 无法加载模块:ImageRepository

[ 2017-11-12T23:40:46+08:00 ] 157.55.39.165 /job_apply_success.html
INFO: [ app_init ] --START--
INFO: Run Behavior\BuildLiteBehavior [ RunTime:0.000018s ]
INFO: [ app_init ] --END-- [ RunTime:0.000432s ]
ERR: 无法加载模块:Job_apply_success

[ 2017-11-12T23:41:15+08:00 ] 14.30.130.119 /imageRepository/332550c6-91ce-4354-a5a2-0c68667e8cf5.png
INFO: [ app_init ] --START--
INFO: Run Behavior\BuildLiteBehavior [ RunTime:0.000019s ]
INFO: [ app_init ] --END-- [ RunTime:0.000451s ]
ERR: 无法加载模块:ImageRepository

[ 2017-11-12T23:55:33+08:00 ] 106.11.154.188 /news_detail/newsId=90.html
INFO: [ app_init ] --START--
INFO: Run Behavior\BuildLiteBehavior [ RunTime:0.000018s ]
INFO: [ app_init ] --END-- [ RunTime:0.000414s ]
ERR: 无法加载模块:News_detail

