[ 2017-11-21T09:13:09+08:00 ] ::1 /hqx/admin
INFO: [ app_init ] --START--
INFO: Run Behavior\BuildLiteBehavior [ RunTime:0.000043s ]
INFO: [ app_init ] --END-- [ RunTime:0.000654s ]
INFO: [ app_begin ] --START--
INFO: Run Behavior\ReadHtmlCacheBehavior [ RunTime:0.000853s ]
INFO: [ app_begin ] --END-- [ RunTime:0.001050s ]

[ 2017-11-21T09:13:09+08:00 ] ::1 /hqx/index.php/admin/login/index
INFO: [ app_init ] --START--
INFO: Run Behavior\BuildLiteBehavior [ RunTime:0.000035s ]
INFO: [ app_init ] --END-- [ RunTime:0.000563s ]
INFO: [ app_begin ] --START--
INFO: Run Behavior\ReadHtmlCacheBehavior [ RunTime:0.000738s ]
INFO: [ app_begin ] --END-- [ RunTime:0.000914s ]
INFO: [ view_parse ] --START--
INFO: [ template_filter ] --START--
INFO: Run Behavior\ContentReplaceBehavior [ RunTime:0.000110s ]
INFO: [ template_filter ] --END-- [ RunTime:0.000285s ]
NOTIC: [8] Undefined index: username C:\wamp64\www\hqx\Application\Runtime\Cache\Admin\32ec6c906c117a7c2bf504769276d87a.php 第 76 行.
INFO: Run Behavior\ParseTemplateBehavior [ RunTime:0.010746s ]
INFO: [ view_parse ] --END-- [ RunTime:0.010954s ]
INFO: [ view_filter ] --START--
INFO: Run Behavior\WriteHtmlCacheBehavior [ RunTime:0.000697s ]
INFO: [ view_filter ] --END-- [ RunTime:0.000853s ]
INFO: [ app_end ] --START--
INFO: Run Behavior\ShowPageTraceBehavior [ RunTime:0.000839s ]
INFO: [ app_end ] --END-- [ RunTime:0.000998s ]

[ 2017-11-21T09:13:09+08:00 ] ::1 /hqx/index.php/admin/assets/ico/apple-touch-icon-144-precomposed.png
INFO: [ app_init ] --START--
INFO: Run Behavior\BuildLiteBehavior [ RunTime:0.000038s ]
INFO: [ app_init ] --END-- [ RunTime:0.000592s ]

[ 2017-11-21T09:13:09+08:00 ] ::1 /hqx/index.php/admin/assets/ico/favicon.ico
INFO: [ app_init ] --START--
INFO: Run Behavior\BuildLiteBehavior [ RunTime:0.000051s ]
INFO: [ app_init ] --END-- [ RunTime:0.000877s ]

[ 2017-11-21T09:13:16+08:00 ] ::1 /hqx/index.php/admin/login/login
INFO: [ app_init ] --START--
INFO: Run Behavior\BuildLiteBehavior [ RunTime:0.000037s ]
INFO: [ app_init ] --END-- [ RunTime:0.000783s ]
INFO: [ app_begin ] --START--
INFO: Run Behavior\ReadHtmlCacheBehavior [ RunTime:0.001075s ]
INFO: [ app_begin ] --END-- [ RunTime:0.001282s ]
SQL: SHOW COLUMNS FROM `think_user` [ RunTime:0.0028s ]
SQL: SELECT * FROM `think_user` WHERE `username` = 'admin' LIMIT 1   [ RunTime:0.0010s ]

[ 2017-11-21T09:13:19+08:00 ] ::1 /hqx/index.php/admin/index/index
INFO: [ app_init ] --START--
INFO: Run Behavior\BuildLiteBehavior [ RunTime:0.000048s ]
INFO: [ app_init ] --END-- [ RunTime:0.000881s ]
INFO: [ app_begin ] --START--
INFO: Run Behavior\ReadHtmlCacheBehavior [ RunTime:0.000845s ]
INFO: [ app_begin ] --END-- [ RunTime:0.001066s ]
SQL: SHOW COLUMNS FROM `think_node` [ RunTime:0.0034s ]
SQL: SELECT * FROM `think_node` WHERE `level` = 2 ORDER BY sort  [ RunTime:0.0022s ]
SQL: SELECT * FROM `think_node` WHERE ( 1=1 AND pid='2' ) ORDER BY sort  [ RunTime:0.0018s ]
SQL: SELECT * FROM `think_node` WHERE ( 1=1 AND pid='5' ) ORDER BY sort  [ RunTime:0.0010s ]
SQL: SELECT * FROM `think_node` WHERE ( 1=1 AND pid='13' ) ORDER BY sort  [ RunTime:0.0010s ]
SQL: SHOW COLUMNS FROM `think_node` [ RunTime:0.0014s ]
SQL: SELECT `id`,`title` FROM `think_node` WHERE `name` = 'index' LIMIT 1   [ RunTime:0.0007s ]
SQL: SELECT `id`,`title` FROM `think_node` WHERE `name` = 'index' LIMIT 1   [ RunTime:0.0008s ]
SQL: SELECT * FROM `think_node`  [ RunTime:0.0004s ]
INFO: [ view_parse ] --START--
INFO: [ template_filter ] --START--
INFO: Run Behavior\ContentReplaceBehavior [ RunTime:0.000214s ]
INFO: [ template_filter ] --END-- [ RunTime:0.000386s ]
INFO: Run Behavior\ParseTemplateBehavior [ RunTime:0.020785s ]
INFO: [ view_parse ] --END-- [ RunTime:0.020997s ]
INFO: [ view_filter ] --START--
INFO: Run Behavior\WriteHtmlCacheBehavior [ RunTime:0.000627s ]
INFO: [ view_filter ] --END-- [ RunTime:0.000780s ]
INFO: [ app_end ] --START--
INFO: Run Behavior\ShowPageTraceBehavior [ RunTime:0.001059s ]
INFO: [ app_end ] --END-- [ RunTime:0.001259s ]

[ 2017-11-21T09:13:23+08:00 ] ::1 /hqx/index.php/Admin/Article/addArticle
INFO: [ app_init ] --START--
INFO: Run Behavior\BuildLiteBehavior [ RunTime:0.000045s ]
INFO: [ app_init ] --END-- [ RunTime:0.000682s ]
INFO: [ app_begin ] --START--
INFO: Run Behavior\ReadHtmlCacheBehavior [ RunTime:0.000731s ]
INFO: [ app_begin ] --END-- [ RunTime:0.000899s ]
SQL: SHOW COLUMNS FROM `think_node` [ RunTime:0.0015s ]
SQL: SELECT * FROM `think_node` WHERE `level` = 2 ORDER BY sort  [ RunTime:0.0010s ]
SQL: SELECT * FROM `think_node` WHERE ( 1=1 AND pid='2' ) ORDER BY sort  [ RunTime:0.0012s ]
SQL: SELECT * FROM `think_node` WHERE ( 1=1 AND pid='5' ) ORDER BY sort  [ RunTime:0.0009s ]
SQL: SELECT * FROM `think_node` WHERE ( 1=1 AND pid='13' ) ORDER BY sort  [ RunTime:0.0009s ]
SQL: SHOW COLUMNS FROM `think_node` [ RunTime:0.0014s ]
SQL: SELECT `id`,`title` FROM `think_node` WHERE `name` = 'addarticle' LIMIT 1   [ RunTime:0.0008s ]
SQL: SELECT `id`,`title` FROM `think_node` WHERE `name` = 'addarticle' LIMIT 1   [ RunTime:0.0007s ]
SQL: SELECT * FROM `think_node`  [ RunTime:0.0008s ]
SQL: SHOW COLUMNS FROM `think_cate` [ RunTime:0.0013s ]
SQL: SELECT * FROM `think_cate` ORDER BY sort  [ RunTime:0.0016s ]
INFO: [ view_parse ] --START--
INFO: [ template_filter ] --START--
INFO: Run Behavior\ContentReplaceBehavior [ RunTime:0.000246s ]
INFO: [ template_filter ] --END-- [ RunTime:0.000425s ]
INFO: Run Behavior\ParseTemplateBehavior [ RunTime:0.022722s ]
INFO: [ view_parse ] --END-- [ RunTime:0.022921s ]
INFO: [ view_filter ] --START--
INFO: Run Behavior\WriteHtmlCacheBehavior [ RunTime:0.000635s ]
INFO: [ view_filter ] --END-- [ RunTime:0.000790s ]
INFO: [ app_end ] --START--
INFO: Run Behavior\ShowPageTraceBehavior [ RunTime:0.000694s ]
INFO: [ app_end ] --END-- [ RunTime:0.000855s ]

[ 2017-11-21T09:13:23+08:00 ] ::1 /hqx/index.php/Admin/assets/ico/apple-touch-icon-144-precomposed.png
INFO: [ app_init ] --START--
INFO: Run Behavior\BuildLiteBehavior [ RunTime:0.000060s ]
INFO: [ app_init ] --END-- [ RunTime:0.001039s ]

[ 2017-11-21T09:13:23+08:00 ] ::1 /hqx/index.php/Admin/assets/ico/favicon.ico
INFO: [ app_init ] --START--
INFO: Run Behavior\BuildLiteBehavior [ RunTime:0.000061s ]
INFO: [ app_init ] --END-- [ RunTime:0.000875s ]

[ 2017-11-21T09:13:30+08:00 ] ::1 /hqx/index.php/admin/article/preview
INFO: [ app_init ] --START--
INFO: Run Behavior\BuildLiteBehavior [ RunTime:0.000035s ]
INFO: [ app_init ] --END-- [ RunTime:0.000586s ]
INFO: [ app_begin ] --START--
INFO: Run Behavior\ReadHtmlCacheBehavior [ RunTime:0.000866s ]
INFO: [ app_begin ] --END-- [ RunTime:0.001014s ]
SQL: SHOW COLUMNS FROM `think_node` [ RunTime:0.0017s ]
SQL: SELECT * FROM `think_node` WHERE `level` = 2 ORDER BY sort  [ RunTime:0.0008s ]
SQL: SELECT * FROM `think_node` WHERE ( 1=1 AND pid='2' ) ORDER BY sort  [ RunTime:0.0008s ]
SQL: SELECT * FROM `think_node` WHERE ( 1=1 AND pid='5' ) ORDER BY sort  [ RunTime:0.0012s ]
SQL: SELECT * FROM `think_node` WHERE ( 1=1 AND pid='13' ) ORDER BY sort  [ RunTime:0.0013s ]
SQL: SHOW COLUMNS FROM `think_node` [ RunTime:0.0015s ]
SQL: SELECT `id`,`title` FROM `think_node` WHERE `name` = 'preview' LIMIT 1   [ RunTime:0.0009s ]
SQL: SELECT `id`,`title` FROM `think_node` WHERE `name` = 'preview' LIMIT 1   [ RunTime:0.0011s ]
SQL: SELECT * FROM `think_node`  [ RunTime:0.0011s ]
INFO: [ app_end ] --START--
INFO: Run Behavior\ShowPageTraceBehavior [ RunTime:0.000908s ]
INFO: [ app_end ] --END-- [ RunTime:0.001127s ]

[ 2017-11-21T09:13:33+08:00 ] ::1 /hqx/index.php/Admin/Article/addArticle
INFO: [ app_init ] --START--
INFO: Run Behavior\BuildLiteBehavior [ RunTime:0.000051s ]
INFO: [ app_init ] --END-- [ RunTime:0.000934s ]
INFO: [ app_begin ] --START--
INFO: Run Behavior\ReadHtmlCacheBehavior [ RunTime:0.000956s ]
INFO: [ app_begin ] --END-- [ RunTime:0.001200s ]
SQL: SHOW COLUMNS FROM `think_node` [ RunTime:0.0013s ]
SQL: SELECT * FROM `think_node` WHERE `level` = 2 ORDER BY sort  [ RunTime:0.0012s ]
SQL: SELECT * FROM `think_node` WHERE ( 1=1 AND pid='2' ) ORDER BY sort  [ RunTime:0.0009s ]
SQL: SELECT * FROM `think_node` WHERE ( 1=1 AND pid='5' ) ORDER BY sort  [ RunTime:0.0011s ]
SQL: SELECT * FROM `think_node` WHERE ( 1=1 AND pid='13' ) ORDER BY sort  [ RunTime:0.0010s ]
SQL: SHOW COLUMNS FROM `think_node` [ RunTime:0.0014s ]
SQL: SELECT `id`,`title` FROM `think_node` WHERE `name` = 'addarticle' LIMIT 1   [ RunTime:0.0008s ]
SQL: SELECT `id`,`title` FROM `think_node` WHERE `name` = 'addarticle' LIMIT 1   [ RunTime:0.0007s ]
SQL: SELECT * FROM `think_node`  [ RunTime:0.0007s ]
SQL: SHOW COLUMNS FROM `think_cate` [ RunTime:0.0014s ]
SQL: SELECT * FROM `think_cate` ORDER BY sort  [ RunTime:0.0018s ]
INFO: [ view_parse ] --START--
INFO: [ template_filter ] --START--
INFO: Run Behavior\ContentReplaceBehavior [ RunTime:0.000241s ]
INFO: [ template_filter ] --END-- [ RunTime:0.000409s ]
INFO: Run Behavior\ParseTemplateBehavior [ RunTime:0.020425s ]
INFO: [ view_parse ] --END-- [ RunTime:0.020595s ]
INFO: [ view_filter ] --START--
INFO: Run Behavior\WriteHtmlCacheBehavior [ RunTime:0.000570s ]
INFO: [ view_filter ] --END-- [ RunTime:0.000715s ]
INFO: [ app_end ] --START--
INFO: Run Behavior\ShowPageTraceBehavior [ RunTime:0.001084s ]
INFO: [ app_end ] --END-- [ RunTime:0.001295s ]

[ 2017-11-21T09:13:49+08:00 ] ::1 /hqx/index.php/admin/article/preview
INFO: [ app_init ] --START--
INFO: Run Behavior\BuildLiteBehavior [ RunTime:0.000038s ]
INFO: [ app_init ] --END-- [ RunTime:0.000979s ]
INFO: [ app_begin ] --START--
INFO: Run Behavior\ReadHtmlCacheBehavior [ RunTime:0.001506s ]
INFO: [ app_begin ] --END-- [ RunTime:0.001718s ]
SQL: SHOW COLUMNS FROM `think_node` [ RunTime:0.0020s ]
SQL: SELECT * FROM `think_node` WHERE `level` = 2 ORDER BY sort  [ RunTime:0.0017s ]
SQL: SELECT * FROM `think_node` WHERE ( 1=1 AND pid='2' ) ORDER BY sort  [ RunTime:0.0013s ]
SQL: SELECT * FROM `think_node` WHERE ( 1=1 AND pid='5' ) ORDER BY sort  [ RunTime:0.0014s ]
SQL: SELECT * FROM `think_node` WHERE ( 1=1 AND pid='13' ) ORDER BY sort  [ RunTime:0.0010s ]
SQL: SHOW COLUMNS FROM `think_node` [ RunTime:0.0016s ]
SQL: SELECT `id`,`title` FROM `think_node` WHERE `name` = 'preview' LIMIT 1   [ RunTime:0.0008s ]
SQL: SELECT `id`,`title` FROM `think_node` WHERE `name` = 'preview' LIMIT 1   [ RunTime:0.0007s ]
SQL: SELECT * FROM `think_node`  [ RunTime:0.0004s ]
INFO: [ app_end ] --START--
INFO: Run Behavior\ShowPageTraceBehavior [ RunTime:0.001109s ]
INFO: [ app_end ] --END-- [ RunTime:0.001272s ]

[ 2017-11-21T09:14:01+08:00 ] ::1 /hqx/index.php/Admin/Article/addArticle
INFO: [ app_init ] --START--
INFO: Run Behavior\BuildLiteBehavior [ RunTime:0.000089s ]
INFO: [ app_init ] --END-- [ RunTime:0.001785s ]
INFO: [ app_begin ] --START--
INFO: Run Behavior\ReadHtmlCacheBehavior [ RunTime:0.002482s ]
INFO: [ app_begin ] --END-- [ RunTime:0.002961s ]
SQL: SHOW COLUMNS FROM `think_node` [ RunTime:0.0016s ]
SQL: SELECT * FROM `think_node` WHERE `level` = 2 ORDER BY sort  [ RunTime:0.0012s ]
SQL: SELECT * FROM `think_node` WHERE ( 1=1 AND pid='2' ) ORDER BY sort  [ RunTime:0.0011s ]
SQL: SELECT * FROM `think_node` WHERE ( 1=1 AND pid='5' ) ORDER BY sort  [ RunTime:0.0010s ]
SQL: SELECT * FROM `think_node` WHERE ( 1=1 AND pid='13' ) ORDER BY sort  [ RunTime:0.0011s ]
SQL: SHOW COLUMNS FROM `think_node` [ RunTime:0.0015s ]
SQL: SELECT `id`,`title` FROM `think_node` WHERE `name` = 'addarticle' LIMIT 1   [ RunTime:0.0008s ]
SQL: SELECT `id`,`title` FROM `think_node` WHERE `name` = 'addarticle' LIMIT 1   [ RunTime:0.0009s ]
SQL: SELECT * FROM `think_node`  [ RunTime:0.0009s ]
SQL: SHOW COLUMNS FROM `think_cate` [ RunTime:0.0015s ]
SQL: SELECT * FROM `think_cate` ORDER BY sort  [ RunTime:0.0014s ]
INFO: [ view_parse ] --START--
INFO: [ template_filter ] --START--
INFO: Run Behavior\ContentReplaceBehavior [ RunTime:0.000259s ]
INFO: [ template_filter ] --END-- [ RunTime:0.000447s ]
INFO: Run Behavior\ParseTemplateBehavior [ RunTime:0.027750s ]
INFO: [ view_parse ] --END-- [ RunTime:0.027943s ]
INFO: [ view_filter ] --START--
INFO: Run Behavior\WriteHtmlCacheBehavior [ RunTime:0.000775s ]
INFO: [ view_filter ] --END-- [ RunTime:0.000941s ]
INFO: [ app_end ] --START--
INFO: Run Behavior\ShowPageTraceBehavior [ RunTime:0.001063s ]
INFO: [ app_end ] --END-- [ RunTime:0.001252s ]

[ 2017-11-21T09:14:01+08:00 ] ::1 /hqx/index.php/Admin/Article/addArticle
INFO: [ app_init ] --START--
INFO: Run Behavior\BuildLiteBehavior [ RunTime:0.000041s ]
INFO: [ app_init ] --END-- [ RunTime:0.000579s ]
INFO: [ app_begin ] --START--
INFO: Run Behavior\ReadHtmlCacheBehavior [ RunTime:0.000628s ]
INFO: [ app_begin ] --END-- [ RunTime:0.000811s ]
SQL: SHOW COLUMNS FROM `think_node` [ RunTime:0.0013s ]
SQL: SELECT * FROM `think_node` WHERE `level` = 2 ORDER BY sort  [ RunTime:0.0011s ]
SQL: SELECT * FROM `think_node` WHERE ( 1=1 AND pid='2' ) ORDER BY sort  [ RunTime:0.0011s ]
SQL: SELECT * FROM `think_node` WHERE ( 1=1 AND pid='5' ) ORDER BY sort  [ RunTime:0.0010s ]
SQL: SELECT * FROM `think_node` WHERE ( 1=1 AND pid='13' ) ORDER BY sort  [ RunTime:0.0010s ]
SQL: SHOW COLUMNS FROM `think_node` [ RunTime:0.0014s ]
SQL: SELECT `id`,`title` FROM `think_node` WHERE `name` = 'addarticle' LIMIT 1   [ RunTime:0.0010s ]
SQL: SELECT `id`,`title` FROM `think_node` WHERE `name` = 'addarticle' LIMIT 1   [ RunTime:0.0005s ]
SQL: SELECT * FROM `think_node`  [ RunTime:0.0003s ]
SQL: SHOW COLUMNS FROM `think_cate` [ RunTime:0.0009s ]
SQL: SELECT * FROM `think_cate` ORDER BY sort  [ RunTime:0.0011s ]
INFO: [ view_parse ] --START--
INFO: [ template_filter ] --START--
INFO: Run Behavior\ContentReplaceBehavior [ RunTime:0.000245s ]
INFO: [ template_filter ] --END-- [ RunTime:0.000416s ]
INFO: Run Behavior\ParseTemplateBehavior [ RunTime:0.021212s ]
INFO: [ view_parse ] --END-- [ RunTime:0.021380s ]
INFO: [ view_filter ] --START--
INFO: Run Behavior\WriteHtmlCacheBehavior [ RunTime:0.000548s ]
INFO: [ view_filter ] --END-- [ RunTime:0.000695s ]
INFO: [ app_end ] --START--
INFO: Run Behavior\ShowPageTraceBehavior [ RunTime:0.001841s ]
INFO: [ app_end ] --END-- [ RunTime:0.002118s ]

