[ 2017-11-16T09:57:39+08:00 ] 113.109.49.89 /index.php/admin/login/index
INFO: [ app_init ] --START--
INFO: Run Behavior\BuildLiteBehavior [ RunTime:0.000020s ]
INFO: [ app_init ] --END-- [ RunTime:0.000451s ]
INFO: [ app_begin ] --START--
INFO: Run Behavior\ReadHtmlCacheBehavior [ RunTime:0.000517s ]
INFO: [ app_begin ] --END-- [ RunTime:0.000589s ]
INFO: [ view_parse ] --START--
INFO: [ template_filter ] --START--
INFO: Run Behavior\ContentReplaceBehavior [ RunTime:0.000064s ]
INFO: [ template_filter ] --END-- [ RunTime:0.000127s ]
NOTIC: [8] Undefined index: username /home/wwwroot/default/hqx/Application/Runtime/Cache/Admin/32ec6c906c117a7c2bf504769276d87a.php 第 76 行.
INFO: Run Behavior\ParseTemplateBehavior [ RunTime:0.007351s ]
INFO: [ view_parse ] --END-- [ RunTime:0.007406s ]
INFO: [ view_filter ] --START--
INFO: Run Behavior\WriteHtmlCacheBehavior [ RunTime:0.000177s ]
INFO: [ view_filter ] --END-- [ RunTime:0.000221s ]
INFO: [ app_end ] --START--
INFO: Run Behavior\ShowPageTraceBehavior [ RunTime:0.000538s ]
INFO: [ app_end ] --END-- [ RunTime:0.000604s ]

[ 2017-11-16T09:57:40+08:00 ] 113.109.49.89 /index.php/admin/assets/ico/apple-touch-icon-144-precomposed.png
INFO: [ app_init ] --START--
INFO: Run Behavior\BuildLiteBehavior [ RunTime:0.000020s ]
INFO: [ app_init ] --END-- [ RunTime:0.000472s ]

[ 2017-11-16T09:57:41+08:00 ] 113.109.49.89 /index.php/admin/assets/ico/favicon.ico
INFO: [ app_init ] --START--
INFO: Run Behavior\BuildLiteBehavior [ RunTime:0.000020s ]
INFO: [ app_init ] --END-- [ RunTime:0.000493s ]

[ 2017-11-16T09:57:45+08:00 ] 113.109.49.89 /index.php/admin/login/login
INFO: [ app_init ] --START--
INFO: Run Behavior\BuildLiteBehavior [ RunTime:0.000020s ]
INFO: [ app_init ] --END-- [ RunTime:0.000464s ]
INFO: [ app_begin ] --START--
INFO: Run Behavior\ReadHtmlCacheBehavior [ RunTime:0.000518s ]
INFO: [ app_begin ] --END-- [ RunTime:0.000592s ]
SQL: SHOW COLUMNS FROM `think_user` [ RunTime:0.0007s ]
SQL: SELECT * FROM `think_user` WHERE `username` = 'admin' LIMIT 1   [ RunTime:0.0003s ]

[ 2017-11-16T09:57:48+08:00 ] 113.109.49.89 /index.php/admin/index/index
INFO: [ app_init ] --START--
INFO: Run Behavior\BuildLiteBehavior [ RunTime:0.000030s ]
INFO: [ app_init ] --END-- [ RunTime:0.000462s ]
INFO: [ app_begin ] --START--
INFO: Run Behavior\ReadHtmlCacheBehavior [ RunTime:0.000518s ]
INFO: [ app_begin ] --END-- [ RunTime:0.000589s ]
SQL: SHOW COLUMNS FROM `think_node` [ RunTime:0.0007s ]
SQL: SELECT * FROM `think_node` WHERE `level` = 2 ORDER BY sort  [ RunTime:0.0004s ]
SQL: SELECT * FROM `think_node` WHERE ( 1=1 AND pid='2' ) ORDER BY sort  [ RunTime:0.0004s ]
SQL: SELECT * FROM `think_node` WHERE ( 1=1 AND pid='5' ) ORDER BY sort  [ RunTime:0.0003s ]
SQL: SELECT * FROM `think_node` WHERE ( 1=1 AND pid='13' ) ORDER BY sort  [ RunTime:0.0003s ]
SQL: SHOW COLUMNS FROM `think_node` [ RunTime:0.0005s ]
SQL: SELECT `id`,`title` FROM `think_node` WHERE `name` = 'index' LIMIT 1   [ RunTime:0.0002s ]
SQL: SELECT `id`,`title` FROM `think_node` WHERE `name` = 'index' LIMIT 1   [ RunTime:0.0002s ]
SQL: SELECT * FROM `think_node`  [ RunTime:0.0002s ]
INFO: [ view_parse ] --START--
INFO: [ template_filter ] --START--
INFO: Run Behavior\ContentReplaceBehavior [ RunTime:0.000084s ]
INFO: [ template_filter ] --END-- [ RunTime:0.000136s ]
INFO: Run Behavior\ParseTemplateBehavior [ RunTime:0.013022s ]
INFO: [ view_parse ] --END-- [ RunTime:0.013077s ]
INFO: [ view_filter ] --START--
INFO: Run Behavior\WriteHtmlCacheBehavior [ RunTime:0.000150s ]
INFO: [ view_filter ] --END-- [ RunTime:0.000188s ]
INFO: [ app_end ] --START--
INFO: Run Behavior\ShowPageTraceBehavior [ RunTime:0.000460s ]
INFO: [ app_end ] --END-- [ RunTime:0.000515s ]

[ 2017-11-16T09:57:55+08:00 ] 113.109.49.89 /index.php/Admin/Article/addArticle
INFO: [ app_init ] --START--
INFO: Run Behavior\BuildLiteBehavior [ RunTime:0.000030s ]
INFO: [ app_init ] --END-- [ RunTime:0.000495s ]
INFO: [ app_begin ] --START--
INFO: Run Behavior\ReadHtmlCacheBehavior [ RunTime:0.000559s ]
INFO: [ app_begin ] --END-- [ RunTime:0.000638s ]
SQL: SHOW COLUMNS FROM `think_node` [ RunTime:0.0007s ]
SQL: SELECT * FROM `think_node` WHERE `level` = 2 ORDER BY sort  [ RunTime:0.0004s ]
SQL: SELECT * FROM `think_node` WHERE ( 1=1 AND pid='2' ) ORDER BY sort  [ RunTime:0.0004s ]
SQL: SELECT * FROM `think_node` WHERE ( 1=1 AND pid='5' ) ORDER BY sort  [ RunTime:0.0004s ]
SQL: SELECT * FROM `think_node` WHERE ( 1=1 AND pid='13' ) ORDER BY sort  [ RunTime:0.0003s ]
SQL: SHOW COLUMNS FROM `think_node` [ RunTime:0.0005s ]
SQL: SELECT `id`,`title` FROM `think_node` WHERE `name` = 'addarticle' LIMIT 1   [ RunTime:0.0002s ]
SQL: SELECT `id`,`title` FROM `think_node` WHERE `name` = 'addarticle' LIMIT 1   [ RunTime:0.0002s ]
SQL: SELECT * FROM `think_node`  [ RunTime:0.0002s ]
SQL: SHOW COLUMNS FROM `think_cate` [ RunTime:0.0005s ]
SQL: SELECT * FROM `think_cate` ORDER BY sort  [ RunTime:0.0006s ]
INFO: [ view_parse ] --START--
INFO: [ template_filter ] --START--
INFO: Run Behavior\ContentReplaceBehavior [ RunTime:0.000125s ]
INFO: [ template_filter ] --END-- [ RunTime:0.000181s ]
INFO: Run Behavior\ParseTemplateBehavior [ RunTime:0.015746s ]
INFO: [ view_parse ] --END-- [ RunTime:0.015808s ]
INFO: [ view_filter ] --START--
INFO: Run Behavior\WriteHtmlCacheBehavior [ RunTime:0.000174s ]
INFO: [ view_filter ] --END-- [ RunTime:0.000216s ]
INFO: [ app_end ] --START--
INFO: Run Behavior\ShowPageTraceBehavior [ RunTime:0.000519s ]
INFO: [ app_end ] --END-- [ RunTime:0.000576s ]

[ 2017-11-16T09:57:57+08:00 ] 113.109.49.89 /index.php/Admin/assets/ico/apple-touch-icon-144-precomposed.png
INFO: [ app_init ] --START--
INFO: Run Behavior\BuildLiteBehavior [ RunTime:0.000020s ]
INFO: [ app_init ] --END-- [ RunTime:0.000456s ]

[ 2017-11-16T09:57:57+08:00 ] 113.109.49.89 /index.php/Admin/assets/ico/favicon.ico
INFO: [ app_init ] --START--
INFO: Run Behavior\BuildLiteBehavior [ RunTime:0.000018s ]
INFO: [ app_init ] --END-- [ RunTime:0.000416s ]

[ 2017-11-16T09:59:42+08:00 ] 59.41.167.173 /index.php/admin/common/uploadface
INFO: [ app_init ] --START--
INFO: Run Behavior\BuildLiteBehavior [ RunTime:0.000020s ]
INFO: [ app_init ] --END-- [ RunTime:0.000473s ]
INFO: [ app_begin ] --START--
INFO: Run Behavior\ReadHtmlCacheBehavior [ RunTime:0.000536s ]
INFO: [ app_begin ] --END-- [ RunTime:0.000626s ]
SQL: SHOW COLUMNS FROM `think_node` [ RunTime:0.0007s ]
SQL: SELECT * FROM `think_node` WHERE `level` = 2 ORDER BY sort  [ RunTime:0.0004s ]
SQL: SELECT * FROM `think_node` WHERE ( 1=1 AND pid='2' ) ORDER BY sort  [ RunTime:0.0004s ]
SQL: SELECT * FROM `think_node` WHERE ( 1=1 AND pid='5' ) ORDER BY sort  [ RunTime:0.0003s ]
SQL: SELECT * FROM `think_node` WHERE ( 1=1 AND pid='13' ) ORDER BY sort  [ RunTime:0.0003s ]
SQL: SHOW COLUMNS FROM `think_node` [ RunTime:0.0006s ]
SQL: SELECT `id`,`title` FROM `think_node` WHERE `name` = 'uploadface' LIMIT 1   [ RunTime:0.0003s ]
SQL: SELECT `id`,`title` FROM `think_node` WHERE `name` = 'uploadface' LIMIT 1   [ RunTime:0.0002s ]
SQL: SELECT * FROM `think_node`  [ RunTime:0.0002s ]
NOTIC: [2] move_uploaded_file(./Uploads/Face/2017_11_16/5a0cf10e9aa74.jpg): failed to open stream: Permission denied /home/wwwroot/default/hqx/ThinkPHP/Library/Think/UploadFile.class.php 第 147 行.
NOTIC: [2] move_uploaded_file(): Unable to move '/tmp/phpWvpyXd' to './Uploads/Face/2017_11_16/5a0cf10e9aa74.jpg' /home/wwwroot/default/hqx/ThinkPHP/Library/Think/UploadFile.class.php 第 147 行.

[ 2017-11-16T09:59:51+08:00 ] 59.41.167.173 /index.php/admin/common/uploadface
INFO: [ app_init ] --START--
INFO: Run Behavior\BuildLiteBehavior [ RunTime:0.000021s ]
INFO: [ app_init ] --END-- [ RunTime:0.000457s ]
INFO: [ app_begin ] --START--
INFO: Run Behavior\ReadHtmlCacheBehavior [ RunTime:0.000526s ]
INFO: [ app_begin ] --END-- [ RunTime:0.000602s ]
SQL: SHOW COLUMNS FROM `think_node` [ RunTime:0.0007s ]
SQL: SELECT * FROM `think_node` WHERE `level` = 2 ORDER BY sort  [ RunTime:0.0004s ]
SQL: SELECT * FROM `think_node` WHERE ( 1=1 AND pid='2' ) ORDER BY sort  [ RunTime:0.0004s ]
SQL: SELECT * FROM `think_node` WHERE ( 1=1 AND pid='5' ) ORDER BY sort  [ RunTime:0.0003s ]
SQL: SELECT * FROM `think_node` WHERE ( 1=1 AND pid='13' ) ORDER BY sort  [ RunTime:0.0003s ]
SQL: SHOW COLUMNS FROM `think_node` [ RunTime:0.0005s ]
SQL: SELECT `id`,`title` FROM `think_node` WHERE `name` = 'uploadface' LIMIT 1   [ RunTime:0.0002s ]
SQL: SELECT `id`,`title` FROM `think_node` WHERE `name` = 'uploadface' LIMIT 1   [ RunTime:0.0002s ]
SQL: SELECT * FROM `think_node`  [ RunTime:0.0002s ]
NOTIC: [2] move_uploaded_file(./Uploads/Face/2017_11_16/5a0cf11714451.png): failed to open stream: Permission denied /home/wwwroot/default/hqx/ThinkPHP/Library/Think/UploadFile.class.php 第 147 行.
NOTIC: [2] move_uploaded_file(): Unable to move '/tmp/phpokFzDt' to './Uploads/Face/2017_11_16/5a0cf11714451.png' /home/wwwroot/default/hqx/ThinkPHP/Library/Think/UploadFile.class.php 第 147 行.

[ 2017-11-16T10:04:10+08:00 ] 59.41.167.173 /index.php/admin/common/uploadface
INFO: [ app_init ] --START--
INFO: Run Behavior\BuildLiteBehavior [ RunTime:0.000020s ]
INFO: [ app_init ] --END-- [ RunTime:0.000441s ]
INFO: [ app_begin ] --START--
INFO: Run Behavior\ReadHtmlCacheBehavior [ RunTime:0.000517s ]
INFO: [ app_begin ] --END-- [ RunTime:0.000590s ]
SQL: SHOW COLUMNS FROM `think_node` [ RunTime:0.0007s ]
SQL: SELECT * FROM `think_node` WHERE `level` = 2 ORDER BY sort  [ RunTime:0.0004s ]
SQL: SELECT * FROM `think_node` WHERE ( 1=1 AND pid='2' ) ORDER BY sort  [ RunTime:0.0003s ]
SQL: SELECT * FROM `think_node` WHERE ( 1=1 AND pid='5' ) ORDER BY sort  [ RunTime:0.0003s ]
SQL: SELECT * FROM `think_node` WHERE ( 1=1 AND pid='13' ) ORDER BY sort  [ RunTime:0.0003s ]
SQL: SHOW COLUMNS FROM `think_node` [ RunTime:0.0005s ]
SQL: SELECT `id`,`title` FROM `think_node` WHERE `name` = 'uploadface' LIMIT 1   [ RunTime:0.0002s ]
SQL: SELECT `id`,`title` FROM `think_node` WHERE `name` = 'uploadface' LIMIT 1   [ RunTime:0.0002s ]
SQL: SELECT * FROM `think_node`  [ RunTime:0.0002s ]
NOTIC: [8] Undefined offset: 1 /home/wwwroot/default/hqx/ThinkPHP/Library/Think/UploadFile.class.php 第 165 行.
NOTIC: [8] Undefined offset: 2 /home/wwwroot/default/hqx/ThinkPHP/Library/Think/UploadFile.class.php 第 165 行.
NOTIC: [8] Undefined property: Think\UploadFile::$zipImags /home/wwwroot/default/hqx/ThinkPHP/Library/Think/UploadFile.class.php 第 174 行.
NOTIC: [2] md5_file(./Uploads/Face/2017_11_16/5a0cf21a0d3c3.png): failed to open stream: No such file or directory /home/wwwroot/default/hqx/ThinkPHP/Library/Think/UploadFile.class.php 第 241 行.

[ 2017-11-16T10:04:19+08:00 ] 59.41.167.173 /index.php/admin/common/uploadface
INFO: [ app_init ] --START--
INFO: Run Behavior\BuildLiteBehavior [ RunTime:0.000021s ]
INFO: [ app_init ] --END-- [ RunTime:0.000479s ]
INFO: [ app_begin ] --START--
INFO: Run Behavior\ReadHtmlCacheBehavior [ RunTime:0.000557s ]
INFO: [ app_begin ] --END-- [ RunTime:0.000638s ]
SQL: SHOW COLUMNS FROM `think_node` [ RunTime:0.0007s ]
SQL: SELECT * FROM `think_node` WHERE `level` = 2 ORDER BY sort  [ RunTime:0.0004s ]
SQL: SELECT * FROM `think_node` WHERE ( 1=1 AND pid='2' ) ORDER BY sort  [ RunTime:0.0004s ]
SQL: SELECT * FROM `think_node` WHERE ( 1=1 AND pid='5' ) ORDER BY sort  [ RunTime:0.0003s ]
SQL: SELECT * FROM `think_node` WHERE ( 1=1 AND pid='13' ) ORDER BY sort  [ RunTime:0.0003s ]
SQL: SHOW COLUMNS FROM `think_node` [ RunTime:0.0005s ]
SQL: SELECT `id`,`title` FROM `think_node` WHERE `name` = 'uploadface' LIMIT 1   [ RunTime:0.0002s ]
SQL: SELECT `id`,`title` FROM `think_node` WHERE `name` = 'uploadface' LIMIT 1   [ RunTime:0.0002s ]
SQL: SELECT * FROM `think_node`  [ RunTime:0.0002s ]
NOTIC: [8] Undefined offset: 1 /home/wwwroot/default/hqx/ThinkPHP/Library/Think/UploadFile.class.php 第 165 行.
NOTIC: [8] Undefined offset: 2 /home/wwwroot/default/hqx/ThinkPHP/Library/Think/UploadFile.class.php 第 165 行.
NOTIC: [8] Undefined property: Think\UploadFile::$zipImags /home/wwwroot/default/hqx/ThinkPHP/Library/Think/UploadFile.class.php 第 174 行.
NOTIC: [2] md5_file(./Uploads/Face/2017_11_16/5a0cf223cb5b8.jpg): failed to open stream: No such file or directory /home/wwwroot/default/hqx/ThinkPHP/Library/Think/UploadFile.class.php 第 241 行.

[ 2017-11-16T10:04:25+08:00 ] 59.41.167.173 /index.php/admin/article/preview
INFO: [ app_init ] --START--
INFO: Run Behavior\BuildLiteBehavior [ RunTime:0.000020s ]
INFO: [ app_init ] --END-- [ RunTime:0.000462s ]
INFO: [ app_begin ] --START--
INFO: Run Behavior\ReadHtmlCacheBehavior [ RunTime:0.000523s ]
INFO: [ app_begin ] --END-- [ RunTime:0.000594s ]
SQL: SHOW COLUMNS FROM `think_node` [ RunTime:0.0007s ]
SQL: SELECT * FROM `think_node` WHERE `level` = 2 ORDER BY sort  [ RunTime:0.0004s ]
SQL: SELECT * FROM `think_node` WHERE ( 1=1 AND pid='2' ) ORDER BY sort  [ RunTime:0.0004s ]
SQL: SELECT * FROM `think_node` WHERE ( 1=1 AND pid='5' ) ORDER BY sort  [ RunTime:0.0003s ]
SQL: SELECT * FROM `think_node` WHERE ( 1=1 AND pid='13' ) ORDER BY sort  [ RunTime:0.0003s ]
SQL: SHOW COLUMNS FROM `think_node` [ RunTime:0.0005s ]
SQL: SELECT `id`,`title` FROM `think_node` WHERE `name` = 'preview' LIMIT 1   [ RunTime:0.0003s ]
SQL: SELECT `id`,`title` FROM `think_node` WHERE `name` = 'preview' LIMIT 1   [ RunTime:0.0002s ]
SQL: SELECT * FROM `think_node`  [ RunTime:0.0002s ]
INFO: [ app_end ] --START--
INFO: Run Behavior\ShowPageTraceBehavior [ RunTime:0.000485s ]
INFO: [ app_end ] --END-- [ RunTime:0.000547s ]

[ 2017-11-16T10:10:52+08:00 ] 59.41.167.173 /index.php/admin/article/preview
INFO: [ app_init ] --START--
INFO: Run Behavior\BuildLiteBehavior [ RunTime:0.000021s ]
INFO: [ app_init ] --END-- [ RunTime:0.000500s ]
INFO: [ app_begin ] --START--
INFO: Run Behavior\ReadHtmlCacheBehavior [ RunTime:0.000555s ]
INFO: [ app_begin ] --END-- [ RunTime:0.000630s ]
SQL: SHOW COLUMNS FROM `think_node` [ RunTime:0.0007s ]
SQL: SELECT * FROM `think_node` WHERE `level` = 2 ORDER BY sort  [ RunTime:0.0004s ]
SQL: SELECT * FROM `think_node` WHERE ( 1=1 AND pid='2' ) ORDER BY sort  [ RunTime:0.0004s ]
SQL: SELECT * FROM `think_node` WHERE ( 1=1 AND pid='5' ) ORDER BY sort  [ RunTime:0.0003s ]
SQL: SELECT * FROM `think_node` WHERE ( 1=1 AND pid='13' ) ORDER BY sort  [ RunTime:0.0003s ]
SQL: SHOW COLUMNS FROM `think_node` [ RunTime:0.0006s ]
SQL: SELECT `id`,`title` FROM `think_node` WHERE `name` = 'preview' LIMIT 1   [ RunTime:0.0003s ]
SQL: SELECT `id`,`title` FROM `think_node` WHERE `name` = 'preview' LIMIT 1   [ RunTime:0.0002s ]
SQL: SELECT * FROM `think_node`  [ RunTime:0.0002s ]
INFO: [ app_end ] --START--
INFO: Run Behavior\ShowPageTraceBehavior [ RunTime:0.000554s ]
INFO: [ app_end ] --END-- [ RunTime:0.000623s ]

[ 2017-11-16T11:39:32+08:00 ] 124.228.25.66 /admin/Images/blockdevice.png
INFO: [ app_init ] --START--
INFO: Run Behavior\BuildLiteBehavior [ RunTime:0.000020s ]
INFO: [ app_init ] --END-- [ RunTime:0.000446s ]

[ 2017-11-16T11:39:45+08:00 ] 124.228.25.66 /admin/discuzfiles.md5
INFO: [ app_init ] --START--
INFO: Run Behavior\BuildLiteBehavior [ RunTime:0.000019s ]
INFO: [ app_init ] --END-- [ RunTime:0.000446s ]
INFO: [ app_begin ] --START--
INFO: Run Behavior\ReadHtmlCacheBehavior [ RunTime:0.000529s ]
INFO: [ app_begin ] --END-- [ RunTime:0.000602s ]
ERR: 无法加载控制器:Discuzfiles

[ 2017-11-16T11:39:47+08:00 ] 124.228.25.66 /admin/images/cutimg/style.css
INFO: [ app_init ] --START--
INFO: Run Behavior\BuildLiteBehavior [ RunTime:0.000021s ]
INFO: [ app_init ] --END-- [ RunTime:0.000493s ]
INFO: [ app_begin ] --START--
INFO: Run Behavior\ReadHtmlCacheBehavior [ RunTime:0.000564s ]
INFO: [ app_begin ] --END-- [ RunTime:0.000652s ]
ERR: 无法加载控制器:Images

[ 2017-11-16T11:39:48+08:00 ] 124.228.25.66 /admin/help/zh_cn/database.xml
INFO: [ app_init ] --START--
INFO: Run Behavior\BuildLiteBehavior [ RunTime:0.000020s ]
INFO: [ app_init ] --END-- [ RunTime:0.000438s ]
INFO: [ app_begin ] --START--
INFO: Run Behavior\ReadHtmlCacheBehavior [ RunTime:0.000518s ]
INFO: [ app_begin ] --END-- [ RunTime:0.000589s ]
ERR: 无法加载控制器:Help

[ 2017-11-16T11:39:49+08:00 ] 124.228.25.66 /admin/ecshopfiles.md5
INFO: [ app_init ] --START--
INFO: Run Behavior\BuildLiteBehavior [ RunTime:0.000021s ]
INFO: [ app_init ] --END-- [ RunTime:0.000480s ]
INFO: [ app_begin ] --START--
INFO: Run Behavior\ReadHtmlCacheBehavior [ RunTime:0.000561s ]
INFO: [ app_begin ] --END-- [ RunTime:0.000639s ]
ERR: 无法加载控制器:Ecshopfiles

[ 2017-11-16T11:39:49+08:00 ] 124.228.25.66 /admin/views/style/green/style.css
INFO: [ app_init ] --START--
INFO: Run Behavior\BuildLiteBehavior [ RunTime:0.000021s ]
INFO: [ app_init ] --END-- [ RunTime:0.000480s ]
INFO: [ app_begin ] --START--
INFO: Run Behavior\ReadHtmlCacheBehavior [ RunTime:0.000551s ]
INFO: [ app_begin ] --END-- [ RunTime:0.000627s ]
ERR: 无法加载控制器:Views

[ 2017-11-16T11:39:50+08:00 ] 124.228.25.66 /admin/views/style/green/style.css
INFO: [ app_init ] --START--
INFO: Run Behavior\BuildLiteBehavior [ RunTime:0.000022s ]
INFO: [ app_init ] --END-- [ RunTime:0.000493s ]
INFO: [ app_begin ] --START--
INFO: Run Behavior\ReadHtmlCacheBehavior [ RunTime:0.000568s ]
INFO: [ app_begin ] --END-- [ RunTime:0.000647s ]
ERR: 无法加载控制器:Views

[ 2017-11-16T11:39:50+08:00 ] 124.228.25.66 /Admin/Images/southidc.css
INFO: [ app_init ] --START--
INFO: Run Behavior\BuildLiteBehavior [ RunTime:0.000021s ]
INFO: [ app_init ] --END-- [ RunTime:0.000480s ]
INFO: [ app_begin ] --START--
INFO: Run Behavior\ReadHtmlCacheBehavior [ RunTime:0.000553s ]
INFO: [ app_begin ] --END-- [ RunTime:0.000630s ]
ERR: 无法加载控制器:Images

[ 2017-11-16T11:39:51+08:00 ] 124.228.25.66 /Admin/images/admin.js
INFO: [ app_init ] --START--
INFO: Run Behavior\BuildLiteBehavior [ RunTime:0.000019s ]
INFO: [ app_init ] --END-- [ RunTime:0.000456s ]
INFO: [ app_begin ] --START--
INFO: Run Behavior\ReadHtmlCacheBehavior [ RunTime:0.000530s ]
INFO: [ app_begin ] --END-- [ RunTime:0.000603s ]
ERR: 无法加载控制器:Images

[ 2017-11-16T11:39:52+08:00 ] 124.228.25.66 /admin/SouthidcEditor/Include/Editor.js
INFO: [ app_init ] --START--
INFO: Run Behavior\BuildLiteBehavior [ RunTime:0.000019s ]
INFO: [ app_init ] --END-- [ RunTime:0.000436s ]
INFO: [ app_begin ] --START--
INFO: Run Behavior\ReadHtmlCacheBehavior [ RunTime:0.000518s ]
INFO: [ app_begin ] --END-- [ RunTime:0.000591s ]
ERR: 无法加载控制器:SouthidcEditor

[ 2017-11-16T11:39:54+08:00 ] 124.228.25.66 /admin/system/images/login_background.jpg
INFO: [ app_init ] --START--
INFO: Run Behavior\BuildLiteBehavior [ RunTime:0.000021s ]
INFO: [ app_init ] --END-- [ RunTime:0.000483s ]

[ 2017-11-16T11:39:55+08:00 ] 124.228.25.66 /admin/images/icon_editstyle.gif
INFO: [ app_init ] --START--
INFO: Run Behavior\BuildLiteBehavior [ RunTime:0.000020s ]
INFO: [ app_init ] --END-- [ RunTime:0.000437s ]

[ 2017-11-16T11:39:56+08:00 ] 124.228.25.66 /admin/Image/Login_tit.gif
INFO: [ app_init ] --START--
INFO: Run Behavior\BuildLiteBehavior [ RunTime:0.000020s ]
INFO: [ app_init ] --END-- [ RunTime:0.000452s ]

[ 2017-11-16T11:39:57+08:00 ] 124.228.25.66 /admin/images/login_06.jpg
INFO: [ app_init ] --START--
INFO: Run Behavior\BuildLiteBehavior [ RunTime:0.000020s ]
INFO: [ app_init ] --END-- [ RunTime:0.000466s ]

[ 2017-11-16T11:39:57+08:00 ] 124.228.25.66 /admin/skin/images/topbg.gif
INFO: [ app_init ] --START--
INFO: Run Behavior\BuildLiteBehavior [ RunTime:0.000020s ]
INFO: [ app_init ] --END-- [ RunTime:0.000481s ]

[ 2017-11-16T11:39:58+08:00 ] 124.228.25.66 /admin/editor/xheditor_skin/default/img/tag-h4.gif
INFO: [ app_init ] --START--
INFO: Run Behavior\BuildLiteBehavior [ RunTime:0.000022s ]
INFO: [ app_init ] --END-- [ RunTime:0.000462s ]

[ 2017-11-16T11:40:01+08:00 ] 124.228.25.66 /admin/images/login/index_hz02.gif
INFO: [ app_init ] --START--
INFO: Run Behavior\BuildLiteBehavior [ RunTime:0.000021s ]
INFO: [ app_init ] --END-- [ RunTime:0.000477s ]

[ 2017-11-16T11:40:02+08:00 ] 124.228.25.66 /admin/images/login/index_hz03.gif
INFO: [ app_init ] --START--
INFO: Run Behavior\BuildLiteBehavior [ RunTime:0.000020s ]
INFO: [ app_init ] --END-- [ RunTime:0.000484s ]

[ 2017-11-16T11:40:02+08:00 ] 124.228.25.66 /admin/template/images/site_logo.png
INFO: [ app_init ] --START--
INFO: Run Behavior\BuildLiteBehavior [ RunTime:0.000021s ]
INFO: [ app_init ] --END-- [ RunTime:0.000471s ]

[ 2017-11-16T11:40:06+08:00 ] 124.228.25.66 /admin/images/bg-pay-return-success.gif
INFO: [ app_init ] --START--
INFO: Run Behavior\BuildLiteBehavior [ RunTime:0.000020s ]
INFO: [ app_init ] --END-- [ RunTime:0.000454s ]

[ 2017-11-16T11:40:07+08:00 ] 124.228.25.66 /admin/images/image_new.gif
INFO: [ app_init ] --START--
INFO: Run Behavior\BuildLiteBehavior [ RunTime:0.000021s ]
INFO: [ app_init ] --END-- [ RunTime:0.000468s ]

[ 2017-11-16T11:40:07+08:00 ] 124.228.25.66 /admin/images/admin_submit.jpg
INFO: [ app_init ] --START--
INFO: Run Behavior\BuildLiteBehavior [ RunTime:0.000021s ]
INFO: [ app_init ] --END-- [ RunTime:0.000469s ]

[ 2017-11-16T11:40:08+08:00 ] 124.228.25.66 /Admin/Images/Exit-Line.gif
INFO: [ app_init ] --START--
INFO: Run Behavior\BuildLiteBehavior [ RunTime:0.000021s ]
INFO: [ app_init ] --END-- [ RunTime:0.000474s ]

[ 2017-11-16T11:40:09+08:00 ] 124.228.25.66 /admin/ckeditor/images/spacer.gif
INFO: [ app_init ] --START--
INFO: Run Behavior\BuildLiteBehavior [ RunTime:0.000019s ]
INFO: [ app_init ] --END-- [ RunTime:0.000438s ]

[ 2017-11-16T11:40:10+08:00 ] 124.228.25.66 /admin/images/top_banner.jpg
INFO: [ app_init ] --START--
INFO: Run Behavior\BuildLiteBehavior [ RunTime:0.000021s ]
INFO: [ app_init ] --END-- [ RunTime:0.000469s ]

[ 2017-11-16T11:40:10+08:00 ] 124.228.25.66 /admin/images/left_menu.png
INFO: [ app_init ] --START--
INFO: Run Behavior\BuildLiteBehavior [ RunTime:0.000021s ]
INFO: [ app_init ] --END-- [ RunTime:0.000466s ]

[ 2017-11-16T11:40:12+08:00 ] 124.228.25.66 /admin/images/login_button.jpg
INFO: [ app_init ] --START--
INFO: Run Behavior\BuildLiteBehavior [ RunTime:0.000021s ]
INFO: [ app_init ] --END-- [ RunTime:0.000476s ]

[ 2017-11-16T11:40:13+08:00 ] 124.228.25.66 /admin/images/netgather_com.gif
INFO: [ app_init ] --START--
INFO: Run Behavior\BuildLiteBehavior [ RunTime:0.000020s ]
INFO: [ app_init ] --END-- [ RunTime:0.000453s ]

[ 2017-11-16T11:40:15+08:00 ] 124.228.25.66 /admin/templates/met/images/logosmall.gif
INFO: [ app_init ] --START--
INFO: Run Behavior\BuildLiteBehavior [ RunTime:0.000020s ]
INFO: [ app_init ] --END-- [ RunTime:0.000469s ]

[ 2017-11-16T11:40:15+08:00 ] 124.228.25.66 /Admin/images/t2_r1_c5.jpg
INFO: [ app_init ] --START--
INFO: Run Behavior\BuildLiteBehavior [ RunTime:0.000020s ]
INFO: [ app_init ] --END-- [ RunTime:0.000467s ]

[ 2017-11-16T11:40:15+08:00 ] 124.228.25.66 /admin/images/top_tt_bg.gif
INFO: [ app_init ] --START--
INFO: Run Behavior\BuildLiteBehavior [ RunTime:0.000019s ]
INFO: [ app_init ] --END-- [ RunTime:0.000446s ]

[ 2017-11-16T11:40:15+08:00 ] 124.228.25.66 /admin/fckeditor/editor/ma_xc_ms_editor_server/browser.css
INFO: [ app_init ] --START--
INFO: Run Behavior\BuildLiteBehavior [ RunTime:0.000019s ]
INFO: [ app_init ] --END-- [ RunTime:0.000436s ]
INFO: [ app_begin ] --START--
INFO: Run Behavior\ReadHtmlCacheBehavior [ RunTime:0.000532s ]
INFO: [ app_begin ] --END-- [ RunTime:0.000604s ]
ERR: 无法加载控制器:Fckeditor

[ 2017-11-16T11:40:16+08:00 ] 124.228.25.66 /Admin/images/login_r4_c4_r1_c1.jpg
INFO: [ app_init ] --START--
INFO: Run Behavior\BuildLiteBehavior [ RunTime:0.000021s ]
INFO: [ app_init ] --END-- [ RunTime:0.000480s ]

[ 2017-11-16T11:40:17+08:00 ] 124.228.25.66 /admin/imgs/starno.gif
INFO: [ app_init ] --START--
INFO: Run Behavior\BuildLiteBehavior [ RunTime:0.000021s ]
INFO: [ app_init ] --END-- [ RunTime:0.000492s ]

[ 2017-11-16T11:40:19+08:00 ] 124.228.25.66 /admin/styles/general.css
INFO: [ app_init ] --START--
INFO: Run Behavior\BuildLiteBehavior [ RunTime:0.000020s ]
INFO: [ app_init ] --END-- [ RunTime:0.000480s ]
INFO: [ app_begin ] --START--
INFO: Run Behavior\ReadHtmlCacheBehavior [ RunTime:0.000554s ]
INFO: [ app_begin ] --END-- [ RunTime:0.000630s ]
ERR: 无法加载控制器:Styles

[ 2017-11-16T11:40:20+08:00 ] 124.228.25.66 /admin/imgs/admin.css
INFO: [ app_init ] --START--
INFO: Run Behavior\BuildLiteBehavior [ RunTime:0.000019s ]
INFO: [ app_init ] --END-- [ RunTime:0.000427s ]
INFO: [ app_begin ] --START--
INFO: Run Behavior\ReadHtmlCacheBehavior [ RunTime:0.000487s ]
INFO: [ app_begin ] --END-- [ RunTime:0.000564s ]
ERR: 无法加载控制器:Imgs

[ 2017-11-16T11:40:20+08:00 ] 124.228.25.66 /Admin/images/install_logo.jpg
INFO: [ app_init ] --START--
INFO: Run Behavior\BuildLiteBehavior [ RunTime:0.000021s ]
INFO: [ app_init ] --END-- [ RunTime:0.000484s ]

[ 2017-11-16T11:40:21+08:00 ] 124.228.25.66 /admin/imgs/custommenu.xml
INFO: [ app_init ] --START--
INFO: Run Behavior\BuildLiteBehavior [ RunTime:0.000019s ]
INFO: [ app_init ] --END-- [ RunTime:0.000440s ]
INFO: [ app_begin ] --START--
INFO: Run Behavior\ReadHtmlCacheBehavior [ RunTime:0.000531s ]
INFO: [ app_begin ] --END-- [ RunTime:0.000603s ]
ERR: 无法加载控制器:Imgs

[ 2017-11-16T11:40:21+08:00 ] 124.228.25.66 /Admin/Images/bg_admin.jpg
INFO: [ app_init ] --START--
INFO: Run Behavior\BuildLiteBehavior [ RunTime:0.000021s ]
INFO: [ app_init ] --END-- [ RunTime:0.000481s ]

[ 2017-11-16T11:40:21+08:00 ] 124.228.25.66 /Admin/images/al_end_right.gif
INFO: [ app_init ] --START--
INFO: Run Behavior\BuildLiteBehavior [ RunTime:0.000020s ]
INFO: [ app_init ] --END-- [ RunTime:0.000476s ]

[ 2017-11-16T11:40:22+08:00 ] 124.228.25.66 /admin/images/login/login_submit.gif
INFO: [ app_init ] --START--
INFO: Run Behavior\BuildLiteBehavior [ RunTime:0.000022s ]
INFO: [ app_init ] --END-- [ RunTime:0.000484s ]

[ 2017-11-16T11:40:22+08:00 ] 124.228.25.66 /admin/images/left_nav.jpg
INFO: [ app_init ] --START--
INFO: Run Behavior\BuildLiteBehavior [ RunTime:0.000021s ]
INFO: [ app_init ] --END-- [ RunTime:0.000473s ]

[ 2017-11-16T11:40:25+08:00 ] 124.228.25.66 /admin/images/watermark.png
INFO: [ app_init ] --START--
INFO: Run Behavior\BuildLiteBehavior [ RunTime:0.000020s ]
INFO: [ app_init ] --END-- [ RunTime:0.000486s ]

[ 2017-11-16T11:40:26+08:00 ] 124.228.25.66 /admin/images/admin_left_6.gif
INFO: [ app_init ] --START--
INFO: Run Behavior\BuildLiteBehavior [ RunTime:0.000019s ]
INFO: [ app_init ] --END-- [ RunTime:0.000444s ]

[ 2017-11-16T11:40:28+08:00 ] 124.228.25.66 /admin/images/menu_title3a.jpg
INFO: [ app_init ] --START--
INFO: Run Behavior\BuildLiteBehavior [ RunTime:0.000019s ]
INFO: [ app_init ] --END-- [ RunTime:0.000442s ]

[ 2017-11-16T11:40:33+08:00 ] 124.228.25.66 /admin/Images/folder_outbox.png
INFO: [ app_init ] --START--
INFO: Run Behavior\BuildLiteBehavior [ RunTime:0.000020s ]
INFO: [ app_init ] --END-- [ RunTime:0.000475s ]

[ 2017-11-16T11:40:33+08:00 ] 124.228.25.66 /admin/images/loginlogo.png
INFO: [ app_init ] --START--
INFO: Run Behavior\BuildLiteBehavior [ RunTime:0.000018s ]
INFO: [ app_init ] --END-- [ RunTime:0.000436s ]

[ 2017-11-16T11:40:33+08:00 ] 124.228.25.66 /admin/Tpl/default/ThemeFiles/Css/style.css
INFO: [ app_init ] --START--
INFO: Run Behavior\BuildLiteBehavior [ RunTime:0.000021s ]
INFO: [ app_init ] --END-- [ RunTime:0.000480s ]
INFO: [ app_begin ] --START--
INFO: Run Behavior\ReadHtmlCacheBehavior [ RunTime:0.000571s ]
INFO: [ app_begin ] --END-- [ RunTime:0.000648s ]
ERR: 无法加载控制器:Tpl

[ 2017-11-16T11:40:34+08:00 ] 124.228.25.66 /admin/Tpl/default/ThemeFiles/Js/common.js
INFO: [ app_init ] --START--
INFO: Run Behavior\BuildLiteBehavior [ RunTime:0.000019s ]
INFO: [ app_init ] --END-- [ RunTime:0.000439s ]
INFO: [ app_begin ] --START--
INFO: Run Behavior\ReadHtmlCacheBehavior [ RunTime:0.000534s ]
INFO: [ app_begin ] --END-- [ RunTime:0.000605s ]
ERR: 无法加载控制器:Tpl

[ 2017-11-16T11:40:34+08:00 ] 124.228.25.66 /admin/Tpl/default/ThemeFiles/Images/login/spacer.gif
INFO: [ app_init ] --START--
INFO: Run Behavior\BuildLiteBehavior [ RunTime:0.000021s ]
INFO: [ app_init ] --END-- [ RunTime:0.000467s ]

[ 2017-11-16T11:40:35+08:00 ] 124.228.25.66 /admin/otherpage/scripts/admin.js
INFO: [ app_init ] --START--
INFO: Run Behavior\BuildLiteBehavior [ RunTime:0.000021s ]
INFO: [ app_init ] --END-- [ RunTime:0.000477s ]
INFO: [ app_begin ] --START--
INFO: Run Behavior\ReadHtmlCacheBehavior [ RunTime:0.000553s ]
INFO: [ app_begin ] --END-- [ RunTime:0.000634s ]
ERR: 无法加载控制器:Otherpage

[ 2017-11-16T11:40:36+08:00 ] 124.228.25.66 /admin/Images/admin_tab_system.gif
INFO: [ app_init ] --START--
INFO: Run Behavior\BuildLiteBehavior [ RunTime:0.000020s ]
INFO: [ app_init ] --END-- [ RunTime:0.000453s ]

[ 2017-11-16T16:17:32+08:00 ] 124.228.25.66 /admin/Images/blockdevice.png
INFO: [ app_init ] --START--
INFO: Run Behavior\BuildLiteBehavior [ RunTime:0.000020s ]
INFO: [ app_init ] --END-- [ RunTime:0.000484s ]

[ 2017-11-16T16:17:45+08:00 ] 124.228.25.66 /admin/discuzfiles.md5
INFO: [ app_init ] --START--
INFO: Run Behavior\BuildLiteBehavior [ RunTime:0.000021s ]
INFO: [ app_init ] --END-- [ RunTime:0.000473s ]
INFO: [ app_begin ] --START--
INFO: Run Behavior\ReadHtmlCacheBehavior [ RunTime:0.000564s ]
INFO: [ app_begin ] --END-- [ RunTime:0.000641s ]
ERR: 无法加载控制器:Discuzfiles

[ 2017-11-16T16:17:47+08:00 ] 124.228.25.66 /admin/images/cutimg/style.css
INFO: [ app_init ] --START--
INFO: Run Behavior\BuildLiteBehavior [ RunTime:0.000022s ]
INFO: [ app_init ] --END-- [ RunTime:0.000485s ]
INFO: [ app_begin ] --START--
INFO: Run Behavior\ReadHtmlCacheBehavior [ RunTime:0.000568s ]
INFO: [ app_begin ] --END-- [ RunTime:0.000646s ]
ERR: 无法加载控制器:Images

[ 2017-11-16T16:17:48+08:00 ] 124.228.25.66 /admin/help/zh_cn/database.xml
INFO: [ app_init ] --START--
INFO: Run Behavior\BuildLiteBehavior [ RunTime:0.000020s ]
INFO: [ app_init ] --END-- [ RunTime:0.000465s ]
INFO: [ app_begin ] --START--
INFO: Run Behavior\ReadHtmlCacheBehavior [ RunTime:0.000552s ]
INFO: [ app_begin ] --END-- [ RunTime:0.000629s ]
ERR: 无法加载控制器:Help

[ 2017-11-16T16:17:49+08:00 ] 124.228.25.66 /admin/ecshopfiles.md5
INFO: [ app_init ] --START--
INFO: Run Behavior\BuildLiteBehavior [ RunTime:0.000021s ]
INFO: [ app_init ] --END-- [ RunTime:0.000476s ]
INFO: [ app_begin ] --START--
INFO: Run Behavior\ReadHtmlCacheBehavior [ RunTime:0.000567s ]
INFO: [ app_begin ] --END-- [ RunTime:0.000644s ]
ERR: 无法加载控制器:Ecshopfiles

[ 2017-11-16T16:17:49+08:00 ] 124.228.25.66 /admin/views/style/green/style.css
INFO: [ app_init ] --START--
INFO: Run Behavior\BuildLiteBehavior [ RunTime:0.000021s ]
INFO: [ app_init ] --END-- [ RunTime:0.000468s ]
INFO: [ app_begin ] --START--
INFO: Run Behavior\ReadHtmlCacheBehavior [ RunTime:0.000551s ]
INFO: [ app_begin ] --END-- [ RunTime:0.000628s ]
ERR: 无法加载控制器:Views

[ 2017-11-16T16:17:50+08:00 ] 124.228.25.66 /admin/views/style/green/style.css
INFO: [ app_init ] --START--
INFO: Run Behavior\BuildLiteBehavior [ RunTime:0.000022s ]
INFO: [ app_init ] --END-- [ RunTime:0.000500s ]
INFO: [ app_begin ] --START--
INFO: Run Behavior\ReadHtmlCacheBehavior [ RunTime:0.000557s ]
INFO: [ app_begin ] --END-- [ RunTime:0.000641s ]
ERR: 无法加载控制器:Views

[ 2017-11-16T16:17:50+08:00 ] 124.228.25.66 /Admin/Images/southidc.css
INFO: [ app_init ] --START--
INFO: Run Behavior\BuildLiteBehavior [ RunTime:0.000019s ]
INFO: [ app_init ] --END-- [ RunTime:0.000454s ]
INFO: [ app_begin ] --START--
INFO: Run Behavior\ReadHtmlCacheBehavior [ RunTime:0.000529s ]
INFO: [ app_begin ] --END-- [ RunTime:0.000601s ]
ERR: 无法加载控制器:Images

[ 2017-11-16T16:17:51+08:00 ] 124.228.25.66 /Admin/images/admin.js
INFO: [ app_init ] --START--
INFO: Run Behavior\BuildLiteBehavior [ RunTime:0.000021s ]
INFO: [ app_init ] --END-- [ RunTime:0.000470s ]
INFO: [ app_begin ] --START--
INFO: Run Behavior\ReadHtmlCacheBehavior [ RunTime:0.000561s ]
INFO: [ app_begin ] --END-- [ RunTime:0.000652s ]
ERR: 无法加载控制器:Images

[ 2017-11-16T16:17:52+08:00 ] 124.228.25.66 /admin/SouthidcEditor/Include/Editor.js
INFO: [ app_init ] --START--
INFO: Run Behavior\BuildLiteBehavior [ RunTime:0.000020s ]
INFO: [ app_init ] --END-- [ RunTime:0.000469s ]
INFO: [ app_begin ] --START--
INFO: Run Behavior\ReadHtmlCacheBehavior [ RunTime:0.000561s ]
INFO: [ app_begin ] --END-- [ RunTime:0.000639s ]
ERR: 无法加载控制器:SouthidcEditor

[ 2017-11-16T16:17:54+08:00 ] 124.228.25.66 /admin/system/images/login_background.jpg
INFO: [ app_init ] --START--
INFO: Run Behavior\BuildLiteBehavior [ RunTime:0.000020s ]
INFO: [ app_init ] --END-- [ RunTime:0.000476s ]

[ 2017-11-16T16:17:55+08:00 ] 124.228.25.66 /admin/images/icon_editstyle.gif
INFO: [ app_init ] --START--
INFO: Run Behavior\BuildLiteBehavior [ RunTime:0.000020s ]
INFO: [ app_init ] --END-- [ RunTime:0.000477s ]

[ 2017-11-16T16:17:56+08:00 ] 124.228.25.66 /admin/Image/Login_tit.gif
INFO: [ app_init ] --START--
INFO: Run Behavior\BuildLiteBehavior [ RunTime:0.000021s ]
INFO: [ app_init ] --END-- [ RunTime:0.000476s ]

[ 2017-11-16T16:17:57+08:00 ] 124.228.25.66 /admin/images/login_06.jpg
INFO: [ app_init ] --START--
INFO: Run Behavior\BuildLiteBehavior [ RunTime:0.000020s ]
INFO: [ app_init ] --END-- [ RunTime:0.000468s ]

[ 2017-11-16T16:17:57+08:00 ] 124.228.25.66 /admin/skin/images/topbg.gif
INFO: [ app_init ] --START--
INFO: Run Behavior\BuildLiteBehavior [ RunTime:0.000021s ]
INFO: [ app_init ] --END-- [ RunTime:0.000451s ]

[ 2017-11-16T16:17:58+08:00 ] 124.228.25.66 /admin/editor/xheditor_skin/default/img/tag-h4.gif
INFO: [ app_init ] --START--
INFO: Run Behavior\BuildLiteBehavior [ RunTime:0.000021s ]
INFO: [ app_init ] --END-- [ RunTime:0.000465s ]

[ 2017-11-16T16:18:01+08:00 ] 124.228.25.66 /admin/images/login/index_hz02.gif
INFO: [ app_init ] --START--
INFO: Run Behavior\BuildLiteBehavior [ RunTime:0.000020s ]
INFO: [ app_init ] --END-- [ RunTime:0.000441s ]

[ 2017-11-16T16:18:02+08:00 ] 124.228.25.66 /admin/images/login/index_hz03.gif
INFO: [ app_init ] --START--
INFO: Run Behavior\BuildLiteBehavior [ RunTime:0.000023s ]
INFO: [ app_init ] --END-- [ RunTime:0.000499s ]

[ 2017-11-16T16:18:02+08:00 ] 124.228.25.66 /admin/template/images/site_logo.png
INFO: [ app_init ] --START--
INFO: Run Behavior\BuildLiteBehavior [ RunTime:0.000020s ]
INFO: [ app_init ] --END-- [ RunTime:0.000450s ]

[ 2017-11-16T16:18:06+08:00 ] 124.228.25.66 /admin/images/bg-pay-return-success.gif
INFO: [ app_init ] --START--
INFO: Run Behavior\BuildLiteBehavior [ RunTime:0.000020s ]
INFO: [ app_init ] --END-- [ RunTime:0.000482s ]

[ 2017-11-16T16:18:07+08:00 ] 124.228.25.66 /admin/images/image_new.gif
INFO: [ app_init ] --START--
INFO: Run Behavior\BuildLiteBehavior [ RunTime:0.000021s ]
INFO: [ app_init ] --END-- [ RunTime:0.000461s ]

[ 2017-11-16T16:18:07+08:00 ] 124.228.25.66 /admin/images/admin_submit.jpg
INFO: [ app_init ] --START--
INFO: Run Behavior\BuildLiteBehavior [ RunTime:0.000019s ]
INFO: [ app_init ] --END-- [ RunTime:0.000455s ]

[ 2017-11-16T16:18:08+08:00 ] 124.228.25.66 /Admin/Images/Exit-Line.gif
INFO: [ app_init ] --START--
INFO: Run Behavior\BuildLiteBehavior [ RunTime:0.000021s ]
INFO: [ app_init ] --END-- [ RunTime:0.000478s ]

[ 2017-11-16T16:18:09+08:00 ] 124.228.25.66 /admin/ckeditor/images/spacer.gif
INFO: [ app_init ] --START--
INFO: Run Behavior\BuildLiteBehavior [ RunTime:0.000020s ]
INFO: [ app_init ] --END-- [ RunTime:0.000471s ]

[ 2017-11-16T16:18:10+08:00 ] 124.228.25.66 /admin/images/top_banner.jpg
INFO: [ app_init ] --START--
INFO: Run Behavior\BuildLiteBehavior [ RunTime:0.000019s ]
INFO: [ app_init ] --END-- [ RunTime:0.000453s ]

[ 2017-11-16T16:18:11+08:00 ] 124.228.25.66 /admin/images/left_menu.png
INFO: [ app_init ] --START--
INFO: Run Behavior\BuildLiteBehavior [ RunTime:0.000021s ]
INFO: [ app_init ] --END-- [ RunTime:0.000488s ]

[ 2017-11-16T16:18:12+08:00 ] 124.228.25.66 /admin/images/login_button.jpg
INFO: [ app_init ] --START--
INFO: Run Behavior\BuildLiteBehavior [ RunTime:0.000021s ]
INFO: [ app_init ] --END-- [ RunTime:0.000474s ]

[ 2017-11-16T16:18:13+08:00 ] 124.228.25.66 /admin/images/netgather_com.gif
INFO: [ app_init ] --START--
INFO: Run Behavior\BuildLiteBehavior [ RunTime:0.000021s ]
INFO: [ app_init ] --END-- [ RunTime:0.000481s ]

[ 2017-11-16T16:18:14+08:00 ] 124.228.25.66 /admin/templates/met/images/logosmall.gif
INFO: [ app_init ] --START--
INFO: Run Behavior\BuildLiteBehavior [ RunTime:0.000020s ]
INFO: [ app_init ] --END-- [ RunTime:0.000450s ]

[ 2017-11-16T16:18:15+08:00 ] 124.228.25.66 /Admin/images/t2_r1_c5.jpg
INFO: [ app_init ] --START--
INFO: Run Behavior\BuildLiteBehavior [ RunTime:0.000019s ]
INFO: [ app_init ] --END-- [ RunTime:0.000441s ]

[ 2017-11-16T16:18:15+08:00 ] 124.228.25.66 /admin/images/top_tt_bg.gif
INFO: [ app_init ] --START--
INFO: Run Behavior\BuildLiteBehavior [ RunTime:0.000020s ]
INFO: [ app_init ] --END-- [ RunTime:0.000454s ]

[ 2017-11-16T16:18:15+08:00 ] 124.228.25.66 /admin/fckeditor/editor/ma_xc_ms_editor_server/browser.css
INFO: [ app_init ] --START--
INFO: Run Behavior\BuildLiteBehavior [ RunTime:0.000020s ]
INFO: [ app_init ] --END-- [ RunTime:0.000469s ]
INFO: [ app_begin ] --START--
INFO: Run Behavior\ReadHtmlCacheBehavior [ RunTime:0.000551s ]
INFO: [ app_begin ] --END-- [ RunTime:0.000626s ]
ERR: 无法加载控制器:Fckeditor

[ 2017-11-16T16:18:15+08:00 ] 124.228.25.66 /Admin/images/login_r4_c4_r1_c1.jpg
INFO: [ app_init ] --START--
INFO: Run Behavior\BuildLiteBehavior [ RunTime:0.000018s ]
INFO: [ app_init ] --END-- [ RunTime:0.000429s ]

[ 2017-11-16T16:18:17+08:00 ] 124.228.25.66 /admin/imgs/starno.gif
INFO: [ app_init ] --START--
INFO: Run Behavior\BuildLiteBehavior [ RunTime:0.000019s ]
INFO: [ app_init ] --END-- [ RunTime:0.000443s ]

[ 2017-11-16T16:18:19+08:00 ] 124.228.25.66 /admin/styles/general.css
INFO: [ app_init ] --START--
INFO: Run Behavior\BuildLiteBehavior [ RunTime:0.000020s ]
INFO: [ app_init ] --END-- [ RunTime:0.000478s ]
INFO: [ app_begin ] --START--
INFO: Run Behavior\ReadHtmlCacheBehavior [ RunTime:0.000568s ]
INFO: [ app_begin ] --END-- [ RunTime:0.000644s ]
ERR: 无法加载控制器:Styles

[ 2017-11-16T16:18:20+08:00 ] 124.228.25.66 /admin/imgs/admin.css
INFO: [ app_init ] --START--
INFO: Run Behavior\BuildLiteBehavior [ RunTime:0.000021s ]
INFO: [ app_init ] --END-- [ RunTime:0.000476s ]
INFO: [ app_begin ] --START--
INFO: Run Behavior\ReadHtmlCacheBehavior [ RunTime:0.000552s ]
INFO: [ app_begin ] --END-- [ RunTime:0.000628s ]
ERR: 无法加载控制器:Imgs

[ 2017-11-16T16:18:20+08:00 ] 124.228.25.66 /Admin/images/install_logo.jpg
INFO: [ app_init ] --START--
INFO: Run Behavior\BuildLiteBehavior [ RunTime:0.000020s ]
INFO: [ app_init ] --END-- [ RunTime:0.000452s ]

[ 2017-11-16T16:18:21+08:00 ] 124.228.25.66 /admin/imgs/custommenu.xml
INFO: [ app_init ] --START--
INFO: Run Behavior\BuildLiteBehavior [ RunTime:0.000019s ]
INFO: [ app_init ] --END-- [ RunTime:0.000436s ]
INFO: [ app_begin ] --START--
INFO: Run Behavior\ReadHtmlCacheBehavior [ RunTime:0.000526s ]
INFO: [ app_begin ] --END-- [ RunTime:0.000598s ]
ERR: 无法加载控制器:Imgs

[ 2017-11-16T16:18:21+08:00 ] 124.228.25.66 /Admin/Images/bg_admin.jpg
INFO: [ app_init ] --START--
INFO: Run Behavior\BuildLiteBehavior [ RunTime:0.000019s ]
INFO: [ app_init ] --END-- [ RunTime:0.000454s ]

[ 2017-11-16T16:18:21+08:00 ] 124.228.25.66 /Admin/images/al_end_right.gif
INFO: [ app_init ] --START--
INFO: Run Behavior\BuildLiteBehavior [ RunTime:0.000021s ]
INFO: [ app_init ] --END-- [ RunTime:0.000470s ]

[ 2017-11-16T16:18:22+08:00 ] 124.228.25.66 /admin/images/login/login_submit.gif
INFO: [ app_init ] --START--
INFO: Run Behavior\BuildLiteBehavior [ RunTime:0.000021s ]
INFO: [ app_init ] --END-- [ RunTime:0.000471s ]

[ 2017-11-16T16:18:44+08:00 ] 124.228.25.66 /admin/images/watermark.png
INFO: [ app_init ] --START--
INFO: Run Behavior\BuildLiteBehavior [ RunTime:0.000021s ]
INFO: [ app_init ] --END-- [ RunTime:0.000479s ]

[ 2017-11-16T16:18:47+08:00 ] 124.228.25.66 /admin/images/admin_left_6.gif
INFO: [ app_init ] --START--
INFO: Run Behavior\BuildLiteBehavior [ RunTime:0.000022s ]
INFO: [ app_init ] --END-- [ RunTime:0.000490s ]

[ 2017-11-16T16:18:48+08:00 ] 124.228.25.66 /admin/images/menu_title3a.jpg
INFO: [ app_init ] --START--
INFO: Run Behavior\BuildLiteBehavior [ RunTime:0.000021s ]
INFO: [ app_init ] --END-- [ RunTime:0.000472s ]

[ 2017-11-16T16:18:53+08:00 ] 124.228.25.66 /admin/Images/folder_outbox.png
INFO: [ app_init ] --START--
INFO: Run Behavior\BuildLiteBehavior [ RunTime:0.000021s ]
INFO: [ app_init ] --END-- [ RunTime:0.000483s ]

[ 2017-11-16T16:18:53+08:00 ] 124.228.25.66 /admin/images/loginlogo.png
INFO: [ app_init ] --START--
INFO: Run Behavior\BuildLiteBehavior [ RunTime:0.000020s ]
INFO: [ app_init ] --END-- [ RunTime:0.000470s ]

[ 2017-11-16T16:18:54+08:00 ] 124.228.25.66 /admin/Tpl/default/ThemeFiles/Css/style.css
INFO: [ app_init ] --START--
INFO: Run Behavior\BuildLiteBehavior [ RunTime:0.000021s ]
INFO: [ app_init ] --END-- [ RunTime:0.000473s ]
INFO: [ app_begin ] --START--
INFO: Run Behavior\ReadHtmlCacheBehavior [ RunTime:0.000573s ]
INFO: [ app_begin ] --END-- [ RunTime:0.000650s ]
ERR: 无法加载控制器:Tpl

[ 2017-11-16T16:18:54+08:00 ] 124.228.25.66 /admin/Tpl/default/ThemeFiles/Js/common.js
INFO: [ app_init ] --START--
INFO: Run Behavior\BuildLiteBehavior [ RunTime:0.000018s ]
INFO: [ app_init ] --END-- [ RunTime:0.000446s ]
INFO: [ app_begin ] --START--
INFO: Run Behavior\ReadHtmlCacheBehavior [ RunTime:0.000534s ]
INFO: [ app_begin ] --END-- [ RunTime:0.000605s ]
ERR: 无法加载控制器:Tpl

[ 2017-11-16T16:18:54+08:00 ] 124.228.25.66 /admin/Tpl/default/ThemeFiles/Images/login/spacer.gif
INFO: [ app_init ] --START--
INFO: Run Behavior\BuildLiteBehavior [ RunTime:0.000021s ]
INFO: [ app_init ] --END-- [ RunTime:0.000478s ]

[ 2017-11-16T16:18:54+08:00 ] 124.228.25.66 /admin/otherpage/scripts/admin.js
INFO: [ app_init ] --START--
INFO: Run Behavior\BuildLiteBehavior [ RunTime:0.000031s ]
INFO: [ app_init ] --END-- [ RunTime:0.000493s ]
INFO: [ app_begin ] --START--
INFO: Run Behavior\ReadHtmlCacheBehavior [ RunTime:0.000551s ]
INFO: [ app_begin ] --END-- [ RunTime:0.000636s ]
ERR: 无法加载控制器:Otherpage

[ 2017-11-16T16:18:55+08:00 ] 124.228.25.66 /admin/Images/admin_tab_system.gif
INFO: [ app_init ] --START--
INFO: Run Behavior\BuildLiteBehavior [ RunTime:0.000022s ]
INFO: [ app_init ] --END-- [ RunTime:0.000479s ]

